18.9036
0.416527
-1.14156
-3.11406
-2.06299
-2.51437
-2.33401
-2.16137
-2.30553
-2.10956
-2.15607
-2.05289
-1.30935
-1.14592
-1.52588
-1.66112
-1.60968
-1.51749
-1.39255
-1.69982
-1.57636
-1.46973
-0.9962
-1.54784
-1.67911
-1.03248
-0.983281
-1.08914
-1.23577
-1.31714
-1.81677
-1.25942
-1.53955
-1.44584
-1.56914
-1.64125
-1.31622
-1.79941
-1.89454
-2.69555
-2.1055
-1.86773
-1.50167
-1.86864
-1.54853
-1.83754
-1.61221
-1.74323
-1.64642
-1.50612
-1.84066
-2.53349
-2.11878
-1.71727
-1.88006
-1.65384
-1.91398
-2.40172
-2.43094
-1.92157
-1.96489
-1.851
-1.80855
-1.78722
-2.01721
-2.54049
-2.73895
-2.31512
-2.24307
-2.26981
-1.99968
-2.00609
-2.31821
-2.08635
-1.89084
-2.11635
-2.35729
-2.47923
-2.7787
-2.08386
-2.51433
-2.42709
-2.40898
-2.46427
-2.01374
-2.30337
-2.37662
-2.5434
-2.35812
-2.5161
-2.48596
-2.35578
-2.60489
-2.12458
-2.39001
-2.49921
-2.59108
-2.40223
-2.74602
-2.84088
-2.23968
-2.31066
-1.96149
-2.65394
-2.46609
-2.48758
-2.86918
-2.66634
-2.55184
-2.53206
-2.51053
-2.67181
-2.95485
-2.81899
-2.49099
-2.59225
-2.52505
-2.96467
-3.01509
0
0
0
0
0
0
0
0
0
0
0
23.8212
-2.46815
-3.08222
-3.09896
-3.78396
-3.67346
-3.7917
-3.49267
-3.05648
-3.5368
-2.75181
-2.73477
-3.01646
-3.36124
-3.08797
-3.67995
-2.76204
-3.34189
-3.40521
-3.38601
-3.4285
-3.04507
-2.95987
-3.4026
-3.23272
-3.27825
-3.22622
-2.85881
-3.08347
-3.12216
-3.07832
-2.44398
-2.87713
-3.0316
-3.29441
-3.04816
-3.57769
-2.86072
-3.49699
-3.22596
-3.10156
-2.88047
-3.26935
-3.1946
-3.28249
-3.16653
-2.81075
-2.82927
-3.0807
-2.58672
-2.98754
-3.435
-3.24189
-3.05855
-3.10249
-2.92566
-2.68956
-2.72559
-2.71824
-2.96063
-2.85636
-2.83246
6.89491
-3.3587
-2.61107
-3.71661
-3.51015
-3.4252
-3.25876
-3.35366
-3.26104
-3.42886
-3.31713
-3.08949
-2.90609
-2.55408
-3.52912
-2.90397
-3.19849
-4.15811
-3.32949
-3.44244
-3.37446
-3.11216
-3.20797
-3.11458
-3.06315
-3.20705
-2.96935
-2.90332
-3.26134
-3.25444
-2.64362
-3.61766
-3.11305
-2.70195
-2.71253
-3.13858
-3.069
-2.70217
-2.89906
-3.09311
-3.22327
-2.68079
-2.71767
-3.09693
-3.19795
-3.06302
-3.28554
-3.45894
-3.30592
-2.57367
-3.20914
-3.01081
-2.81148
-2.83293
-2.93444
-3.32121
-2.72987
-2.51037
-2.67229
-2.88246
-2.97728
-2.75581
-2.43672
-2.08792
-2.45424
-2.80648
-3.08403
-2.78096
-2.37082
-2.38667
-2.48278
-2.96567
-3.05441
-2.71853
-2.67585
-2.9376
-2.83333
-2.8188
-3.39672
-2.83903
-2.9706
-2.82015
-2.77381
-2.22752
-2.2104
-0.953968
