10.4992
7.3867
7.00309
6.42299
6.29825
6.27262
6.24658
6.2162
6.17892
6.14932
6.11264
6.082
6.05796
6.03092
5.98803
5.94757
5.91773
5.88989
5.86223
5.83449
5.80305
5.77085
5.75113
5.7161
5.69374
5.66698
5.64194
5.61314
5.59446
5.56328
5.53952
5.51594
5.4889
5.46007
5.43457
5.40877
5.38807
5.35913
5.33019
5.30173
5.27843
5.25321
5.23632
5.21162
5.18028
5.16328
5.1371
5.11656
5.0938
5.07097
5.03793
5.00635
4.98533
4.96991
4.94085
4.91699
4.88967
4.85781
4.82495
4.81602
4.79332
4.77228
4.74456
4.721
4.6959
4.65639
4.64623
4.61683
4.59795
4.57307
4.53691
4.51895
4.50181
4.47415
4.45305
4.43413
4.40903
4.37688
4.35976
4.33666
4.30872
4.28858
4.2645
4.24028
4.22728
4.19517
4.16995
4.14563
4.12145
4.09033
4.06574
4.04284
4.0214
4.0135
3.97868
3.9571
3.93156
3.91002
3.88702
3.86984
3.84715
3.81603
3.80359
3.76993
3.75853
3.72939
3.69773
3.68047
3.66253
3.64029
3.61659
3.58835
3.55585
3.53683
3.51341
3.48806
3.46794
3.44204
3.42118
3.42118
3.42118
3.42118
3.42118
3.42118
3.42118
3.42118
3.42118
3.42118
3.42118
3.42118
6.00762
3.37382
3.28052
3.30658
3.30338
3.29
3.28712
3.26876
3.25164
3.22016
3.20699
3.18371
3.15239
3.11795
3.09641
3.05639
3.04241
3.00019
2.97731
2.96267
2.92917
2.92146
2.89928
2.87226
2.84058
2.81626
2.7951
2.78016
2.75262
2.72366
2.7115
2.68191
2.65995
2.63643
2.60659
2.58017
2.57539
2.54331
2.51449
2.49463
2.47313
2.44287
2.41526
2.40034
2.38594
2.36674
2.3412
2.30606
2.28166
2.27416
2.2437
2.21646
2.18958
2.16323
2.13985
2.13069
2.10967
2.07799
2.04899
2.03167
2.01023
1.98607
3.41007
2.39375
1.94203
1.89283
1.86125
1.84367
1.82961
1.81121
1.78935
1.77274
1.74748
1.7227
1.69942
1.672
1.63028
1.60602
1.58522
1.55256
1.53698
1.52056
1.49872
1.47374
1.45456
1.42738
1.40406
1.3911
1.36478
1.3346
1.30768
1.29448
1.26614
1.23154
1.22182
1.20802
1.18044
1.14653
1.12221
1.10961
1.08325
1.05677
1.03975
1.01849
0.98949
0.96331
0.940471
0.907371
0.883692
0.867552
0.840112
0.823131
0.790732
0.776732
0.750472
0.730892
0.704632
0.683132
0.665432
0.648152
0.620972
0.594072
0.576251
0.551371
0.528011
0.514711
0.481131
0.459071
0.421632
0.408452
0.393092
0.365752
0.347752
0.313912
0.291732
0.277191
0.241532
0.215992
0.197352
0.180313
0.143014
0.131454
0.118214
0.0931146
0.0701156
0.0529556
0.0349556
1.03914
