0.090312	0.20186	0.265966	0.303665	0.327608	0.343189	0.354029	0.362117	0.368358	0.373138	0.376786	0.37913	0.380368	0.380498	0.379522	0.376727	0.371352	0.362017	0.346965	0.324386	0.292463	0.248618	0.184089	0.0920819
0.0725244	0.524487	0.763602	0.901412	0.980422	1.02506	1.051	1.06708	1.07755	1.08426	1.08786	1.08842	1.08586	1.08049	1.07271	1.06168	1.04363	1.01194	0.959344	0.879658	0.767255	0.615097	0.405969	0.0664164
0.0799441	0.589575	0.862548	1.02015	1.11047	1.16109	1.18969	1.20645	1.21669	1.22288	1.22564	1.22449	1.21894	1.20968	1.19808	1.18394	1.16285	1.12648	1.0658	0.973663	0.844446	0.671801	0.438394	0.0703645
0.0797841	0.588324	0.860225	1.0167	1.10613	1.15651	1.18581	1.20395	1.21545	1.22198	1.22334	1.21837	1.20635	1.19027	1.17584	1.16642	1.15633	1.13137	1.0767	0.983253	0.847705	0.66749	0.429642	0.0682094
0.0725106	0.524016	0.762065	0.898607	0.976431	1.02026	1.0459	1.06198	1.07231	1.07836	1.08068	1.07957	1.07534	1.069	1.06163	1.05268	1.03778	1.00915	0.958359	0.878764	0.765212	0.611771	0.402459	0.0656262
0.0917427	0.203065	0.264921	0.299571	0.32042	0.333764	0.343916	0.352738	0.359985	0.365186	0.368358	0.370372	0.371825	0.37293	0.373502	0.372797	0.369165	0.360937	0.345806	0.322045	0.288172	0.24223	0.17656	0.0863831
0.0914268	0.202608	0.265577	0.302089	0.324834	0.33949	0.349793	0.357651	0.363915	0.368879	0.372579	0.3748	0.375618	0.375353	0.374393	0.372357	0.368288	0.360405	0.346282	0.324104	0.292051	0.248023	0.183868	0.0924279
0.158964	0.348272	0.446819	0.499807	0.531876	0.553064	0.569497	0.583556	0.59558	0.604762	0.610797	0.614118	0.615023	0.614495	0.613871	0.613559	0.610811	0.601471	0.579801	0.54286	0.487794	0.411681	0.30114	0.14671
0.111976	0.7624	1.08116	1.25787	1.35789	1.41553	1.45076	1.47383	1.48918	1.49848	1.50271	1.50278	1.49942	1.49292	1.48274	1.46697	1.44154	1.4004	1.33611	1.24031	1.10245	0.907308	0.621991	0.109665
0.142993	0.693388	0.932349	1.05955	1.133	1.17744	1.20596	1.2253	1.23859	1.24735	1.25282	1.25635	1.25894	1.25991	1.25673	1.24611	1.22484	1.18968	1.1363	1.05889	0.949192	0.794674	0.563105	0.133233
0.139115	0.751384	1.03089	1.18283	1.27059	1.32266	1.35434	1.37386	1.38561	1.39192	1.39405	1.39271	1.38836	1.38158	1.3725	1.36	1.34049	1.30781	1.25426	1.17148	1.04937	0.875267	0.615292	0.13485
0.141985	0.68751	0.925044	1.05219	1.12626	1.17141	1.20022	1.21877	1.22961	1.23388	1.2333	1.23058	1.22816	1.2268	1.22514	1.22044	1.20797	1.18105	1.13228	1.05475	0.941631	0.782967	0.550353	0.129918
0.110931	0.754595	1.07041	1.246	1.34596	1.40402	1.43961	1.46245	1.47657	1.48354	1.48476	1.48198	1.4768	1.46995	1.46093	1.44751	1.42516	1.38718	1.32562	1.23195	1.09582	0.902372	0.619136	0.109236
0.154103	0.338806	0.438234	0.494537	0.530187	0.553779	0.570054	0.581351	0.589212	0.594194	0.597093	0.598328	0.598404	0.597888	0.596915	0.59461	0.589231	0.577965	0.556723	0.522803	0.473251	0.403635	0.299726	0.148734
0.0905057	0.201376	0.264472	0.301132	0.324002	0.338698	0.348729	0.356031	0.361588	0.365817	0.368678	0.370331	0.370817	0.370469	0.369071	0.366536	0.362042	0.353977	0.34025	0.319064	0.288629	0.246075	0.183002	0.0919442
0.0727934	0.526357	0.766106	0.904143	0.983106	1.0275	1.05307	1.06873	1.07885	1.08538	1.08895	1.08953	1.08702	1.0819	1.07481	1.06505	1.04856	1.01815	0.965944	0.885516	0.771453	0.617319	0.406569	0.0664061
0.111814	0.760253	1.0766	1.25091	1.34873	1.40451	1.43828	1.46031	1.475	1.48398	1.4881	1.48819	1.48494	1.47889	1.46995	1.4564	1.43369	1.39476	1.3312	1.2345	1.0948	0.898276	0.613849	0.108076
0.146295	0.702938	0.92709	1.0437	1.11153	1.15438	1.18439	1.20704	1.22391	1.23521	1.24147	1.24392	1.24376	1.24176	1.23801	1.23143	1.21844	1.19317	1.14878	1.07855	0.974279	0.823689	0.59292	0.138922
0.152128	0.889671	1.19591	1.3507	1.43678	1.48891	1.52363	1.54843	1.56635	1.57867	1.5862	1.5898	1.59014	1.58751	1.58148	1.57055	1.55155	1.51942	1.46707	1.38499	1.25896	1.06781	0.760603	0.151955
0.162281	0.813124	1.0697	1.19829	1.27081	1.31542	1.34466	1.3646	1.37862	1.38877	1.39595	1.40018	1.40124	1.39917	1.39409	1.38535	1.37102	1.34828	1.30906	1.24567	1.13541	0.966837	0.703463	0.156132
0.1625	0.815667	1.06851	1.19292	1.26288	1.30655	1.336	1.35643	1.37011	1.37831	1.38236	1.38378	1.38388	1.38312	1.38092	1.37568	1.3645	1.34271	1.30303	1.23469	1.11997	0.945246	0.685773	0.155946
0.154278	0.894294	1.19681	1.34734	1.43024	1.48085	1.51553	1.54073	1.55816	1.56809	1.57177	1.5717	1.57026	1.56827	1.56471	1.55719	1.54175	1.51264	1.46254	1.38183	1.2569	1.06705	0.762576	0.154066
0.144936	0.69629	0.920007	1.03792	1.10815	1.15398	1.18682	1.21159	1.22982	1.24182	1.24816	1.24993	1.2483	1.24431	1.2385	1.23036	1.21692	1.19279	1.15166	1.0866	0.988469	0.843166	0.61359	0.145451
0.112381	0.763853	1.08064	1.25404	1.35054	1.40538	1.4388	1.46075	1.47494	1.48236	1.48371	1.48029	1.47346	1.4642	1.45251	1.43694	1.41372	1.37676	1.31834	1.22966	1.09927	0.910505	0.628624	0.111482
0.0743652	0.53708	0.778821	0.915293	0.991248	1.0329	1.0569	1.07214	1.0822	1.08813	1.0902	1.0887	1.08406	1.07715	1.06873	1.05826	1.04191	1.01279	0.96316	0.88624	0.775755	0.623936	0.412896	0.0676381
0.0812296	0.600598	0.879894	1.04207	1.13576	1.18874	1.21885	1.23641	1.24678	1.25251	1.25442	1.25238	1.24616	1.23666	1.22542	1.21242	1.1931	1.15869	1.09955	1.00791	0.877464	0.700877	0.45926	0.0736871
0.14223	0.686829	0.922469	1.04773	1.11985	1.16306	1.18997	1.20744	1.21929	1.22772	1.23384	1.23816	1.24095	1.2419	1.24006	1.2334	1.21789	1.18747	1.13536	1.05499	0.93965	0.779391	0.546137	0.128184
0.153585	0.894672	1.19811	1.3487	1.43077	1.47984	1.51273	1.53666	1.55388	1.56494	1.57072	1.57288	1.57297	1.57158	1.56798	1.56011	1.54383	1.51292	1.4595	1.37397	1.24351	1.04914	0.743967	0.148801
0.277181	0.62127	0.790402	0.876136	0.926313	0.960389	0.987936	1.01222	1.03214	1.04615	1.05398	1.05802	1.06048	1.06283	1.065	1.06586	1.06161	1.04591	1.01245	0.95435	0.866019	0.738831	0.547976	0.270383
0.163557	0.860722	1.13606	1.27114	1.3446	1.38835	1.41715	1.43834	1.45645	1.47421	1.49065	1.50142	1.50238	1.49471	1.48456	1.47691	1.46925	1.4515	1.41064	1.3332	1.20111	1.00249	0.717243	0.156992
0.162961	0.924051	1.22641	1.37256	1.45119	1.49848	1.53057	1.55417	1.57191	1.58486	1.59354	1.59834	1.59966	1.59811	1.59439	1.58809	1.57642	1.55354	1.50835	1.42101	1.20806	0.870318	0.597591	0.110926
0.167615	0.880528	1.15802	1.29157	1.36359	1.40791	1.43987	1.46498	1.48383	1.49584	1.50171	1.50376	1.50447	1.50548	1.50725	1.50881	1.5052	1.48709	1.4424	1.35808	1.21672	1.00767	0.712457	0.154276
0.312016	0.6839	0.853827	0.931098	0.97223	1.00021	1.02558	1.0508	1.07242	1.08695	1.09413	1.09734	1.10016	1.10407	1.10742	1.10885	1.10545	1.09148	1.06263	1.01179	0.93144	0.808895	0.611203	0.306047
0.156942	0.906464	1.20733	1.3524	1.42881	1.47409	1.50604	1.53145	1.55106	1.56384	1.56975	1.57042	1.56776	1.56295	1.55596	1.54567	1.52911	1.5013	1.45516	1.38095	1.26371	1.08071	0.778406	0.158187
0.149394	0.720801	0.957371	1.07412	1.13512	1.1695	1.19317	1.21251	1.22745	1.23603	1.23812	1.23611	1.23254	1.22859	1.22374	1.21639	1.20305	1.17837	1.13573	1.06796	0.966059	0.816444	0.584542	0.139671
0.083558	0.616128	0.898353	1.05839	1.14778	1.19667	1.22424	1.24091	1.25116	1.25644	1.25703	1.25302	1.2447	1.23341	1.22092	1.20737	1.1884	1.15546	1.09891	1.01062	0.883445	0.708829	0.466544	0.0751413
0.0805956	0.596235	0.874597	1.03715	1.13187	1.18609	1.21738	1.2359	1.24695	1.25308	1.25508	1.25277	1.24591	1.23551	1.22336	1.20965	1.18995	1.15553	1.09671	1.00566	0.87595	0.700072	0.458965	0.0736538
0.139234	0.752358	1.03349	1.1876	1.27764	1.3316	1.36452	1.3848	1.39736	1.40503	1.40911	1.40997	1.40763	1.40226	1.39381	1.38109	1.36066	1.32675	1.27192	1.18784	1.06411	0.88756	0.623597	0.13618
0.16412	0.820349	1.07169	1.19347	1.26065	1.30158	1.32889	1.34817	1.36188	1.37123	1.37709	1.38027	1.38143	1.38092	1.37844	1.3727	1.36073	1.33768	1.29612	1.22536	1.10827	0.932426	0.674492	0.153448
0.16938	0.890002	1.16616	1.29504	1.36085	1.39902	1.42641	1.44921	1.46758	1.48001	1.4864	1.48863	1.48882	1.48885	1.48993	1.49164	1.48851	1.46974	1.42232	1.33317	1.1867	0.974802	0.683873	0.147388
0.159926	0.879783	1.16093	1.29826	1.37333	1.41949	1.45196	1.47706	1.49694	1.51211	1.52271	1.52911	1.53176	1.53155	1.52938	1.52491	1.5148	1.49246	1.44898	1.37348	1.25219	1.06709	0.77479	0.165396
0.301787	0.647164	0.817704	0.905095	0.957106	0.991715	1.01768	1.03829	1.05514	1.06904	1.08024	1.08889	1.0945	1.09651	1.0968	1.09604	1.09184	1.07955	1.05235	1.00161	0.914183	0.783008	0.594905	0.310791
0.310836	0.661897	0.82915	0.911373	0.958621	0.990714	1.01695	1.04038	1.06038	1.07578	1.08565	1.09187	1.09637	1.1005	1.10457	1.10734	1.10677	1.10184	1.08262	1.03616	0.953634	0.827821	0.629158	0.324988
0.165074	0.899684	1.17901	1.31157	1.38218	1.42588	1.45836	1.48523	1.50695	1.52263	1.53237	1.53787	1.54115	1.54327	1.54396	1.5417	1.5335	1.51437	1.47602	1.40707	1.29293	1.11285	0.815428	0.17585
0.169122	0.88491	1.15753	1.2836	1.34807	1.38726	1.41842	1.44723	1.47259	1.49172	1.5031	1.50726	1.50539	1.4997	1.49297	1.48681	1.4785	1.46053	1.4221	1.35005	1.22498	1.03192	0.74562	0.16475
0.166948	0.831811	1.08505	1.20489	1.26769	1.30496	1.33095	1.35151	1.36775	1.37918	1.38563	1.38782	1.38674	1.38314	1.37725	1.36858	1.35546	1.33544	1.30067	1.24312	1.13951	0.976768	0.715959	0.160032
0.14513	0.783649	1.06752	1.21546	1.296	1.34115	1.36839	1.38643	1.39875	1.40633	1.40945	1.40841	1.4036	1.39568	1.38526	1.37178	1.35222	1.32096	1.27047	1.19198	1.07411	0.902022	0.638506	0.140175
0.0823468	0.607933	0.888787	1.05001	1.14148	1.19207	1.22031	1.23676	1.24672	1.25244	1.25431	1.25184	1.24461	1.2337	1.22114	1.20739	1.18818	1.15478	1.09738	1.00788	0.879492	0.704239	0.462562	0.0743584
0.0719849	0.521021	0.75967	0.898255	0.978599	1.02459	1.05154	1.06816	1.07878	1.08541	1.08873	1.08876	1.08536	1.0791	1.07083	1.06008	1.04293	1.01237	0.960625	0.881205	0.768501	0.615706	0.40595	0.0663246
0.138921	0.672965	0.90817	1.03641	1.11285	1.1606	1.19153	1.21207	1.22588	1.2351	1.2407	1.24293	1.24181	1.23763	1.2307	1.22035	1.20317	1.17309	1.123	1.0462	0.93533	0.779642	0.549275	0.12957
0.161386	0.807188	1.0626	1.1917	1.26544	1.31161	1.34222	1.36325	1.37793	1.38816	1.39478	1.39787	1.39736	1.39362	1.38715	1.37768	1.36323	1.34061	1.30137	1.23766	1.12725	0.959143	0.697506	0.155032
0.163741	0.929867	1.23478	1.38266	1.4623	1.50979	1.54126	1.56372	1.58014	1.59179	1.59922	1.60276	1.60277	1.59998	1.59512	1.58777	1.57484	1.5499	1.50179	1.41105	1.19557	0.858461	0.587516	0.109057
0.301844	0.649654	0.821622	0.909519	0.961647	0.996092	1.02134	1.04128	1.05767	1.07118	1.08127	1.0884	1.09303	1.09601	1.09748	1.09707	1.09293	1.08	1.05146	0.998319	0.908603	0.775593	0.587564	0.306952
0.156307	0.66344	0.864588	0.971104	1.03498	1.07711	1.10756	1.13095	1.14923	1.16321	1.17335	1.18012	1.18388	1.18509	1.18427	1.18113	1.17303	1.15473	1.11941	1.05965	0.966884	0.829566	0.615873	0.169407
0.136014	0.808503	1.10998	1.27314	1.36666	1.42423	1.46367	1.49322	1.51588	1.53254	1.54382	1.55084	1.55464	1.55575	1.55405	1.54822	1.53507	1.50924	1.46231	1.3835	1.25844	1.06769	0.76905	0.156612
0.162202	0.669425	0.865832	0.969051	1.03014	1.07024	1.09971	1.12316	1.14194	1.15631	1.16663	1.17391	1.17917	1.18284	1.1846	1.1834	1.17711	1.16212	1.13205	1.07906	0.99374	0.862931	0.650173	0.18366
0.308379	0.657981	0.826045	0.910137	0.959346	0.992409	1.0178	1.0387	1.056	1.06994	1.08004	1.08796	1.09567	1.10361	1.11038	1.11294	1.10998	1.10238	1.08216	1.03618	0.95562	0.831782	0.632797	0.32542
0.164809	0.933651	1.23435	1.37563	1.449	1.49263	1.5237	1.54871	1.56891	1.58376	1.5931	1.59791	1.59949	1.59862	1.59518	1.58808	1.5751	1.552	1.50856	1.42473	1.21596	0.880671	0.607467	0.112998
0.163394	0.817879	1.06666	1.18492	1.24826	1.28622	1.31201	1.33131	1.34615	1.35712	1.36449	1.36859	1.36976	1.36826	1.36406	1.35642	1.34331	1.32106	1.28304	1.21854	1.10925	0.940504	0.686009	0.156685
0.143438	0.692979	0.928807	1.05221	1.12147	1.16151	1.18561	1.20115	1.21236	1.22159	1.22913	1.23368	1.23377	1.22953	1.22241	1.21291	1.19791	1.17073	1.12358	1.04923	0.940332	0.785869	0.555795	0.131745
0.0728888	0.527451	0.767782	0.90591	0.984503	1.02817	1.0528	1.06752	1.07694	1.0831	1.08651	1.08681	1.08363	1.07743	1.06918	1.05864	1.04204	1.01223	0.96126	0.882487	0.770205	0.617525	0.407463	0.0665961
0.0904899	0.201174	0.264316	0.301232	0.324434	0.339437	0.349722	0.357212	0.362758	0.366901	0.369799	0.371711	0.372345	0.37205	0.370985	0.368767	0.364172	0.355876	0.341779	0.320099	0.289132	0.246264	0.183101	0.0922602
0.110768	0.753852	1.06959	1.24554	1.34593	1.40409	1.43917	1.46117	1.47472	1.48194	1.48417	1.48265	1.47823	1.47118	1.46082	1.4451	1.41997	1.37962	1.31684	1.22341	1.08872	0.897425	0.616604	0.109028
0.151664	0.877142	1.17546	1.3256	1.40919	1.46013	1.49403	1.5179	1.53478	1.5461	1.55263	1.55508	1.55401	1.54981	1.54237	1.53068	1.51186	1.48091	1.43093	1.35261	1.23203	1.04821	0.750872	0.151901
0.165926	0.873117	1.15133	1.28734	1.36137	1.40616	1.43674	1.45976	1.47812	1.49301	1.50387	1.50885	1.50638	1.49812	1.48849	1.48091	1.47239	1.45328	1.41116	1.33268	1.20012	1.0014	0.716259	0.156866
0.299475	0.64852	0.824677	0.917403	0.973975	1.01142	1.03774	1.05704	1.07212	1.08464	1.09544	1.10397	1.10941	1.11178	1.11234	1.11194	1.10794	1.09481	1.06533	1.01012	0.916856	0.779588	0.586944	0.302974
0.13766	0.836954	1.14838	1.31154	1.40115	1.45376	1.48858	1.51435	1.534	1.54814	1.55725	1.56243	1.56472	1.56465	1.56181	1.5546	1.53937	1.51015	1.45882	1.37495	1.24478	1.04963	0.749386	0.149233
0.141193	0.660095	0.861118	0.964773	1.02568	1.06555	1.0946	1.11743	1.13576	1.15025	1.16133	1.16953	1.1753	1.17889	1.18031	1.17891	1.17256	1.15783	1.12939	1.08087	1.00188	0.875753	0.659158	0.163087
0.216161	0.517531	0.690005	0.784479	0.84163	0.879506	0.907337	0.929434	0.947412	0.961701	0.97274	0.981376	0.98841	0.994015	0.997627	0.998143	0.99367	0.982249	0.958041	0.918004	0.848907	0.740874	0.55034	0.261249
0.136909	0.812867	1.11362	1.27479	1.36591	1.42097	1.45801	1.48573	1.50772	1.52514	1.53815	1.54699	1.55199	1.55358	1.55189	1.54595	1.53297	1.50777	1.4614	1.38255	1.25719	1.06602	0.766542	0.155848
0.307968	0.65761	0.825196	0.908151	0.956164	0.988493	1.01417	1.03675	1.05678	1.07342	1.08561	1.09428	1.1004	1.10498	1.10816	1.10914	1.10613	1.09881	1.07724	1.02806	0.94301	0.815144	0.615411	0.314312
0.164303	0.866661	1.13807	1.26587	1.3326	1.3731	1.40399	1.43112	1.4542	1.47117	1.4814	1.48633	1.48776	1.48702	1.48451	1.47965	1.46914	1.44657	1.40226	1.32388	1.19285	0.996113	0.712129	0.155081
0.150872	0.877371	1.17437	1.32104	1.4	1.44606	1.47573	1.49649	1.51132	1.52139	1.52741	1.53017	1.53026	1.52788	1.52252	1.51274	1.49541	1.46549	1.41591	1.33735	1.21642	1.03289	0.738323	0.148946
0.110568	0.754051	1.0711	1.24799	1.34839	1.40526	1.4377	1.4563	1.46681	1.47227	1.47414	1.47295	1.46891	1.46213	1.45234	1.43792	1.4148	1.37643	1.31482	1.22145	1.08603	0.893893	0.613032	0.10818
0.0895324	0.199604	0.263029	0.300622	0.324406	0.33982	0.350205	0.357572	0.362948	0.367002	0.369887	0.371642	0.372453	0.372428	0.37149	0.369207	0.364773	0.356489	0.342429	0.320692	0.289618	0.246638	0.183396	0.0923509
0.156258	0.343567	0.443242	0.498443	0.532683	0.555071	0.570677	0.581891	0.589523	0.594045	0.596131	0.597087	0.598204	0.59946	0.600298	0.599408	0.594104	0.582315	0.560912	0.527144	0.478046	0.408581	0.30409	0.151423
0.1489	0.715922	0.939063	1.05138	1.11431	1.15298	1.18026	1.20147	1.21764	1.22847	1.23458	1.23784	1.23989	1.24065	1.23829	1.23021	1.21338	1.18437	1.13894	1.07111	0.97175	0.82679	0.600003	0.141814
0.295335	0.652516	0.820813	0.901577	0.946685	0.97622	0.999009	1.01787	1.03326	1.04471	1.05263	1.05771	1.06144	1.06421	1.06495	1.06353	1.05812	1.04368	1.01651	0.969585	0.895605	0.781414	0.594433	0.299529
0.158637	0.870308	1.14476	1.27647	1.3468	1.38903	1.41819	1.44055	1.45833	1.47221	1.48243	1.48922	1.49285	1.49378	1.49235	1.48804	1.47816	1.45744	1.4183	1.3502	1.23856	1.06365	0.778108	0.166782
0.16364	0.693026	0.889236	0.98215	1.03043	1.05976	1.08354	1.10632	1.1267	1.1418	1.15103	1.15663	1.16088	1.16452	1.16649	1.16486	1.15677	1.13832	1.10399	1.04675	0.957621	0.824202	0.613529	0.168437
0.14483	0.689018	0.89316	0.9921	1.04638	1.08058	1.10663	1.12896	1.14741	1.16062	1.16892	1.17477	1.18056	1.18675	1.19174	1.19304	1.18746	1.17119	1.13895	1.0843	0.997534	0.862631	0.638529	0.152922
0.230862	0.491418	0.614103	0.676588	0.714599	0.740793	0.760595	0.776554	0.789916	0.801423	0.811138	0.819222	0.825713	0.830094	0.833078	0.834568	0.832861	0.826088	0.811096	0.783998	0.73845	0.662413	0.524102	0.278594
0.143416	0.66771	0.868482	0.971702	1.03165	1.06868	1.09233	1.10885	1.12398	1.14198	1.162	1.17832	1.18521	1.18279	1.1769	1.17284	1.16937	1.15881	1.13161	1.07959	0.99378	0.860302	0.639957	0.156858
0.156944	0.662625	0.85842	0.958748	1.01703	1.05583	1.08684	1.11439	1.13797	1.15543	1.16633	1.17281	1.17738	1.1809	1.1823	1.17968	1.17037	1.15066	1.11453	1.0545	0.961992	0.825479	0.612465	0.1684
0.158508	0.869353	1.14492	1.27826	1.35051	1.39511	1.42744	1.45393	1.47657	1.49545	1.50995	1.51973	1.52481	1.52595	1.52397	1.51867	1.50736	1.48451	1.44132	1.36682	1.2473	1.0645	0.773135	0.16486
0.279377	0.621797	0.787236	0.869345	0.91583	0.945442	0.967438	0.985763	1.00098	1.01274	1.0209	1.02641	1.03005	1.03266	1.03358	1.03224	1.02617	1.01127	0.981555	0.931439	0.854034	0.739103	0.559161	0.28306
0.145966	0.705364	0.931287	1.0486	1.11597	1.15691	1.18293	1.19999	1.21131	1.21879	1.22365	1.22672	1.22843	1.22876	1.227	1.22161	1.20899	1.18357	1.13868	1.06788	0.96306	0.812264	0.58244	0.136132
0.150619	0.333348	0.434052	0.493041	0.531781	0.557826	0.575216	0.586349	0.593233	0.597027	0.598992	0.600016	0.601061	0.602205	0.603159	0.602279	0.597582	0.586334	0.564514	0.529442	0.478242	0.406784	0.301118	0.149253
0.0907496	0.201652	0.264749	0.301581	0.32471	0.339558	0.349761	0.357261	0.362821	0.367027	0.369975	0.371912	0.372425	0.371902	0.370572	0.368242	0.363679	0.355478	0.34154	0.320011	0.289151	0.246374	0.183255	0.0922851
0.111599	0.759895	1.07709	1.25263	1.3515	1.40749	1.44017	1.45994	1.47184	1.47826	1.48031	1.47856	1.47328	1.46479	1.45312	1.43697	1.41246	1.37338	1.312	1.2198	1.08616	0.895771	0.61578	0.108878
0.151132	0.876294	1.17238	1.31909	1.39868	1.44538	1.47524	1.49555	1.50974	1.51941	1.52539	1.5281	1.52779	1.52455	1.51815	1.50755	1.48999	1.4606	1.41264	1.33669	1.21897	1.03826	0.744755	0.150648
0.161846	0.85036	1.11788	1.24599	1.31371	1.35329	1.37952	1.39883	1.41405	1.42646	1.43638	1.44353	1.44756	1.4488	1.44795	1.44492	1.43675	1.41716	1.37713	1.30451	1.18053	0.990948	0.713438	0.156476
0.281424	0.603593	0.756761	0.832329	0.876075	0.905106	0.927306	0.945616	0.961169	0.974395	0.985121	0.994023	1.00073	1.00626	1.01125	1.01538	1.01568	1.00861	0.987087	0.943007	0.864106	0.742745	0.565	0.291523
0.136007	0.827588	1.13277	1.29008	1.37445	1.42273	1.45419	1.47749	1.49547	1.50869	1.5176	1.52315	1.52619	1.52734	1.52648	1.52227	1.51118	1.48737	1.44209	1.36436	1.24015	1.04964	0.750741	0.149017
0.139829	0.666136	0.869409	0.972669	1.0324	1.07062	1.09746	1.11776	1.13386	1.14697	1.15764	1.16601	1.17207	1.17586	1.17739	1.1761	1.16999	1.1557	1.12816	1.08069	1.00289	0.876863	0.657818	0.158956
0.141258	0.673212	0.876889	0.979128	1.03766	1.07525	1.10273	1.12497	1.14349	1.15849	1.1699	1.17788	1.18267	1.18464	1.18411	1.18079	1.17276	1.15644	1.12656	1.07642	0.995945	0.868362	0.650421	0.158072
0.136972	0.830791	1.14084	1.30487	1.39616	1.45018	1.48562	1.51186	1.53333	1.55173	1.5667	1.57671	1.58071	1.57928	1.57409	1.56559	1.55064	1.52218	1.47049	1.38441	1.2505	1.05116	0.747512	0.148072
0.301176	0.648992	0.823544	0.91537	0.971041	1.0075	1.03237	1.05087	1.06842	1.08953	1.11212	1.1301	1.13781	1.1363	1.13237	1.13158	1.13159	1.12309	1.0927	1.02954	0.923332	0.771926	0.56837	0.286228
0.164971	0.870614	1.14562	1.27739	1.34729	1.38909	1.41895	1.44386	1.46609	1.48583	1.50186	1.51237	1.51592	1.51338	1.50741	1.49964	1.48694	1.46106	1.41079	1.32398	1.18313	0.97841	0.692009	0.149545
0.149469	0.868962	1.16731	1.31866	1.40317	1.45396	1.48656	1.50854	1.52403	1.5352	1.54281	1.54673	1.54668	1.54278	1.53526	1.52344	1.50445	1.47293	1.42139	1.34055	1.21712	1.03154	0.735662	0.148197
0.108904	0.743153	1.05951	1.23982	1.34537	1.4072	1.44323	1.46384	1.47539	1.48157	1.48407	1.48313	1.47853	1.47036	1.45881	1.44276	1.41834	1.37892	1.31636	1.2221	1.08589	0.893188	0.612116	0.107972
0.0891984	0.198559	0.261632	0.299293	0.323522	0.339446	0.350329	0.358149	0.363943	0.368037	0.370928	0.372751	0.373565	0.373255	0.371994	0.369654	0.365091	0.356822	0.342642	0.320843	0.289621	0.246548	0.183297	0.0923136
0.0725976	0.525674	0.765937	0.904826	0.984631	1.02953	1.05515	1.07053	1.08032	1.08666	1.09001	1.08988	1.08569	1.0781	1.06854	1.05718	1.04029	1.01054	0.959701	0.880977	0.768678	0.616017	0.406195	0.0663276
0.140458	0.681861	0.918131	1.04503	1.11891	1.16315	1.19004	1.20685	1.21842	1.22776	1.23506	1.23806	1.23447	1.22508	1.21342	1.20207	1.18805	1.16301	1.11742	1.04338	0.934074	0.779038	0.549254	0.129425
0.158573	0.795161	1.04156	1.16273	1.23044	1.27169	1.29832	1.31618	1.32876	1.33829	1.34559	1.35032	1.35193	1.3504	1.34622	1.33923	1.32745	1.3066	1.26958	1.20567	1.09697	0.929356	0.677279	0.154601
0.157582	0.894767	1.18817	1.33036	1.40682	1.45218	1.48183	1.50271	1.51823	1.53022	1.53938	1.54563	1.54869	1.54888	1.5468	1.5422	1.53259	1.51267	1.47174	1.39017	1.18542	0.85713	0.59011	0.109433
0.298673	0.641478	0.808444	0.892555	0.941707	0.973897	0.997478	1.01616	1.0313	1.04392	1.05458	1.06326	1.06911	1.07246	1.07443	1.07564	1.07404	1.06868	1.04958	1.00476	0.924985	0.8027	0.608634	0.31175
0.155957	0.663563	0.861913	0.964121	1.02298	1.05977	1.08464	1.10271	1.11676	1.12839	1.13799	1.14512	1.14929	1.15125	1.15275	1.15478	1.1547	1.14606	1.1198	1.06703	0.979288	0.844218	0.627438	0.171537
0.135379	0.822662	1.12929	1.29079	1.38015	1.4327	1.46676	1.49108	1.50945	1.5234	1.53352	1.54014	1.54354	1.54404	1.5417	1.5355	1.5224	1.49708	1.4513	1.37408	1.25102	1.06142	0.761648	0.151651
0.160407	0.679321	0.880636	0.983957	1.04357	1.08191	1.10991	1.13239	1.15073	1.16505	1.17551	1.18271	1.18734	1.18987	1.19024	1.18759	1.17957	1.16208	1.12918	1.07348	0.985411	0.851809	0.637609	0.175962
0.311297	0.668751	0.843047	0.930401	0.98113	1.01501	1.04154	1.06448	1.08435	1.10079	1.11356	1.12211	1.12775	1.13162	1.13396	1.13386	1.12843	1.1128	1.0792	1.01904	0.919783	0.776505	0.579088	0.295646
0.164871	0.932564	1.2365	1.38372	1.46282	1.50978	1.54089	1.56395	1.58325	1.60086	1.61613	1.62646	1.62965	1.62613	1.61838	1.60794	1.5925	1.56522	1.5141	1.41931	1.19876	0.857352	0.584	0.107775
0.160763	0.806453	1.06151	1.18967	1.26212	1.30668	1.33571	1.35563	1.37039	1.38224	1.39154	1.39722	1.39808	1.39419	1.38652	1.37553	1.35963	1.33563	1.29497	1.22973	1.11797	0.949433	0.689235	0.153117
0.138189	0.668134	0.905111	1.0375	1.11823	1.16841	1.19875	1.21652	1.22792	1.23754	1.24617	1.2512	1.24972	1.24186	1.2305	1.21771	1.20083	1.1726	1.12447	1.04906	0.939286	0.784238	0.55372	0.130455
0.0717085	0.51959	0.758961	0.899138	0.981148	1.02816	1.05519	1.07124	1.0813	1.08789	1.0917	1.09221	1.08872	1.08165	1.07227	1.0607	1.04331	1.01293	0.96147	0.88226	0.769614	0.616714	0.406659	0.0664185
0.0808651	0.598683	0.877799	1.04029	1.13437	1.18752	1.21754	1.23493	1.24533	1.25143	1.25367	1.25128	1.2435	1.23153	1.21788	1.20353	1.18432	1.15117	1.09383	1.00403	0.875166	0.699734	0.458796	0.0735703
0.137386	0.741441	1.01877	1.17095	1.25976	1.3126	1.34437	1.36376	1.37616	1.38467	1.39009	1.39156	1.38811	1.38024	1.36959	1.35663	1.33844	1.30842	1.25804	1.17823	1.05833	0.88493	0.623138	0.136125
0.157861	0.789116	1.0385	1.16412	1.23526	1.27898	1.30722	1.32619	1.3396	1.34977	1.35752	1.36244	1.36395	1.36232	1.35841	1.35241	1.34235	1.32457	1.29009	1.23056	1.12355	0.957807	0.697223	0.154993
0.16363	0.861839	1.13518	1.26743	1.33839	1.38048	1.40869	1.4298	1.44689	1.46147	1.47341	1.48119	1.4833	1.48096	1.47785	1.47658	1.4738	1.45985	1.42174	1.34572	1.21346	1.01256	0.721649	0.156706
0.160002	0.87637	1.15209	1.28377	1.35352	1.39486	1.42291	1.44413	1.46106	1.47476	1.48561	1.49368	1.49899	1.50179	1.50251	1.50068	1.49363	1.47615	1.43966	1.37276	1.26096	1.0836	0.791638	0.16932
0.301262	0.645433	0.812438	0.896521	0.945652	0.978117	1.00209	1.02116	1.03685	1.04989	1.06002	1.06788	1.07436	1.07963	1.0834	1.08452	1.08098	1.07292	1.05194	1.00587	0.925754	0.80363	0.610263	0.313271
0.29314	0.625887	0.783172	0.860385	0.904815	0.934387	0.957121	0.976191	0.992483	1.00664	1.01851	1.02868	1.03669	1.04264	1.04651	1.04758	1.04326	1.03087	1.00548	0.959324	0.879647	0.75791	0.579236	0.30134
0.164948	0.903861	1.18855	1.32554	1.39917	1.44366	1.47441	1.49807	1.51739	1.53339	1.54604	1.55474	1.55903	1.55922	1.5559	1.54867	1.53502	1.51005	1.46619	1.39271	1.2742	1.08926	0.792803	0.167901
0.17054	0.889809	1.16721	1.29943	1.36876	1.40884	1.43516	1.45556	1.47492	1.49594	1.51647	1.52996	1.53039	1.51915	1.50418	1.49222	1.48106	1.45954	1.4135	1.3292	1.18994	0.985775	0.699691	0.152626
0.162636	0.813944	1.06399	1.18549	1.25242	1.29258	1.31837	1.33614	1.34983	1.3617	1.37169	1.37793	1.37867	1.37405	1.36585	1.35523	1.34065	1.31734	1.2778	1.21082	1.09875	0.928524	0.675332	0.154312
0.138245	0.750614	1.03258	1.18778	1.27865	1.3328	1.36515	1.3845	1.39651	1.4045	1.40939	1.41028	1.40613	1.39721	1.38479	1.3692	1.34774	1.3146	1.26193	1.18097	1.06097	0.887902	0.626023	0.136604
0.0804581	0.595701	0.87491	1.03881	1.13478	1.18962	1.22072	1.23853	1.249	1.25514	1.25762	1.25564	1.24832	1.23663	1.22288	1.20799	1.18787	1.15374	1.09565	1.00548	0.876582	0.701186	0.460002	0.0738128
0.0801135	0.592985	0.869446	1.03042	1.12367	1.17649	1.2066	1.22438	1.23525	1.2417	1.2442	1.24218	1.23512	1.22423	1.21184	1.19873	1.18061	1.14839	1.09182	1.00256	0.874011	0.698756	0.45801	0.0734376
0.137544	0.663843	0.894546	1.0195	1.09304	1.13797	1.16645	1.18534	1.19877	1.20907	1.21667	1.22058	1.21974	1.21501	1.20885	1.20259	1.19268	1.17069	1.12687	1.0532	0.942533	0.784928	0.551502	0.129641
0.15014	0.873333	1.17206	1.3227	1.4062	1.45622	1.48862	1.51084	1.52644	1.53719	1.54411	1.54779	1.54869	1.54724	1.54376	1.53747	1.52511	1.50061	1.4557	1.38001	1.25885	1.07057	0.763613	0.152461
0.303439	0.66679	0.836451	0.916632	0.960429	0.988147	1.009	1.02629	1.04058	1.05171	1.06036	1.06745	1.07416	1.0801	1.08548	1.08972	1.08965	1.07915	1.05228	1.00175	0.920364	0.795809	0.597262	0.296094
0.164607	0.865433	1.13473	1.26047	1.32507	1.36278	1.38986	1.41278	1.43307	1.45065	1.46511	1.47607	1.48302	1.48589	1.48499	1.47986	1.46786	1.44369	1.39928	1.32249	1.19441	1.00073	0.717898	0.156663
0.160454	0.91164	1.2096	1.35233	1.42805	1.47284	1.50283	1.5248	1.54149	1.55415	1.56365	1.57085	1.57625	1.57951	1.57938	1.57386	1.5602	1.53431	1.48716	1.39975	1.18949	0.85596	0.587618	0.10858
0.165038	0.867406	1.14216	1.27507	1.3466	1.38933	1.41817	1.43947	1.45577	1.46819	1.47746	1.4843	1.48915	1.49218	1.49296	1.49009	1.47973	1.45547	1.4084	1.32681	1.19211	0.991831	0.70623	0.153564
0.31186	0.684686	0.857791	0.939148	0.983522	1.01209	1.03453	1.05422	1.07147	1.08563	1.09587	1.10243	1.10449	1.10421	1.10347	1.103	1.09915	1.08648	1.05703	1.00382	0.919627	0.793124	0.594413	0.29508
0.156125	0.902577	1.2041	1.35139	1.4297	1.47477	1.50341	1.52379	1.53999	1.55362	1.56401	1.56897	1.56671	1.55814	1.54621	1.53278	1.51551	1.48762	1.43982	1.36146	1.23891	1.05209	0.752316	0.152036
0.140972	0.680763	0.915783	1.04192	1.11515	1.15869	1.18455	1.19991	1.20983	1.21743	1.22333	1.22627	1.22487	1.21947	1.21174	1.20247	1.18866	1.16352	1.11893	1.04725	0.940853	0.788343	0.559132	0.132616
0.0808282	0.597979	0.876916	1.03948	1.13368	1.18684	1.21659	1.23344	1.24309	1.24836	1.2499	1.24717	1.23962	1.22825	1.21517	1.20104	1.18173	1.14849	1.09144	1.00239	0.874592	0.700168	0.459752	0.0738305
0.0713952	0.517198	0.754004	0.89128	0.970444	1.01525	1.04112	1.05702	1.06749	1.07452	1.07855	1.07922	1.07616	1.07005	1.06215	1.05242	1.03711	1.00876	0.959011	0.880932	0.768763	0.615906	0.405852	0.0662483
0.107939	0.736716	1.04826	1.22366	1.32455	1.38279	1.41702	1.43771	1.45067	1.45892	1.46358	1.46466	1.46193	1.45577	1.44672	1.434	1.4137	1.37866	1.32023	1.22923	1.09496	0.902374	0.619088	0.109041
0.142563	0.688021	0.907467	1.02098	1.08625	1.12662	1.1538	1.17342	1.18791	1.19838	1.20559	1.2103	1.21303	1.21403	1.21313	1.20925	1.1992	1.17775	1.13851	1.07458	0.97706	0.832002	0.603382	0.141815
0.153474	0.890128	1.1882	1.33343	1.41051	1.45537	1.48497	1.50649	1.52223	1.53283	1.53929	1.54323	1.5459	1.54717	1.54544	1.53812	1.52173	1.49161	1.44146	1.36211	1.23975	1.05314	0.752358	0.15127
0.162706	0.81567	1.06522	1.18498	1.24973	1.28899	1.31554	1.3349	1.34913	1.35914	1.36596	1.37088	1.37473	1.3772	1.37656	1.37048	1.35648	1.33138	1.28977	1.22144	1.10874	0.936597	0.679761	0.153722
0.159445	0.791383	1.03854	1.16053	1.22835	1.26948	1.29649	1.31513	1.32804	1.33669	1.34217	1.34552	1.34739	1.34769	1.34542	1.33883	1.32539	1.30145	1.26111	1.19416	1.08281	0.914114	0.664118	0.152882
0.154491	0.89346	1.19287	1.33951	1.41785	1.46354	1.49341	1.51504	1.5315	1.54378	1.55189	1.55552	1.55447	1.54952	1.54185	1.53138	1.51506	1.48675	1.43822	1.35943	1.23686	1.05033	0.751014	0.151668
0.149511	0.718198	0.940489	1.05099	1.11145	1.14788	1.17356	1.19501	1.21484	1.23359	1.24885	1.25601	1.2511	1.23653	1.22033	1.20909	1.20066	1.18462	1.14869	1.08372	0.982085	0.831908	0.599693	0.140275
0.110985	0.754719	1.06942	1.24333	1.34088	1.39558	1.42686	1.44569	1.45818	1.46719	1.47277	1.47317	1.46693	1.45483	1.43953	1.42228	1.39986	1.3646	1.30692	1.21719	1.08474	0.8947	0.614844	0.108666
0.0722608	0.522939	0.761951	0.900116	0.979396	1.02378	1.04877	1.06347	1.0727	1.07865	1.0818	1.08167	1.07778	1.07067	1.06163	1.05074	1.03437	1.0054	0.955656	0.878226	0.767192	0.615541	0.406315	0.0663894
0.08967	0.199749	0.263117	0.300611	0.324282	0.339523	0.349729	0.356996	0.362598	0.367168	0.370758	0.373188	0.374389	0.374422	0.373379	0.371074	0.366817	0.358802	0.344853	0.323131	0.291582	0.248054	0.184171	0.0925567
0.143179	0.317674	0.413973	0.46943	0.504241	0.526561	0.541205	0.551066	0.558529	0.564898	0.570557	0.574962	0.577089	0.577115	0.575925	0.57382	0.56912	0.557915	0.536585	0.501959	0.451756	0.38239	0.281935	0.139505
0.110406	0.751626	1.06305	1.23298	1.32675	1.37902	1.40995	1.42986	1.44312	1.4513	1.45523	1.45567	1.45307	1.44753	1.43853	1.42419	1.40047	1.36122	1.29916	1.20617	1.07214	0.882374	0.604991	0.106525
0.145249	0.699989	0.934547	1.05479	1.12125	1.16086	1.18799	1.2086	1.22311	1.2304	1.23173	1.23114	1.2323	1.23522	1.23611	1.23008	1.21254	1.1793	1.12559	1.04568	0.932409	0.774912	0.54421	0.128009
0.143339	0.773654	1.05707	1.20772	1.29227	1.34138	1.37166	1.39136	1.40377	1.41011	1.41164	1.41011	1.40699	1.40255	1.3956	1.38365	1.36278	1.32767	1.27169	1.18686	1.06304	0.886818	0.623635	0.136231
0.142447	0.691052	0.928817	1.055	1.12746	1.17076	1.19792	1.2158	1.22791	1.23599	1.2408	1.24259	1.2415	1.23799	1.23236	1.22378	1.20868	1.18082	1.133	1.05817	0.949061	0.79451	0.563788	0.13389
0.109685	0.74545	1.05537	1.22569	1.3205	1.37339	1.40383	1.42252	1.43514	1.44429	1.45008	1.45117	1.44649	1.43691	1.42464	1.41031	1.39006	1.3557	1.2975	1.20617	1.07201	0.881495	0.603978	0.106639
0.153294	0.338221	0.437655	0.493539	0.528459	0.550863	0.565241	0.574528	0.581396	0.587694	0.593399	0.597215	0.597931	0.595501	0.592316	0.589882	0.586478	0.577572	0.558545	0.525633	0.475975	0.405226	0.299863	0.14816
0.0895774	0.199057	0.261788	0.298603	0.321747	0.336561	0.346482	0.353549	0.359022	0.363353	0.36672	0.368887	0.369606	0.368708	0.366823	0.364227	0.359802	0.352055	0.338681	0.317658	0.287219	0.244642	0.18171	0.0912855
0.0921108	0.202963	0.263142	0.295654	0.31419	0.325554	0.334306	0.342592	0.350385	0.35684	0.361373	0.364018	0.364587	0.363182	0.360699	0.357529	0.352787	0.344429	0.330088	0.308019	0.276653	0.234004	0.172275	0.0855723
0.0708611	0.51051	0.742874	0.876811	0.953516	0.996613	1.02112	1.03589	1.04587	1.05357	1.05914	1.06102	1.05756	1.04918	1.03792	1.02456	1.00566	0.973952	0.92164	0.842674	0.73226	0.584533	0.383993	0.062669
0.0813866	0.600519	0.877715	1.0371	1.12807	1.1791	1.20829	1.2257	1.23605	1.24134	1.24231	1.23917	1.23209	1.22211	1.21058	1.19725	1.17747	1.14265	1.08357	0.992771	0.864171	0.69045	0.452725	0.0726465
0.0808983	0.596729	0.871707	1.02917	1.11837	1.16782	1.19573	1.21222	1.22198	1.22694	1.22766	1.22424	1.21681	1.20664	1.19552	1.18347	1.16571	1.13308	1.07571	0.98593	0.85795	0.685048	0.448976	0.0721641
0.0716945	0.517194	0.748457	0.877568	0.948191	0.986121	1.00801	1.02253	1.03268	1.03892	1.04137	1.0406	1.03735	1.03305	1.02924	1.02574	1.01704	0.992596	0.941561	0.857182	0.736811	0.578547	0.371942	0.0598004
0.0863896	0.193514	0.255801	0.293115	0.316943	0.332005	0.341106	0.346545	0.350586	0.354974	0.359954	0.364007	0.365929	0.365842	0.364639	0.362804	0.359404	0.352211	0.338324	0.315761	0.283098	0.238809	0.175564	0.0877421
