0.159469	0.317758	0.381486	0.402553	0.405802	0.402567	0.398866	0.396643	0.395422	0.394142	0.392636	0.391279	0.390986	0.392095	0.394565	0.397772	0.401209	0.403756	0.403397	0.397482	0.381544	0.348144	0.279979	0.155302
0.137359	0.778424	1.02093	1.1086	1.1244	1.11366	1.09749	1.0837	1.07303	1.06394	1.05564	1.04871	1.04402	1.04204	1.04262	1.04509	1.04744	1.04572	1.0333	1.00078	0.93422	0.810749	0.587476	0.120424
0.146894	0.840095	1.10657	1.20212	1.22122	1.20997	1.19018	1.17128	1.15667	1.14698	1.14107	1.13686	1.13262	1.12845	1.12605	1.12658	1.12839	1.12629	1.11244	1.07623	0.999967	0.861709	0.618162	0.12481
0.147209	0.841401	1.10594	1.19857	1.21545	1.20379	1.18621	1.17136	1.16046	1.15211	1.14456	1.13653	1.12734	1.11861	1.11393	1.11605	1.12258	1.12541	1.11363	1.07537	0.99375	0.848836	0.601601	0.120066
0.13756	0.779319	1.02116	1.1077	1.12247	1.11094	1.09439	1.0806	1.07011	1.06121	1.05292	1.04575	1.04052	1.0379	1.03819	1.04102	1.04422	1.04326	1.03087	0.997441	0.929209	0.804041	0.580519	0.118447
0.160819	0.318198	0.37965	0.398109	0.398961	0.394127	0.389975	0.38842	0.388447	0.388766	0.38878	0.388975	0.389713	0.391206	0.393536	0.396499	0.399194	0.400659	0.398737	0.390719	0.372559	0.337223	0.268524	0.147085
0.161245	0.319923	0.384558	0.406892	0.411171	0.408471	0.40447	0.401227	0.399043	0.397585	0.39658	0.395877	0.395739	0.39651	0.398471	0.401355	0.40471	0.40743	0.407268	0.401435	0.385566	0.352348	0.284767	0.159507
0.26898	0.519277	0.60759	0.630866	0.630557	0.623108	0.616817	0.613774	0.613018	0.612506	0.611406	0.610325	0.609957	0.611258	0.61519	0.622201	0.630722	0.638357	0.64064	0.633462	0.609969	0.558675	0.451975	0.25127
0.206946	1.0529	1.33163	1.42193	1.43493	1.42005	1.39958	1.38171	1.3676	1.35602	1.34612	1.33802	1.33229	1.32944	1.32963	1.33252	1.33653	1.33839	1.33223	1.30824	1.24848	1.11957	0.852934	0.196002
0.240129	0.910601	1.11022	1.1716	1.1789	1.16684	1.1505	1.13578	1.1244	1.11634	1.11104	1.10787	1.10635	1.10642	1.10825	1.11186	1.11617	1.11848	1.11394	1.09487	1.04759	0.94733	0.741154	0.218905
0.235423	0.971903	1.20459	1.28069	1.293	1.28123	1.26263	1.24449	1.22953	1.21833	1.21032	1.20447	1.1999	1.1968	1.19609	1.19849	1.20307	1.20663	1.20342	1.18408	1.13228	1.02037	0.792783	0.220261
0.240138	0.909854	1.10926	1.17071	1.17786	1.16489	1.14641	1.12859	1.11405	1.1037	1.097	1.09264	1.08951	1.08795	1.08958	1.09564	1.10459	1.11147	1.10921	1.08898	1.03803	0.932877	0.724366	0.21298
0.204625	1.04305	1.32135	1.41252	1.42654	1.41206	1.39099	1.37172	1.35612	1.34376	1.33389	1.32616	1.32059	1.31744	1.31711	1.31947	1.32297	1.32406	1.31667	1.29098	1.22955	1.09958	0.835371	0.191167
0.258609	0.50167	0.591608	0.619257	0.623074	0.618193	0.611917	0.606802	0.603439	0.601253	0.599942	0.599045	0.598404	0.598496	0.600032	0.603164	0.607308	0.610706	0.609921	0.601223	0.578422	0.530346	0.430476	0.240996
0.158515	0.315642	0.380047	0.402451	0.406937	0.404455	0.400429	0.396965	0.3945	0.392804	0.391472	0.39063	0.390399	0.391107	0.392498	0.394636	0.397154	0.399015	0.398272	0.392287	0.37705	0.344782	0.278818	0.155972
0.13877	0.785466	1.02997	1.11838	1.1345	1.12373	1.10704	1.09237	1.08085	1.0713	1.06303	1.0565	1.0524	1.0511	1.05237	1.05549	1.05836	1.05699	1.04485	1.01194	0.944469	0.8193	0.593488	0.121763
0.20849	1.05983	1.3398	1.43026	1.44294	1.42737	1.40582	1.3867	1.37164	1.35984	1.35044	1.34326	1.33852	1.33656	1.33756	1.34119	1.3458	1.34791	1.34148	1.31647	1.25502	1.12382	0.854873	0.196293
0.251019	0.940418	1.12119	1.1701	1.17144	1.15828	1.1448	1.13526	1.12875	1.12304	1.11731	1.11266	1.11054	1.1116	1.11555	1.12175	1.12888	1.1346	1.13499	1.12292	1.08503	0.995827	0.797673	0.23524
0.263842	1.11417	1.34466	1.4066	1.40762	1.3894	1.36906	1.35237	1.33993	1.33071	1.32378	1.31888	1.31615	1.31595	1.31874	1.32473	1.33327	1.34225	1.34719	1.33976	1.30176	1.19952	0.960835	0.257646
0.263006	1.00673	1.20031	1.25236	1.25425	1.23954	1.22155	1.2053	1.19246	1.18329	1.17727	1.17352	1.17141	1.17102	1.17311	1.17842	1.18699	1.19826	1.20744	1.20826	1.17844	1.08175	0.874806	0.247412
0.263811	1.01081	1.20067	1.24921	1.24902	1.23322	1.21468	1.19793	1.18438	1.17424	1.16725	1.16301	1.16128	1.16209	1.16576	1.17252	1.18198	1.19246	1.2001	1.19639	1.16231	1.05888	0.853177	0.246168
0.266044	1.11637	1.34395	1.40369	1.40327	1.38426	1.36331	1.34576	1.332	1.32103	1.31235	1.30635	1.30368	1.30459	1.30889	1.3161	1.32521	1.33396	1.33808	1.32932	1.29042	1.18792	0.95145	0.256958
0.247113	0.927609	1.10906	1.16087	1.1655	1.15471	1.14163	1.13063	1.12205	1.11503	1.10905	1.10437	1.10155	1.10115	1.10362	1.10907	1.11633	1.12249	1.12317	1.11123	1.07374	0.985587	0.789741	0.233604
0.207039	1.05313	1.33049	1.41878	1.43004	1.41415	1.39342	1.3757	1.36169	1.34981	1.33908	1.3298	1.32277	1.31859	1.31736	1.31874	1.32131	1.32207	1.31551	1.29212	1.23426	1.10838	0.846279	0.195024
0.14066	0.794475	1.03724	1.12121	1.13319	1.11992	1.1029	1.08952	1.07955	1.07056	1.0615	1.05338	1.0476	1.04488	1.04503	1.04727	1.04957	1.04807	1.0364	1.00502	0.93995	0.817504	0.593944	0.122097
0.150388	0.859723	1.13272	1.23033	1.2509	1.24075	1.22188	1.20356	1.18883	1.178	1.1702	1.16419	1.15904	1.15499	1.15326	1.15461	1.15726	1.15626	1.14403	1.10986	1.03605	0.896975	0.647184	0.131314
0.242595	0.916295	1.11487	1.17475	1.18033	1.16638	1.14741	1.12982	1.11629	1.10772	1.10361	1.10277	1.10416	1.10729	1.11214	1.11842	1.12478	1.12812	1.12332	1.1023	1.05183	0.947145	0.737151	0.21678
0.266332	1.12098	1.34957	1.40888	1.40745	1.38748	1.36614	1.3491	1.33677	1.32789	1.32142	1.3171	1.3151	1.3158	1.3196	1.32666	1.33605	1.34522	1.3493	1.33973	1.29872	1.19305	0.952662	0.255405
0.425207	0.808158	0.931702	0.957632	0.949736	0.933977	0.922014	0.916638	0.915341	0.914999	0.913895	0.912791	0.912688	0.91482	0.920176	0.92945	0.941406	0.952567	0.958494	0.952581	0.924869	0.857303	0.709096	0.407843
0.276992	1.07686	1.28028	1.32996	1.3252	1.3045	1.28311	1.26634	1.25541	1.24993	1.24807	1.24701	1.24448	1.24149	1.24214	1.25029	1.26557	1.28268	1.29355	1.28716	1.24404	1.12482	0.898937	0.25643
0.279098	1.13913	1.35799	1.4128	1.41001	1.39011	1.3685	1.35036	1.33653	1.32645	1.31938	1.31486	1.31264	1.313	1.31666	1.32428	1.3356	1.34885	1.35854	1.35241	1.29659	0.978533	0.762877	0.178182
0.282086	1.09176	1.2947	1.34267	1.33674	1.31615	1.29597	1.2805	1.2693	1.26082	1.25442	1.25064	1.25034	1.25399	1.26156	1.27278	1.28631	1.29898	1.30511	1.29462	1.24805	1.12537	0.895419	0.25382
0.466722	0.86992	0.98715	1.00249	0.986073	0.965609	0.952621	0.948391	0.947574	0.945058	0.940014	0.93603	0.936962	0.943868	0.954458	0.96698	0.980012	0.991247	0.99894	0.997329	0.976083	0.914752	0.765099	0.442596
0.269645	1.12684	1.35092	1.40513	1.3997	1.37798	1.35751	1.34296	1.33272	1.32389	1.31532	1.30802	1.30355	1.3027	1.30539	1.3112	1.3193	1.32792	1.33318	1.32725	1.29262	1.19521	0.962292	0.262078
0.251525	0.946034	1.13762	1.18386	1.17676	1.15558	1.13774	1.12745	1.12153	1.11535	1.1074	1.0997	1.0946	1.09319	1.09511	1.09968	1.10555	1.11022	1.10927	1.09515	1.05428	0.9604	0.758671	0.22691
0.153424	0.873131	1.14426	1.23663	1.25217	1.23877	1.21909	1.20179	1.18846	1.17805	1.16934	1.16166	1.15481	1.14944	1.14673	1.14736	1.14956	1.14855	1.13701	1.10446	1.03314	0.896883	0.649241	0.132148
0.149764	0.85665	1.12863	1.22572	1.24595	1.23585	1.21754	1.20025	1.18678	1.17717	1.17029	1.16465	1.15918	1.15435	1.15187	1.15296	1.15592	1.15551	1.14382	1.10995	1.03619	0.897031	0.647088	0.13125
0.238352	0.982585	1.21646	1.29195	1.3034	1.29097	1.27198	1.25396	1.23975	1.23002	1.22402	1.22035	1.21786	1.21654	1.21726	1.22067	1.22596	1.23014	1.22763	1.20908	1.15771	1.04474	0.812765	0.225844
0.266025	1.01503	1.20334	1.24973	1.24743	1.23022	1.21129	1.19527	1.18337	1.17544	1.17071	1.16826	1.16751	1.16861	1.17229	1.17922	1.18908	1.19987	1.20726	1.20274	1.167	1.06158	0.854059	0.246699
0.281908	1.09268	1.29421	1.33974	1.33108	1.30831	1.2872	1.2725	1.2636	1.25834	1.25481	1.25193	1.24932	1.2484	1.25228	1.26369	1.28122	1.2986	1.30677	1.29405	1.2412	1.11046	0.875382	0.245949
0.278787	1.113	1.31938	1.36982	1.36521	1.34481	1.32409	1.30798	1.2969	1.28973	1.28513	1.28225	1.28067	1.28093	1.28436	1.2921	1.30369	1.31643	1.32519	1.32093	1.28699	1.19205	0.973481	0.277798
0.466237	0.86177	0.990005	1.02079	1.0181	1.00524	0.992184	0.981809	0.974655	0.970364	0.968276	0.967943	0.968655	0.96997	0.973653	0.98104	0.991618	1.00337	1.01232	1.01189	0.98788	0.912555	0.766681	0.456124
0.476966	0.875102	0.997467	1.02217	1.01462	0.999354	0.986449	0.978311	0.9735	0.970065	0.966613	0.964239	0.964216	0.967526	0.974626	0.985334	0.999278	1.01715	1.03272	1.03648	1.01815	0.950537	0.797502	0.46799
0.286714	1.1331	1.3365	1.38283	1.37509	1.3534	1.33301	1.31806	1.3075	1.2992	1.29219	1.28726	1.28562	1.28785	1.2938	1.30306	1.3151	1.3285	1.33927	1.33882	1.31064	1.22199	1.00511	0.29038
0.283496	1.09426	1.29282	1.33526	1.32496	1.30312	1.28618	1.27742	1.27309	1.26835	1.2614	1.25384	1.24784	1.24518	1.24711	1.25458	1.2668	1.28069	1.2905	1.28641	1.24897	1.13728	0.916883	0.264653
0.270009	1.02595	1.21378	1.25666	1.25024	1.23035	1.2115	1.19778	1.18827	1.18083	1.17431	1.16897	1.16552	1.16449	1.16612	1.17062	1.17803	1.18843	1.19787	1.20058	1.17426	1.08214	0.879646	0.250575
0.24439	1.00349	1.23427	1.30233	1.30631	1.28844	1.26708	1.24906	1.23543	1.22517	1.21723	1.21109	1.20662	1.20399	1.20365	1.2059	1.20996	1.21338	1.21131	1.19486	1.14732	1.03939	0.812591	0.226918
0.151355	0.863379	1.13509	1.23019	1.24841	1.23649	1.21661	1.19791	1.1831	1.1722	1.1642	1.15781	1.15211	1.1474	1.14502	1.14588	1.14831	1.14736	1.13555	1.1023	1.02991	0.892725	0.644976	0.130963
0.137664	0.780599	1.02422	1.11245	1.12855	1.11815	1.10229	1.08888	1.07881	1.07065	1.06342	1.05733	1.05292	1.05075	1.05114	1.05385	1.05689	1.05599	1.04423	1.01157	0.944213	0.819055	0.593244	0.121692
0.240378	0.909856	1.10693	1.16552	1.17047	1.15717	1.14081	1.12747	1.11887	1.11485	1.11384	1.11342	1.11161	1.10909	1.10876	1.11331	1.12175	1.12879	1.1269	1.10697	1.05613	0.950161	0.738261	0.216783
0.263805	1.00777	1.20039	1.25131	1.25239	1.23746	1.22008	1.20533	1.19466	1.18802	1.18439	1.18236	1.18087	1.18014	1.18151	1.18633	1.1948	1.20601	1.21507	1.21545	1.18465	1.08662	0.878213	0.248673
0.277708	1.13577	1.35672	1.41395	1.41348	1.39516	1.37437	1.35672	1.34378	1.33541	1.33047	1.32752	1.32544	1.32461	1.3266	1.33296	1.34357	1.35604	1.36443	1.35606	1.29688	0.975551	0.758435	0.177106
0.464349	0.860849	0.99055	1.02251	1.02077	1.00846	0.995166	0.984432	0.977243	0.973422	0.971575	0.971034	0.97135	0.973088	0.97704	0.984205	0.994705	1.00619	1.01448	1.0123	0.986137	0.908174	0.760727	0.451959
0.271363	0.912115	1.07617	1.12111	1.12319	1.11138	1.09778	1.0867	1.07899	1.07427	1.07178	1.07078	1.07071	1.07164	1.07431	1.07948	1.08672	1.09382	1.09668	1.08853	1.05755	0.980152	0.804658	0.273746
0.25569	1.13329	1.38792	1.46542	1.47463	1.46029	1.44147	1.42501	1.41208	1.40202	1.39423	1.38883	1.38609	1.38608	1.38874	1.3939	1.40111	1.40904	1.41355	1.40593	1.36828	1.26494	1.01906	0.275597
0.281179	0.924327	1.0858	1.12999	1.13159	1.11952	1.10587	1.09476	1.08654	1.08049	1.07613	1.07359	1.07323	1.07517	1.07938	1.08582	1.09425	1.10367	1.11063	1.10861	1.08565	1.01723	0.847453	0.296381
0.477093	0.875926	0.999791	1.02641	1.02049	1.00571	0.991554	0.980838	0.973692	0.969556	0.967138	0.966622	0.968591	0.973375	0.980909	0.990354	1.00202	1.01764	1.03233	1.03637	1.02004	0.955296	0.803608	0.471584
0.283862	1.1547	1.37112	1.42088	1.41337	1.39041	1.36803	1.351	1.33902	1.33037	1.32383	1.31926	1.3169	1.31714	1.32029	1.32663	1.33617	1.34808	1.35746	1.35233	1.29893	0.983235	0.769038	0.180329
0.266874	1.01882	1.20479	1.24751	1.24159	1.22144	1.2006	1.18358	1.17113	1.16278	1.15767	1.15503	1.15429	1.15528	1.15822	1.16342	1.17087	1.17961	1.18646	1.18347	1.15166	1.05188	0.85047	0.246514
0.243506	0.919233	1.1156	1.172	1.17405	1.1569	1.13581	1.1171	1.1033	1.09512	1.09167	1.09098	1.09114	1.0918	1.09402	1.0988	1.10514	1.10947	1.10622	1.0873	1.03971	0.938732	0.733284	0.216777
0.138605	0.784714	1.02846	1.11582	1.13077	1.11884	1.1011	1.08557	1.07345	1.0636	1.05529	1.04882	1.04467	1.04308	1.04393	1.04668	1.04935	1.04793	1.0358	1.00335	0.936784	0.812965	0.589126	0.120773
0.157951	0.315439	0.380731	0.404122	0.409442	0.407571	0.403959	0.400766	0.398375	0.396725	0.395588	0.395133	0.395141	0.395983	0.397816	0.400458	0.403188	0.405268	0.404704	0.398769	0.383376	0.350851	0.284073	0.159553
0.206353	1.05281	1.3336	1.42549	1.43972	1.42568	1.40553	1.38761	1.37355	1.36261	1.35391	1.34716	1.34246	1.34011	1.34038	1.34308	1.34668	1.34789	1.34086	1.31572	1.25468	1.12419	0.85621	0.197044
0.264888	1.11208	1.33957	1.39971	1.39977	1.38147	1.36163	1.34583	1.33464	1.32697	1.32166	1.31795	1.31562	1.31505	1.31704	1.32229	1.33028	1.33867	1.34282	1.33441	1.29594	1.19398	0.957218	0.259163
0.278556	1.08276	1.2882	1.33957	1.33663	1.31834	1.29968	1.28582	1.27757	1.274	1.27307	1.2721	1.26902	1.26487	1.2635	1.26868	1.28029	1.29366	1.30138	1.29276	1.24822	1.1284	0.902314	0.258095
0.458111	0.855154	0.990507	1.02875	1.03234	1.02309	1.00977	0.996716	0.987123	0.982757	0.983236	0.985794	0.987768	0.988896	0.991698	0.998988	1.01044	1.02275	1.03071	1.02647	0.996056	0.912596	0.758571	0.445077
0.258721	1.16438	1.42455	1.50073	1.50659	1.48846	1.46571	1.44558	1.42992	1.41851	1.41042	1.40471	1.40075	1.39864	1.39906	1.40263	1.40875	1.4149	1.41606	1.40289	1.35763	1.24522	0.991199	0.260848
0.257971	0.945713	1.1191	1.16549	1.16705	1.15472	1.14041	1.12833	1.11926	1.11283	1.10855	1.10618	1.10554	1.10663	1.10966	1.1149	1.12227	1.13106	1.13858	1.13925	1.12019	1.0541	0.875563	0.274405
0.365505	0.75518	0.912959	0.963756	0.973322	0.968564	0.961085	0.954836	0.950105	0.946072	0.942811	0.941608	0.943729	0.948788	0.954817	0.959987	0.964389	0.970344	0.976871	0.98227	0.971899	0.92408	0.770921	0.432883
0.26095	1.15314	1.40785	1.48283	1.48887	1.47152	1.45013	1.43167	1.41742	1.40671	1.39873	1.39334	1.39066	1.39075	1.39352	1.39879	1.40613	1.41414	1.41835	1.40969	1.37056	1.26535	1.0169	0.274125
0.48172	0.8841	1.00647	1.02976	1.02054	1.00361	0.989229	0.980245	0.975781	0.973834	0.972635	0.97237	0.973438	0.976708	0.982948	0.992698	1.00567	1.02257	1.03672	1.0379	1.01636	0.945054	0.787812	0.457479
0.281267	1.09256	1.29322	1.33706	1.3268	1.30269	1.28075	1.26568	1.25691	1.25245	1.25046	1.24976	1.24962	1.25033	1.25309	1.25907	1.26802	1.27758	1.28257	1.27335	1.23072	1.11427	0.892156	0.254212
0.263186	1.10946	1.3368	1.39596	1.39421	1.373	1.34918	1.32877	1.31316	1.30207	1.29479	1.29068	1.28923	1.29016	1.29334	1.29866	1.30555	1.31226	1.31488	1.30563	1.26715	1.16659	0.934584	0.251844
0.20729	1.05614	1.33685	1.42812	1.44077	1.42366	1.39872	1.37494	1.35537	1.34059	1.33018	1.32346	1.31983	1.31889	1.32029	1.32347	1.32692	1.32759	1.3199	1.29431	1.23324	1.10355	0.839085	0.192304
0.159829	0.317971	0.383075	0.406128	0.410784	0.40807	0.403398	0.399098	0.395769	0.393518	0.392135	0.391559	0.391966	0.393376	0.395583	0.398259	0.401066	0.402938	0.402146	0.395916	0.380238	0.347551	0.280964	0.157288
0.258644	0.504757	0.597538	0.62714	0.632678	0.629318	0.624195	0.619804	0.616343	0.613516	0.611185	0.609864	0.610277	0.612371	0.616026	0.620736	0.625117	0.628434	0.628493	0.621727	0.601748	0.555876	0.455739	0.258613
0.256798	0.962653	1.1422	1.18619	1.18256	1.16567	1.15021	1.14003	1.13326	1.12689	1.1203	1.11549	1.11472	1.11834	1.12476	1.13213	1.13878	1.14285	1.14115	1.12701	1.08712	0.995994	0.796363	0.235242
0.446872	0.842749	0.966954	0.992547	0.985222	0.969949	0.956859	0.948275	0.943296	0.940113	0.937918	0.936619	0.937007	0.939506	0.943961	0.951231	0.961138	0.971066	0.978795	0.978398	0.959812	0.902872	0.759952	0.443499
0.276146	1.10366	1.31007	1.36223	1.35985	1.34143	1.3218	1.30596	1.29495	1.28824	1.28463	1.28287	1.28205	1.28238	1.28491	1.29081	1.30004	1.31074	1.31868	1.31539	1.28417	1.1932	0.978259	0.280444
0.280355	0.939958	1.09972	1.13569	1.12872	1.11025	1.09369	1.08284	1.07653	1.07239	1.06917	1.06703	1.06643	1.06759	1.07048	1.07503	1.08075	1.08626	1.08825	1.08028	1.0505	0.97504	0.801728	0.272585
0.264788	0.97988	1.1535	1.19382	1.18879	1.1713	1.15427	1.14155	1.13259	1.12575	1.12012	1.1159	1.11352	1.11358	1.11681	1.12384	1.13376	1.14375	1.14925	1.14342	1.1137	1.03366	0.841014	0.254176
0.394108	0.733163	0.841886	0.868185	0.866441	0.856582	0.845722	0.836615	0.829991	0.825896	0.823817	0.823435	0.824475	0.826387	0.829879	0.83542	0.842717	0.851802	0.86124	0.867276	0.861968	0.826152	0.713719	0.433816
0.266369	0.970237	1.14165	1.18405	1.18109	1.16359	1.14366	1.12643	1.11453	1.10917	1.10908	1.11101	1.11194	1.11149	1.11189	1.11551	1.12263	1.131	1.13668	1.13327	1.10826	1.03563	0.85288	0.264766
0.273598	0.91579	1.07605	1.1165	1.11486	1.10134	1.08889	1.08099	1.07608	1.07145	1.06629	1.06213	1.06087	1.06322	1.06863	1.07635	1.08517	1.09287	1.09505	1.08464	1.05015	0.968727	0.789708	0.266691
0.279118	1.1132	1.31872	1.3683	1.36306	1.34242	1.32185	1.3062	1.29573	1.28915	1.28508	1.28281	1.28214	1.2835	1.2877	1.29536	1.30603	1.31754	1.32497	1.31944	1.28463	1.18922	0.969823	0.275924
0.424417	0.807447	0.933784	0.96343	0.958611	0.943687	0.929476	0.919448	0.913144	0.909183	0.906566	0.905364	0.905727	0.908225	0.912837	0.920026	0.929135	0.938259	0.943502	0.939804	0.916822	0.856307	0.716547	0.419066
0.250694	0.944578	1.12868	1.1792	1.18045	1.16487	1.14584	1.12851	1.11444	1.10377	1.09646	1.0927	1.09263	1.09591	1.10164	1.10887	1.1162	1.12139	1.12049	1.10671	1.06697	0.976249	0.778455	0.228483
0.263731	0.510604	0.601589	0.629466	0.632804	0.626473	0.617601	0.609277	0.603025	0.599227	0.597995	0.598912	0.601793	0.606157	0.611728	0.617413	0.622418	0.625611	0.624155	0.614621	0.590486	0.540276	0.437205	0.243681
0.158187	0.315464	0.380509	0.403851	0.409306	0.407563	0.404157	0.401185	0.398887	0.397256	0.39606	0.395551	0.395446	0.396153	0.397815	0.400353	0.40299	0.404934	0.404258	0.398241	0.382792	0.35033	0.283737	0.159374
0.206747	1.05468	1.33605	1.42855	1.44338	1.42974	1.40965	1.39134	1.37643	1.36429	1.35427	1.34645	1.34114	1.3386	1.33872	1.341	1.34378	1.3439	1.33574	1.30961	1.24788	1.11719	0.85032	0.195542
0.263481	1.10906	1.33666	1.39699	1.3973	1.37904	1.3589	1.34235	1.32995	1.32075	1.31392	1.30927	1.3069	1.30697	1.30956	1.31462	1.32149	1.32824	1.33081	1.32126	1.28222	1.18054	0.946033	0.255632
0.273316	1.06467	1.26734	1.31813	1.31552	1.2975	1.2789	1.26455	1.25519	1.25011	1.24798	1.24732	1.24708	1.24748	1.24986	1.25554	1.26435	1.27385	1.27917	1.27084	1.22942	1.11472	0.8948	0.25631
0.442455	0.818042	0.935769	0.961365	0.9567	0.943517	0.931003	0.921929	0.916752	0.915078	0.915627	0.917487	0.919247	0.921669	0.926424	0.93497	0.946567	0.959594	0.969395	0.969888	0.947533	0.875231	0.734477	0.432178
0.260324	1.17155	1.42927	1.50117	1.50283	1.48147	1.45682	1.43583	1.41976	1.40787	1.39908	1.3926	1.388	1.38555	1.38606	1.39017	1.39723	1.40485	1.40783	1.39677	1.35408	1.24423	0.991301	0.260379
0.258701	0.960912	1.13659	1.18162	1.18101	1.1662	1.14911	1.1342	1.12282	1.11509	1.11041	1.1079	1.10685	1.10716	1.10938	1.11415	1.12142	1.13016	1.1375	1.13755	1.11747	1.04937	0.866863	0.265739
0.260364	0.965994	1.14016	1.18293	1.18012	1.16338	1.14487	1.12932	1.11837	1.11232	1.10991	1.10884	1.10713	1.10485	1.10416	1.10723	1.11425	1.12311	1.1298	1.12789	1.105	1.03441	0.852041	0.261837
0.261622	1.17361	1.43291	1.5069	1.51031	1.49	1.46559	1.4444	1.42836	1.41724	1.40986	1.40477	1.40106	1.39893	1.39948	1.40358	1.41056	1.41752	1.41893	1.40522	1.35862	1.24438	0.988331	0.258893
0.467878	0.867202	0.997493	1.02962	1.0276	1.01478	1.00083	0.989684	0.983155	0.982189	0.984636	0.987543	0.988615	0.988982	0.992498	1.00255	1.01824	1.03468	1.04347	1.03568	0.998102	0.904904	0.741006	0.426902
0.278087	1.08218	1.28587	1.33481	1.32934	1.30861	1.28818	1.27311	1.26389	1.2594	1.25787	1.25752	1.25707	1.25701	1.25938	1.26604	1.27634	1.28645	1.28981	1.27621	1.22645	1.10187	0.873888	0.246404
0.260593	1.09933	1.32741	1.38919	1.39032	1.37166	1.3499	1.33105	1.31661	1.30636	1.29952	1.29531	1.29321	1.29315	1.29547	1.30039	1.30738	1.31446	1.31732	1.30805	1.26917	1.168	0.934905	0.251619
0.205543	1.04875	1.32943	1.42188	1.43608	1.4206	1.3973	1.3751	1.3569	1.34306	1.3331	1.32629	1.32208	1.3202	1.32066	1.32315	1.32628	1.32694	1.31947	1.29425	1.23363	1.10441	0.840128	0.192562
0.159497	0.317146	0.381898	0.404829	0.409631	0.407132	0.402782	0.398887	0.396007	0.393833	0.392461	0.391929	0.392327	0.393484	0.395434	0.398136	0.400905	0.402896	0.402094	0.395933	0.380214	0.347521	0.280972	0.157299
0.138059	0.782767	1.02715	1.11583	1.13248	1.12245	1.10668	1.09297	1.08223	1.07314	1.06494	1.05804	1.05309	1.05061	1.05075	1.05309	1.05555	1.05392	1.04135	1.00806	0.940304	0.815169	0.590081	0.120931
0.240276	0.911833	1.1109	1.17134	1.17791	1.16535	1.14878	1.13411	1.12322	1.11632	1.11239	1.10976	1.10708	1.10469	1.10459	1.10851	1.1152	1.11985	1.11561	1.09385	1.04169	0.935479	0.725425	0.212467
0.259915	0.997233	1.18567	1.23439	1.23498	1.22041	1.20361	1.1891	1.17815	1.17076	1.16633	1.164	1.16313	1.16368	1.16618	1.17121	1.17868	1.18722	1.1933	1.18863	1.1544	1.05197	0.848387	0.245547
0.272634	1.11734	1.33517	1.39182	1.39161	1.37429	1.3549	1.33865	1.32664	1.3185	1.31335	1.31028	1.3086	1.30851	1.31093	1.31682	1.3263	1.33798	1.34675	1.34062	1.28586	0.971162	0.758089	0.177178
0.466342	0.86297	0.989325	1.01849	1.01467	1.00113	0.987389	0.976625	0.969111	0.964612	0.962619	0.962392	0.962865	0.964279	0.967982	0.975401	0.986374	1.00182	1.01567	1.01901	1.00149	0.935736	0.785321	0.459628
0.277284	0.932835	1.09559	1.13573	1.1323	1.11539	1.09743	1.08282	1.07232	1.06547	1.06127	1.05872	1.05711	1.05689	1.0596	1.06674	1.0778	1.08979	1.09721	1.09251	1.06426	0.988466	0.811214	0.274758
0.258378	1.16333	1.42138	1.49472	1.4979	1.47758	1.45319	1.43187	1.41538	1.40343	1.39494	1.38877	1.38421	1.38147	1.38157	1.3854	1.39252	1.40064	1.40463	1.39515	1.35455	1.24707	0.995962	0.262162
0.279561	0.937349	1.10206	1.14438	1.14303	1.12821	1.11236	1.0997	1.09066	1.08447	1.0803	1.07768	1.07645	1.0769	1.0796	1.08504	1.09283	1.10115	1.1063	1.10158	1.07477	1.00149	0.827303	0.282625
0.480837	0.886781	1.01447	1.0418	1.03523	1.0195	1.00482	0.994337	0.987937	0.984797	0.983991	0.984164	0.985463	0.988485	0.993898	1.00201	1.01214	1.02238	1.02824	1.02285	0.991947	0.908369	0.754143	0.441655
0.280566	1.14173	1.36087	1.41601	1.41379	1.39412	1.37252	1.35454	1.34167	1.33377	1.3296	1.32745	1.32604	1.32565	1.32773	1.3337	1.3434	1.35453	1.36123	1.35098	1.28994	0.968195	0.750612	0.174349
0.261559	1.0019	1.19358	1.24389	1.24427	1.2285	1.21004	1.19398	1.18195	1.17405	1.1695	1.16705	1.16569	1.16532	1.16677	1.17098	1.17814	1.18777	1.19541	1.19486	1.16395	1.0671	0.862031	0.243767
0.238314	0.900912	1.09803	1.15846	1.1652	1.15264	1.13561	1.12041	1.10941	1.10318	1.10062	1.09948	1.09771	1.09536	1.09445	1.09693	1.10223	1.10663	1.10432	1.08731	1.04199	0.943852	0.73987	0.218631
0.13735	0.77904	1.02252	1.11088	1.12702	1.11632	1.09982	1.08549	1.07443	1.06537	1.0575	1.05106	1.04653	1.04424	1.04431	1.0464	1.04865	1.04706	1.03496	1.00275	0.936515	0.813084	0.589457	0.120842
0.149593	0.856289	1.12871	1.2264	1.24739	1.23795	1.22005	1.20281	1.18901	1.17875	1.17104	1.16459	1.15847	1.15315	1.15022	1.15078	1.15308	1.15194	1.13954	1.1051	1.03096	0.891984	0.643002	0.130233
0.234878	0.969346	1.20206	1.27868	1.29205	1.28172	1.26483	1.24866	1.23575	1.22656	1.22036	1.21592	1.21227	1.2096	1.2089	1.21105	1.21529	1.21864	1.21555	1.19676	1.14573	1.03392	0.804335	0.223317
0.259262	0.992299	1.18425	1.23677	1.23992	1.22685	1.21078	1.19663	1.18582	1.17836	1.17363	1.17078	1.16915	1.16884	1.17067	1.17554	1.18358	1.19427	1.20309	1.20381	1.17414	1.07808	0.872245	0.247176
0.277511	1.07908	1.2837	1.33475	1.33182	1.3135	1.29497	1.28096	1.27164	1.26575	1.26192	1.25907	1.25649	1.25506	1.25719	1.26523	1.27867	1.29348	1.30273	1.29592	1.25346	1.13496	0.907403	0.258258
0.281013	1.119	1.32548	1.37596	1.37144	1.35079	1.32902	1.31111	1.29811	1.28957	1.28452	1.28193	1.28109	1.28201	1.28546	1.29227	1.30244	1.31447	1.32402	1.32241	1.29324	1.20383	0.987368	0.282935
0.466816	0.862598	0.98858	1.01785	1.01417	1.00085	0.987196	0.976337	0.968825	0.964311	0.961686	0.960681	0.961497	0.964284	0.969449	0.977188	0.987301	1.00135	1.01428	1.01689	0.99916	0.93357	0.783933	0.459012
0.449733	0.828704	0.945801	0.969841	0.963433	0.949064	0.93604	0.927038	0.921745	0.919415	0.918828	0.919552	0.920777	0.923152	0.9283	0.937666	0.950304	0.963907	0.974085	0.974368	0.95131	0.877809	0.735289	0.431382
0.285785	1.13416	1.3413	1.391	1.38558	1.36447	1.34287	1.32568	1.3135	1.30549	1.30047	1.29742	1.2958	1.29592	1.29874	1.30504	1.31462	1.32571	1.3341	1.33116	1.29979	1.20712	0.987548	0.279886
0.283169	1.09127	1.29363	1.34194	1.33639	1.31591	1.29536	1.27993	1.27072	1.26719	1.26708	1.26687	1.26371	1.2587	1.25625	1.26064	1.27163	1.284	1.28975	1.27803	1.22983	1.10673	0.87996	0.250121
0.260639	0.997015	1.18419	1.23201	1.23169	1.21605	1.19781	1.18182	1.16996	1.16268	1.15911	1.15745	1.15624	1.15547	1.1565	1.16078	1.16854	1.17814	1.18544	1.18228	1.14951	1.04868	0.84675	0.245348
0.233162	0.965463	1.19816	1.275	1.28834	1.27762	1.25979	1.24231	1.22824	1.21851	1.21243	1.20839	1.20496	1.20205	1.20083	1.20238	1.20625	1.20979	1.20781	1.19118	1.14325	1.03487	0.807745	0.22451
0.14867	0.851764	1.12321	1.22079	1.24163	1.23195	1.21374	1.19622	1.18231	1.17219	1.16485	1.15884	1.15305	1.1478	1.14468	1.1449	1.14694	1.14587	1.13413	1.10106	1.02882	0.891901	0.64434	0.130705
0.148421	0.850351	1.12143	1.21915	1.24031	1.23115	1.21367	1.19699	1.18378	1.17401	1.16665	1.16043	1.15449	1.14932	1.1465	1.14714	1.14958	1.14872	1.13679	1.10306	1.02974	0.891597	0.643203	0.130331
0.235972	0.893488	1.0903	1.15158	1.15979	1.14909	1.13443	1.12176	1.11268	1.10708	1.10386	1.10153	1.09897	1.09668	1.09668	1.10077	1.10798	1.11389	1.11188	1.09329	1.04514	0.942803	0.734982	0.216443
0.261045	1.10162	1.33175	1.39588	1.39969	1.38374	1.36453	1.34792	1.33519	1.32598	1.31956	1.31533	1.31303	1.31282	1.31538	1.3213	1.33013	1.33976	1.34572	1.33954	1.30303	1.20211	0.963886	0.258277
0.45639	0.855249	0.979179	1.00384	0.995116	0.977534	0.961053	0.948759	0.941045	0.937451	0.937234	0.939095	0.942175	0.946051	0.952298	0.962479	0.975947	0.989214	0.998132	0.996212	0.973371	0.909286	0.757151	0.434885
0.276326	1.07504	1.27946	1.33076	1.3281	1.30953	1.28992	1.27445	1.26443	1.25969	1.259	1.26049	1.26251	1.26451	1.26711	1.27106	1.27659	1.28268	1.2856	1.27629	1.2354	1.12155	0.901058	0.257585
0.274131	1.1235	1.34281	1.40018	1.39998	1.38219	1.36181	1.34413	1.33055	1.32106	1.31506	1.31196	1.31119	1.31263	1.31645	1.32291	1.33191	1.34233	1.34946	1.34134	1.28451	0.967825	0.753178	0.17458
0.277226	1.07666	1.28251	1.3357	1.33446	1.31624	1.29532	1.27697	1.26314	1.25432	1.24981	1.24812	1.24803	1.24957	1.25387	1.26197	1.27302	1.28375	1.28838	1.27695	1.23015	1.10834	0.881701	0.249747
0.470909	0.877546	0.99766	1.01569	1.00092	0.980192	0.964654	0.956399	0.952924	0.950995	0.94881	0.946944	0.945532	0.946448	0.951099	0.960536	0.973241	0.986608	0.995523	0.993865	0.971282	0.9078	0.756867	0.43637
0.268447	1.12233	1.34777	1.40472	1.4015	1.38006	1.35728	1.33903	1.32641	1.31864	1.31407	1.31077	1.3074	1.3044	1.30372	1.30718	1.31472	1.32371	1.32898	1.32186	1.285	1.18486	0.950834	0.257369
0.234946	0.889949	1.08792	1.15168	1.16202	1.15177	1.13458	1.11717	1.10367	1.09633	1.0943	1.09425	1.09316	1.09092	1.09018	1.09358	1.10061	1.10714	1.1068	1.09111	1.0468	0.948767	0.744496	0.220788
0.147637	0.846285	1.11746	1.2163	1.23874	1.23026	1.21247	1.19467	1.1802	1.16969	1.16227	1.15637	1.1507	1.14554	1.14255	1.14305	1.14551	1.14496	1.13373	1.10112	1.02922	0.892523	0.645006	0.130894
0.136247	0.773801	1.01665	1.10542	1.12256	1.11284	1.09742	1.0842	1.07408	1.06564	1.05798	1.05147	1.0468	1.0445	1.04472	1.04714	1.04986	1.04871	1.03685	1.00455	0.937854	0.813699	0.589328	0.120713
0.200801	1.02911	1.30894	1.40344	1.42072	1.40869	1.38911	1.37069	1.3559	1.34469	1.33629	1.32997	1.32535	1.32259	1.32228	1.32463	1.32844	1.3303	1.32423	1.30028	1.24065	1.11202	0.846754	0.194191
0.242379	0.916511	1.09851	1.15137	1.15664	1.14589	1.13224	1.12052	1.11179	1.1057	1.1017	1.09943	1.09876	1.09987	1.10318	1.10898	1.11646	1.12329	1.12537	1.11561	1.08079	0.99502	0.799943	0.236374
0.265084	1.11464	1.34311	1.40373	1.40396	1.38517	1.36403	1.34614	1.33234	1.32192	1.31432	1.30944	1.30745	1.30829	1.31177	1.31761	1.32514	1.33263	1.33619	1.32786	1.28989	1.18851	0.952632	0.256472
0.265368	1.01616	1.20603	1.25346	1.25211	1.23584	1.21784	1.20246	1.19043	1.18133	1.17482	1.17095	1.16982	1.17128	1.17492	1.18037	1.18743	1.19535	1.20129	1.19687	1.16322	1.06034	0.854694	0.245442
0.262059	0.997155	1.18848	1.23965	1.24128	1.22652	1.20855	1.19218	1.1789	1.16893	1.16199	1.15769	1.15576	1.15613	1.15889	1.16409	1.17146	1.17976	1.18543	1.18056	1.14587	1.04322	0.840199	0.244674
0.271352	1.135	1.36209	1.41822	1.41341	1.39046	1.3667	1.34785	1.33439	1.32512	1.3186	1.31379	1.31017	1.30815	1.30887	1.31324	1.32078	1.32913	1.33344	1.3253	1.28733	1.18606	0.951082	0.257265
0.25989	0.969713	1.14566	1.18479	1.17601	1.15455	1.13532	1.12322	1.11816	1.11834	1.12058	1.12099	1.11646	1.10827	1.10171	1.10176	1.10867	1.11768	1.12169	1.11246	1.07734	0.990919	0.796073	0.235096
0.206201	1.04877	1.32638	1.41612	1.42859	1.4127	1.39041	1.37049	1.3555	1.34531	1.33839	1.33272	1.32682	1.321	1.31718	1.31703	1.31981	1.32186	1.31668	1.29408	1.23631	1.10964	0.846699	0.194797
0.136217	0.772797	1.01556	1.10497	1.12274	1.11339	1.09755	1.08324	1.07197	1.06289	1.05522	1.04898	1.04439	1.04179	1.04154	1.04361	1.04623	1.04532	1.03399	1.00268	0.937251	0.814309	0.590692	0.121151
0.158175	0.315411	0.380667	0.404058	0.409117	0.406821	0.402668	0.398972	0.396388	0.394809	0.393898	0.39352	0.393788	0.3948	0.396556	0.398975	0.401829	0.403951	0.403349	0.39733	0.381382	0.348415	0.281432	0.157373
0.243418	0.476331	0.566285	0.595591	0.600039	0.595135	0.588311	0.582595	0.579029	0.577441	0.577363	0.578178	0.579081	0.580314	0.582755	0.587045	0.592442	0.59627	0.595591	0.586026	0.561497	0.511801	0.412928	0.230554
0.203385	1.03922	1.31786	1.40988	1.42467	1.41054	1.38932	1.36947	1.353	1.33951	1.32842	1.31965	1.31339	1.30987	1.30925	1.31125	1.31431	1.31504	1.3077	1.28263	1.22224	1.09342	0.831238	0.190087
0.247694	0.932206	1.12702	1.17984	1.1792	1.1625	1.14589	1.13398	1.1247	1.11469	1.10359	1.09447	1.09056	1.09245	1.09829	1.10579	1.11259	1.11583	1.11085	1.08989	1.03974	0.935727	0.727451	0.21361
0.244724	1.00526	1.23945	1.31135	1.31891	1.30381	1.28426	1.26694	1.25274	1.24068	1.23023	1.22187	1.21638	1.21411	1.21482	1.21792	1.2221	1.22473	1.22085	1.20146	1.14999	1.03772	0.807585	0.224438
0.245252	0.928876	1.12943	1.18859	1.19309	1.17861	1.16079	1.14541	1.1338	1.12556	1.11985	1.11594	1.11333	1.11236	1.11391	1.11851	1.12492	1.12956	1.12679	1.1085	1.06136	0.960358	0.753006	0.223562
0.208004	1.05707	1.33278	1.4177	1.4251	1.40539	1.38136	1.36132	1.34647	1.33545	1.32674	1.31945	1.31333	1.30892	1.30733	1.3091	1.31284	1.3147	1.30821	1.28343	1.22296	1.09393	0.831986	0.190959
0.265229	0.514036	0.603621	0.628403	0.628942	0.621607	0.613928	0.608583	0.605897	0.605259	0.605471	0.605408	0.604308	0.60242	0.60217	0.605495	0.611784	0.618026	0.620424	0.614136	0.593312	0.545472	0.443877	0.248652
0.158577	0.31485	0.379215	0.401853	0.406539	0.404133	0.400098	0.39662	0.394279	0.39277	0.391891	0.391457	0.391394	0.391569	0.392515	0.394623	0.397243	0.39952	0.399341	0.393848	0.37897	0.346797	0.280542	0.157002
0.152893	0.307005	0.3727	0.397828	0.404836	0.403584	0.398954	0.39353	0.388758	0.385285	0.383122	0.381982	0.381354	0.381039	0.381666	0.383575	0.386271	0.388307	0.387453	0.381042	0.364877	0.33212	0.266583	0.147771
0.136046	0.769627	1.00645	1.08912	1.10183	1.08909	1.07261	1.05999	1.0513	1.04437	1.03768	1.03105	1.02477	1.01967	1.01696	1.0172	1.01848	1.01565	1.00171	0.96768	0.900026	0.77713	0.559749	0.114086
0.151395	0.86317	1.13358	1.22756	1.24498	1.23304	1.21412	1.19696	1.18331	1.17239	1.16318	1.15514	1.14815	1.1429	1.14047	1.14136	1.14355	1.14203	1.12936	1.09507	1.02132	0.88374	0.637207	0.129066
0.150554	0.858651	1.12762	1.22102	1.23787	1.22545	1.20625	1.18896	1.17521	1.16416	1.15482	1.14681	1.14015	1.13553	1.13393	1.1357	1.13871	1.1378	1.12538	1.09099	1.01688	0.879403	0.633871	0.128579
0.137634	0.777081	1.01166	1.08938	1.09727	1.08136	1.06441	1.05308	1.04499	1.03576	1.02467	1.01511	1.01079	1.0128	1.01939	1.02795	1.03476	1.03448	1.01925	0.98013	0.904115	0.771436	0.547015	0.110073
0.156751	0.312375	0.375305	0.39644	0.399715	0.396046	0.390869	0.386472	0.383516	0.382031	0.381774	0.382093	0.382844	0.384337	0.386787	0.390163	0.393836	0.396498	0.395699	0.388763	0.371497	0.337239	0.270277	0.150372
