-5.05E+00
-5.04E+00
-4.98E+00
-5.41E+00
-5.04E+00
-4.84E+00
-4.86E+00
-5.28E+00
-5.47E+00
-5.71E+00
-5.44E+00
-4.92E+00
-5.39E+00
-5.86E+00
-5.20E+00
-5.52E+00
-4.86E+00
-5.61E+00
-5.08E+00
-4.65E+00
-4.62E+00
-4.61E+00
-4.83E+00
-5.26E+00
-4.30E+00
-4.39E+00
-5.25E+00
-4.11E+00
-4.37E+00
-4.02E+00
-4.77E+00
-4.96E+00
-4.86E+00
-5.11E+00
-5.17E+00
-5.03E+00
-4.98E+00
-5.19E+00
-5.16E+00
-4.70E+00
-4.85E+00
-5.13E+00
-5.08E+00
-5.13E+00
-4.92E+00
-5.47E+00
-5.00E+00
-5.23E+00
-5.22E+00
-4.94E+00
-5.13E+00
-4.91E+00
-5.34E+00
-5.57E+00
-5.12E+00
-4.78E+00
-4.40E+00
-4.38E+00
-4.73E+00
-4.54E+00
-4.51E+00
-4.88E+00
-4.79E+00
-4.74E+00
-4.77E+00
-4.82E+00
-4.65E+00
-4.28E+00
-4.87E+00
-4.74E+00
-4.59E+00
-4.27E+00
-4.67E+00
-4.40E+00
-4.30E+00
-4.79E+00
-4.84E+00
-4.65E+00
-3.97E+00
-3.98E+00
-4.04E+00
-5.05E+00
-4.96E+00
-4.40E+00
-4.60E+00
-4.42E+00
-4.60E+00
-4.30E+00
-3.82E+00
-4.94E+00
-4.50E+00
-4.22E+00
-4.29E+00
-4.81E+00
-4.63E+00
-4.61E+00
-4.08E+00
-4.10E+00
-4.80E+00
-4.41E+00
-3.87E+00
-3.84E+00
-4.11E+00
-4.05E+00
-4.17E+00
-4.07E+00
-3.99E+00
-3.97E+00
-3.83E+00
-3.69E+00
-4.00E+00
-3.99E+00
-4.05E+00
-4.03E+00
-4.67E+00
-4.61E+00
-4.88E+00
-4.67E+00
-4.47E+00
-3.78E+00
-3.59E+00
-3.43E+00
-3.85E+00
-4.29E+00
-4.04E+00
-4.03E+00
-4.36E+00
-3.77E+00
-3.76E+00
-3.90E+00
-4.18E+00
-3.92E+00
-3.94E+00
-4.34E+00
-4.30E+00
-4.49E+00
-4.54E+00
-4.22E+00
-3.96E+00
-3.83E+00
-3.87E+00
-3.59E+00
-3.68E+00
-3.44E+00
-3.55E+00
-3.62E+00
-3.96E+00
-3.70E+00
-3.72E+00
-3.63E+00
-3.68E+00
-3.99E+00
-3.92E+00
-3.80E+00
-3.41E+00
-3.73E+00
-3.68E+00
-3.81E+00
-3.68E+00
-3.48E+00
-3.50E+00
-3.63E+00
-3.61E+00
-3.85E+00
-3.97E+00
-3.52E+00
-3.39E+00
-3.47E+00
-3.45E+00
-3.16E+00
-2.06E+00
-5.39E+00
-5.43E+00
-3.71E+00
-3.36E+00
-4.05E+00
-4.34E+00
-3.52E+00
-3.32E+00
-3.67E+00
-4.08E+00
-3.73E+00
-3.33E+00
-3.99E+00
-4.09E+00
-3.82E+00
-3.21E+00
-3.26E+00
-3.58E+00
-3.83E+00
-3.38E+00
-3.11E+00
-3.23E+00
-2.81E+00
-3.63E+00
-3.70E+00
-3.63E+00
-3.58E+00
-3.29E+00
-3.13E+00
-2.96E+00
-3.17E+00
-3.60E+00
-3.46E+00
-3.10E+00
-3.35E+00
-3.26E+00
-3.32E+00
-3.13E+00
-3.52E+00
-3.39E+00
-3.34E+00
-2.64E+00
-3.21E+00
-3.37E+00
-3.28E+00
-2.96E+00
-2.96E+00
-2.93E+00
-3.51E+00
-3.38E+00
-4.37E+00
2.47E+01
-2.31E+00
-2.88E+00
-3.32E+00
-3.51E+00
-3.89E+00
-3.60E+00
-3.60E+00
-3.94E+00
-3.55E+00
-3.17E+00
-3.11E+00
-3.53E+00
-2.61E+00
-3.51E+00
-2.71E+00
-3.65E+00
-3.41E+00
-3.10E+00
-3.39E+00
-2.93E+00
-2.52E+00
-3.17E+00
-3.19E+00
-2.91E+00
-3.24E+00
-2.96E+00
-2.99E+00
-3.15E+00
-3.30E+00
-3.20E+00
-2.61E+00
-2.26E+00
-2.88E+00
-3.22E+00
-2.34E+00
-3.16E+00
-4.07E+00
-2.71E+00
-8.90E-01
-1.90E-01
-2.66E+00
-1.61E+00
-4.10E-01
1.47E+00
-1.43E+00
-4.20E-01
4.40E-01
2.24E+00
-6.80E-01
4.50E-01
1.42E+00
2.55E+00
3.72E+00
1.51E+00
1.96E+00
2.97E+00
-3.80E-01
1.57E+00
2.34E+00
3.64E+00
8.00E-01
1.87E+00
2.80E+00
3.47E+00
4.65E+00
5.37E+00
1.96E+00
3.63E+00
4.42E+00
2.30E+00
3.22E+00
