5.99E+00
5.77E+00
5.69E+00
5.65E+00
5.73E+00
5.72E+00
5.56E+00
5.36E+00
5.67E+00
5.61E+00
5.69E+00
5.61E+00
5.69E+00
5.40E+00
5.18E+00
5.20E+00
5.36E+00
5.35E+00
5.48E+00
5.35E+00
5.43E+00
5.42E+00
5.45E+00
5.37E+00
5.32E+00
5.38E+00
5.28E+00
5.07E+00
5.11E+00
5.09E+00
5.05E+00
4.99E+00
4.89E+00
4.85E+00
4.89E+00
4.88E+00
4.85E+00
4.88E+00
4.90E+00
4.80E+00
4.89E+00
4.69E+00
4.70E+00
4.47E+00
4.56E+00
4.57E+00
4.65E+00
4.53E+00
4.47E+00
4.55E+00
4.48E+00
4.50E+00
4.40E+00
4.36E+00
4.33E+00
4.35E+00
4.22E+00
4.23E+00
4.28E+00
4.22E+00
4.31E+00
4.24E+00
4.12E+00
4.15E+00
4.17E+00
4.19E+00
4.18E+00
4.04E+00
4.10E+00
4.03E+00
4.05E+00
4.02E+00
4.08E+00
4.04E+00
4.00E+00
3.94E+00
3.93E+00
3.87E+00
3.88E+00
3.90E+00
3.89E+00
3.83E+00
3.81E+00
3.75E+00
3.82E+00
3.84E+00
3.69E+00
3.74E+00
3.71E+00
3.61E+00
3.63E+00
3.66E+00
3.55E+00
3.63E+00
3.77E+00
3.77E+00
3.83E+00
3.77E+00
3.78E+00
3.81E+00
3.76E+00
3.84E+00
3.71E+00
3.42E+00
3.40E+00
3.41E+00
3.28E+00
3.30E+00
3.29E+00
3.28E+00
3.19E+00
3.10E+00
3.09E+00
3.10E+00
3.02E+00
3.03E+00
2.99E+00
2.94E+00
2.94E+00
3.07E+00
3.44E+00
3.42E+00
3.07E+00
2.85E+00
2.82E+00
2.89E+00
2.82E+00
2.77E+00
2.76E+00
2.79E+00
2.67E+00
2.67E+00
2.66E+00
2.66E+00
2.88E+00
2.91E+00
2.69E+00
2.56E+00
2.53E+00
2.53E+00
2.55E+00
2.52E+00
2.50E+00
2.50E+00
2.39E+00
2.44E+00
2.36E+00
2.33E+00
2.28E+00
2.29E+00
2.37E+00
2.27E+00
2.23E+00
2.31E+00
2.28E+00
2.25E+00
2.20E+00
2.12E+00
2.12E+00
2.06E+00
2.07E+00
2.12E+00
2.03E+00
1.95E+00
1.96E+00
2.04E+00
1.95E+00
1.90E+00
1.97E+00
1.85E+00
2.79E+00
1.92E+00
1.88E+00
1.80E+00
1.81E+00
1.76E+00
1.72E+00
1.75E+00
1.76E+00
1.65E+00
1.71E+00
1.65E+00
1.62E+00
1.63E+00
1.61E+00
1.49E+00
1.57E+00
1.59E+00
1.52E+00
1.42E+00
1.47E+00
1.39E+00
1.48E+00
1.57E+00
1.38E+00
1.32E+00
1.35E+00
1.35E+00
1.28E+00
1.25E+00
1.25E+00
1.21E+00
1.20E+00
1.18E+00
1.21E+00
1.16E+00
1.14E+00
1.08E+00
1.06E+00
1.11E+00
1.01E+00
9.60E-01
1.01E+00
9.50E-01
1.00E+00
9.30E-01
9.20E-01
9.10E-01
8.40E-01
8.70E-01
8.30E-01
8.30E-01
1.73E+00
1.01E+00
7.80E-01
7.30E-01
7.30E-01
6.60E-01
7.20E-01
6.70E-01
6.60E-01
6.00E-01
6.30E-01
5.70E-01
5.30E-01
5.40E-01
5.00E-01
4.70E-01
4.80E-01
4.70E-01
4.70E-01
4.30E-01
4.40E-01
3.50E-01
3.40E-01
3.40E-01
3.30E-01
2.50E-01
2.80E-01
2.40E-01
2.20E-01
1.80E-01
1.70E-01
1.80E-01
2.00E-01
1.80E-01
1.80E-01
1.20E-01
1.60E-01
6.00E-02
5.00E-02
1.20E-01
1.50E-01
1.40E-01
1.50E-01
1.30E-01
8.00E-02
1.50E-01
1.20E-01
1.20E-01
1.10E-01
1.20E-01
1.10E-01
8.00E-02
1.30E-01
1.50E-01
1.40E-01
1.00E-01
9.00E-02
6.00E-02
1.40E-01
1.20E-01
9.00E-02
1.50E-01
1.20E-01
1.10E-01
1.50E-01
1.40E-01
1.00E-01
1.40E-01
1.40E-01
1.30E-01
1.30E-01
1.20E-01
