0.32
0.9
1.02
1.01
0.89
0.33
0.34
0.57
1.18
1.01
1.24
1
1.18
0.56
0.34
0.96
1.21
1.06
1.22
0.94
0.95
1.21
1.05
1.19
0.94
1.12
1.04
1.22
0.94
1.24
0.97
1.23
0.94
1.23
1.02
1.1
1.13
1.33
0.97
1.26
1.1
0.86
0.86
1.1
1.28
0.97
1.3
1.1
0.96
1.05
0.98
1.23
0.89
0.89
1.24
0.89
0.88
1.24
0.97
1.04
0.95
0.34
1.2
1.23
1.27
0.88
1.25
1.02
1.02
1.23
0.89
1.27
1.22
1.19
0.34
0.58
1.07
0.95
1.11
0.9
1.03
0.74
1.02
0.89
1.11
0.95
1.06
0.52
0.35
1.21
1.21
1.26
0.89
1.24
1.02
1.02
1.24
0.88
1.28
1.24
1.2
0.33
0.97
1.04
0.96
1.22
0.87
0.89
1.23
0.89
0.86
1.21
0.97
1.05
0.96
1.12
1.31
0.97
1.26
1.1
0.87
0.87
1.11
1.25
0.96
1.31
1.12
1.11
1.03
1.22
0.94
1.25
1.21
1.28
0.95
1.23
1.04
1.11
0.95
1.18
1.05
1.21
0.96
0.96
1.22
1.06
1.21
0.95
0.33
0.51
1.16
1
1.26
0.99
1.16
0.56
0.34
0.32
0.88
1.02
1.02
0.88
0.32
