0.37
0.94
1.03
1.02
0.93
0.37
0.38
0.62
1.24
1.02
1.21
1
1.22
0.61
0.37
0.98
1.25
1.06
1.19
0.95
0.95
1.17
1.04
1.22
0.95
1.1
1.03
1.17
0.93
1.2
1.02
1.19
0.92
1.17
1.01
1.06
1.1
1.26
0.96
1.2
1.09
0.91
0.91
1.08
1.21
0.95
1.22
1.07
0.98
1.03
0.96
1.2
0.92
0.94
1.33
0.94
0.91
1.2
0.95
1.02
0.96
0.38
1.23
1.17
1.21
0.9
1.32
1.08
1.08
1.31
0.91
1.19
1.15
1.21
0.37
0.62
1.05
0.92
1.07
0.94
1.08
0.81
1.07
0.92
1.07
0.92
1.03
0.55
0.39
1.24
1.16
1.19
0.91
1.31
1.07
1.07
1.31
0.89
1.2
1.17
1.22
0.37
0.98
1.02
0.94
1.19
0.89
0.94
1.31
0.93
0.88
1.17
0.95
1.02
0.97
1.09
1.24
0.95
1.19
1.07
0.89
0.89
1.08
1.18
0.94
1.23
1.09
1.09
1.01
1.16
0.92
1.18
1.18
1.21
0.93
1.17
1.02
1.08
0.97
1.22
1.04
1.16
0.95
0.95
1.17
1.05
1.23
0.97
0.37
0.55
1.2
1
1.21
0.99
1.21
0.6
0.37
0.36
0.91
1.02
1.02
0.92
0.36
