0.38
0.94
1.01
1.01
0.92
0.38
0.4
0.64
1.22
1.02
1.2
1
1.2
0.62
0.38
0.97
1.23
1.06
1.18
0.96
0.96
1.16
1.04
1.2
0.94
1.07
1.02
1.16
0.94
1.2
1.03
1.19
0.93
1.16
1
1.03
1.07
1.24
0.96
1.19
1.1
0.93
0.92
1.09
1.2
0.95
1.2
1.04
0.97
1.02
0.97
1.2
0.93
0.96
1.32
0.96
0.92
1.19
0.95
1
0.94
0.39
1.22
1.17
1.2
0.91
1.32
1.09
1.09
1.3
0.92
1.18
1.14
1.19
0.39
0.64
1.05
0.93
1.09
0.96
1.1
0.85
1.08
0.94
1.08
0.92
1.03
0.57
0.4
1.23
1.16
1.19
0.92
1.31
1.09
1.08
1.3
0.91
1.19
1.15
1.2
0.38
0.98
1.02
0.95
1.19
0.91
0.96
1.31
0.95
0.9
1.17
0.95
1.01
0.95
1.07
1.22
0.96
1.19
1.09
0.91
0.91
1.09
1.18
0.94
1.21
1.06
1.06
1.01
1.16
0.93
1.18
1.18
1.2
0.94
1.16
1.01
1.05
0.96
1.21
1.04
1.16
0.95
0.96
1.16
1.05
1.21
0.96
0.38
0.58
1.19
1
1.19
0.99
1.19
0.62
0.39
0.38
0.92
1.01
1
0.91
0.38
