5.53878
0.0229368
0.512736
0.0662662
0.140079
-0.350678
-0.0696111
-0.122242
-0.469606
-0.444525
-0.442286
-0.477963
-0.418471
-0.841621
-0.869417
-0.633027
-0.89556
-0.818915
-0.519708
-1.10436
-0.867188
-0.502211
-0.719991
-0.872562
-1.55967
-0.113611
-2.18556
-0.464891
-0.650382
-0.874312
-1.40632
-0.932747
-1.15617
-1.17511
-1.40674
-1.44157
-0.909937
-1.24331
-0.988912
-0.759301
-1.57185
-1.25189
-1.39709
-1.25845
-1.61254
-1.54631
-1.41009
-1.62256
-1.55473
-1.33432
-1.28129
-1.1714
-1.29169
-1.26301
-1.36834
-1.41223
-1.40047
-1.4272
-1.56464
-1.39747
-5.96197
-0.566651
-1.41166
-2.16049
-2.33582
-2.24696
-2.07059
-1.79407
-1.6851
-1.9122
-1.71918
-1.83272
-2.10482
-1.54401
-1.80712
-2.33037
-2.37379
-2.09427
-2.05104
-2.35383
-2.15735
-2.20835
-1.70989
-1.91179
-2.28099
-2.41584
-2.03869
-2.28993
-2.05187
-2.22978
-2.37074
-2.26952
-2.4166
9.63354
11.4503
11.889
3.52833
-4.6049
-1.75519
-2.18528
-2.46911
-3.00022
-2.59508
-2.49418
-2.18615
-2.73061
-2.59835
-1.93635
-3.21859
-3.07446
-3.19909
-1.45544
-3.37748
-2.71165
-2.65333
-2.69006
-2.89246
-2.33531
-3.01148
-3.07018
-2.83036
-2.42296
-2.89271
-2.35121
-2.39682
-3.05267
-3.53102
-2.62433
-2.70025
-2.98765
-2.58986
-2.78629
-2.83454
-2.95792
-3.57651
-4.78704
