10.3885
7.53828
7.23465
7.22783
7.22135
7.19489
7.17005
7.13321
7.08633
7.05537
7.01313
6.98304
6.9508
6.90358
6.86714
6.8499
6.79968
6.77253
6.74941
6.70399
6.68695
6.66239
6.61985
6.59309
6.55319
6.53495
6.49876
6.49156
6.4656
6.43356
6.4038
6.386
6.3487
6.32444
6.29808
6.26552
6.25053
6.22431
6.20005
6.17117
6.13769
6.12159
6.08627
6.06819
6.0328
5.99532
5.98616
5.95976
5.9308
5.90034
5.87284
5.86173
5.82475
5.79659
5.77613
5.75457
5.72839
5.70737
5.67905
5.65521
5.99891
5.63204
5.5724
5.53584
5.51162
5.48502
5.46277
5.44943
5.41665
5.39831
5.37469
5.35241
5.32161
5.30301
5.27669
5.24186
5.21328
5.1916
5.1658
5.13886
5.11144
5.09878
5.0751
5.04968
5.01904
4.99204
4.96534
4.9405
4.91653
4.89781
4.86585
4.83993
4.81499
7.02522
8.45162
8.65968
6.72036
4.79847
4.74051
4.73509
4.71517
4.69658
4.69426
4.68062
4.65932
4.62218
4.58722
4.56892
4.53386
4.50248
4.48472
4.46688
4.42694
4.41341
4.38787
4.36983
4.34175
4.31677
4.28815
4.26188
4.23988
4.21738
4.18902
4.16718
4.1519
4.10836
4.08108
4.06943
4.04739
4.01501
4.00091
3.97097
3.94981
3.92329
3.88305
3.26536
