0.0423291	0.195164	0.264965	0.306132	0.332866	0.350525	0.362165	0.369895	0.3755	0.380231	0.384382	0.387429	0.388817	0.388527	0.386965	0.384221	0.379247	0.36988	0.353821	0.329116	0.293792	0.244728	0.172429	0.0406908
0.0638659	0.488443	0.720469	0.856553	0.936477	0.983286	1.01193	1.03082	1.04386	1.05253	1.05735	1.05855	1.05629	1.05097	1.04282	1.03097	1.01186	0.979452	0.927105	0.849153	0.740206	0.592249	0.385849	0.0592368
0.0727275	0.554758	0.816861	0.96942	1.05784	1.10826	1.13748	1.15536	1.16727	1.17578	1.18152	1.18387	1.1821	1.17604	1.16584	1.15047	1.12619	1.08677	1.02545	0.936347	0.813792	0.649448	0.422665	0.0654857
0.072903	0.555773	0.81824	0.970584	1.05912	1.11109	1.14414	1.16719	1.18284	1.19102	1.19216	1.188	1.18028	1.17041	1.1591	1.14557	1.12494	1.0887	1.02795	0.936194	0.808598	0.639191	0.412008	0.0635933
0.065984	0.502971	0.739432	0.87609	0.954803	1.00008	1.02775	1.04628	1.059	1.06685	1.07034	1.07027	1.06735	1.062	1.05404	1.04216	1.02269	0.989743	0.93682	0.857939	0.747127	0.596732	0.38939	0.0601519
0.0477096	0.218122	0.289602	0.32712	0.348523	0.361599	0.371179	0.379483	0.386773	0.392611	0.396817	0.399702	0.401594	0.402588	0.40244	0.400566	0.395558	0.38524	0.367382	0.340014	0.301345	0.248625	0.173049	0.040282
0.0448192	0.205925	0.276973	0.317099	0.342033	0.358177	0.369352	0.37764	0.384033	0.388967	0.392567	0.394809	0.395669	0.395355	0.394185	0.392107	0.388058	0.380007	0.365696	0.343041	0.309571	0.261482	0.187766	0.0449769
0.0720355	0.313253	0.417259	0.474568	0.50932	0.532049	0.548816	0.562608	0.574233	0.583555	0.590044	0.593069	0.592166	0.588171	0.582984	0.577919	0.571706	0.560576	0.540297	0.507491	0.458567	0.388325	0.280802	0.0725417
0.0941988	0.687469	0.990987	1.16142	1.25912	1.31664	1.35323	1.37881	1.39744	1.41031	1.4176	1.41937	1.41586	1.40774	1.39569	1.37906	1.35424	1.31485	1.25316	1.16107	1.02872	0.840988	0.565566	0.0925173
0.128131	0.693539	0.943548	1.07762	1.15556	1.20346	1.23546	1.25893	1.27719	1.2915	1.30178	1.30725	1.30696	1.30135	1.2917	1.27841	1.25815	1.22418	1.169	1.08697	0.975767	0.824338	0.571471	0.114043
0.125322	0.730082	1.00659	1.15501	1.24025	1.29102	1.32293	1.34423	1.35887	1.36857	1.37403	1.37546	1.37291	1.36645	1.35591	1.34014	1.31619	1.27918	1.22313	1.14117	1.02392	0.856161	0.600776	0.122527
0.133842	0.72628	0.986685	1.12395	1.20181	1.248	1.27765	1.29836	1.31324	1.32341	1.32956	1.33251	1.33276	1.32992	1.32252	1.30831	1.28448	1.24747	1.19261	1.11353	1.00125	0.839866	0.592819	0.125633
0.0996842	0.727732	1.04694	1.22434	1.32408	1.38036	1.41331	1.43392	1.4477	1.45717	1.46292	1.46446	1.46112	1.45293	1.44021	1.42216	1.39524	1.35321	1.28835	1.1922	1.0543	0.859716	0.577854	0.0947329
0.0743962	0.351268	0.467906	0.532368	0.572211	0.59817	0.615922	0.628673	0.638457	0.646403	0.652552	0.656083	0.656227	0.653595	0.649996	0.646641	0.641637	0.630084	0.606531	0.567116	0.508555	0.425508	0.301154	0.0686264
0.0454272	0.208791	0.281145	0.322295	0.34819	0.365164	0.376888	0.385377	0.391704	0.396427	0.399746	0.401654	0.402153	0.401492	0.400038	0.397765	0.393577	0.385355	0.370806	0.347789	0.313862	0.264959	0.189658	0.0452507
0.0649883	0.497	0.732805	0.870764	0.951574	0.998881	1.02798	1.04723	1.06022	1.06828	1.07218	1.07282	1.0709	1.06688	1.06056	1.05048	1.03274	1.0012	0.949109	0.870262	0.758512	0.606131	0.395604	0.0610608
0.095906	0.700116	1.00784	1.17922	1.27631	1.3328	1.36863	1.39372	1.41166	1.42328	1.42908	1.43002	1.42714	1.42117	1.4121	1.3984	1.3759	1.33796	1.27669	1.18348	1.04788	0.85523	0.575348	0.0943563
0.128012	0.602097	0.791991	0.886863	0.940068	0.974598	1.00267	1.02845	1.05047	1.06581	1.07402	1.07773	1.07989	1.0813	1.08026	1.07415	1.06002	1.03464	0.9938	0.9323	0.842311	0.711473	0.508881	0.119441
0.134707	0.868568	1.19788	1.36332	1.45358	1.50727	1.54347	1.57065	1.59158	1.60663	1.61579	1.61941	1.61798	1.61218	1.60246	1.58812	1.56602	1.5303	1.473	1.38394	1.2488	1.04305	0.72269	0.132011
0.147299	0.769641	1.02006	1.14644	1.21895	1.26452	1.29564	1.31825	1.33537	1.34851	1.3581	1.36385	1.36545	1.36315	1.35749	1.34827	1.33334	1.30814	1.26601	1.19648	1.08295	0.911598	0.655396	0.14208
0.15073	0.786408	1.04038	1.16729	1.23916	1.28371	1.31384	1.33549	1.35139	1.36287	1.37064	1.37517	1.37674	1.37536	1.37063	1.36148	1.34565	1.31916	1.27594	1.20565	1.09102	0.918048	0.660796	0.143497
0.139192	0.897652	1.23815	1.40947	1.50274	1.55713	1.59182	1.61572	1.63265	1.64411	1.65076	1.65302	1.65117	1.64542	1.63553	1.62021	1.59615	1.55778	1.49742	1.40486	1.26543	1.05514	0.731548	0.134255
0.131359	0.618467	0.821051	0.929484	0.99434	1.0349	1.0604	1.0768	1.08955	1.10271	1.11615	1.12575	1.12735	1.12096	1.11048	1.099	1.08463	1.06064	1.0193	0.954362	0.859144	0.722513	0.514824	0.121262
0.0983261	0.717557	1.0329	1.20901	1.3096	1.36891	1.40681	1.43305	1.45116	1.46195	1.46582	1.46362	1.45642	1.44538	1.43118	1.41297	1.38712	1.34731	1.28588	1.19451	1.06245	0.872741	0.589969	0.0968754
0.0660695	0.503803	0.740237	0.876755	0.955829	1.00251	1.03269	1.05415	1.06908	1.07743	1.07966	1.07742	1.07248	1.06588	1.0574	1.04548	1.02634	0.994307	0.943169	0.867152	0.75997	0.611966	0.401424	0.0620092
0.073942	0.565671	0.834576	0.992292	1.08493	1.13895	1.17149	1.19215	1.20545	1.21333	1.21681	1.2167	1.2135	1.20759	1.19877	1.1855	1.16356	1.12635	1.06656	0.977439	0.852076	0.68152	0.445571	0.0693159
0.128996	0.701734	0.957174	1.09458	1.17471	1.22368	1.25569	1.27791	1.29358	1.30408	1.31061	1.31461	1.31724	1.31862	1.31759	1.31169	1.29631	1.26483	1.20994	1.1246	1.00148	0.828036	0.573158	0.119523
0.135717	0.875195	1.20542	1.36961	1.45781	1.50948	1.54413	1.57004	1.58938	1.60212	1.60874	1.6108	1.60998	1.60723	1.60227	1.59327	1.57601	1.54376	1.48781	1.39751	1.25847	1.04776	0.724382	0.132529
0.156373	0.761202	1.00308	1.11758	1.1777	1.21519	1.246	1.27517	1.30054	1.31814	1.32718	1.3307	1.33219	1.33334	1.33366	1.33138	1.32233	1.29977	1.25542	1.18051	1.06494	0.893546	0.631487	0.147191
0.143014	0.873563	1.1843	1.33892	1.42329	1.47367	1.50628	1.52917	1.54707	1.56265	1.57575	1.58389	1.5848	1.57965	1.57255	1.56633	1.5575	1.53574	1.48774	1.3988	1.24999	1.02776	0.708109	0.133762
0.139201	0.87574	1.1883	1.34071	1.42314	1.47269	1.50598	1.53026	1.54864	1.56244	1.57212	1.57772	1.57933	1.57753	1.57309	1.56577	1.55259	1.52706	1.47843	1.38682	1.17114	0.834838	0.557089	0.092968
0.146205	0.890038	1.20246	1.355	1.43672	1.48582	1.51976	1.54573	1.56562	1.57951	1.58773	1.59146	1.59206	1.59099	1.58934	1.58669	1.57786	1.5525	1.49779	1.3998	1.24097	1.01064	0.688903	0.129514
0.158167	0.767792	1.01206	1.1289	1.19167	1.23233	1.26661	1.29884	1.32571	1.34229	1.34839	1.34918	1.35022	1.35312	1.35507	1.35195	1.33911	1.31135	1.26225	1.18396	1.0667	0.89502	0.63331	0.148201
0.138999	0.894275	1.22896	1.39417	1.48301	1.53681	1.57576	1.60732	1.63155	1.64638	1.65155	1.64938	1.64269	1.63317	1.62079	1.60396	1.57928	1.54149	1.48343	1.39524	1.26227	1.05879	0.737597	0.135607
0.133456	0.719374	0.9708	1.09957	1.17145	1.21729	1.25426	1.28744	1.31287	1.32469	1.32294	1.31433	1.30569	1.29926	1.29234	1.28086	1.26081	1.22845	1.17929	1.10825	1.01074	0.87168	0.619942	0.126632
0.0751651	0.573381	0.842749	0.998316	1.08832	1.14107	1.1745	1.19761	1.21318	1.22148	1.2231	1.21972	1.21311	1.20428	1.19296	1.17744	1.15367	1.11564	1.05671	0.970563	0.850112	0.684622	0.449948	0.0701095
0.0736464	0.563269	0.831176	0.988612	1.08131	1.13543	1.16788	1.18832	1.20157	1.20983	1.214	1.2144	1.21115	1.20468	1.19531	1.18199	1.16054	1.12394	1.06456	0.975778	0.85124	0.681776	0.445299	0.0691088
0.124686	0.724618	1.00057	1.15128	1.24008	1.29395	1.32781	1.34986	1.36467	1.37476	1.38135	1.38478	1.38512	1.38248	1.37673	1.3665	1.34811	1.31562	1.26196	1.1796	1.05892	0.884653	0.619249	0.125051
0.147252	0.769714	1.01853	1.14273	1.21306	1.25685	1.28679	1.30857	1.32463	1.33613	1.34391	1.34888	1.35185	1.35331	1.35314	1.3501	1.34096	1.32027	1.28067	1.21118	1.09504	0.919319	0.659478	0.142899
0.14464	0.882049	1.19055	1.33969	1.41789	1.46325	1.49319	1.5153	1.53227	1.54482	1.55316	1.55754	1.55848	1.55795	1.55886	1.56247	1.56323	1.5484	1.50242	1.41002	1.25342	1.02225	0.696561	0.130432
0.136233	0.855019	1.15759	1.30329	1.38041	1.42589	1.45655	1.47964	1.49802	1.51266	1.52392	1.53205	1.53731	1.53997	1.54001	1.53642	1.52617	1.50374	1.46098	1.38648	1.2635	1.06751	0.750222	0.139359
0.140024	0.648265	0.840278	0.934773	0.988699	1.02382	1.04943	1.0698	1.08692	1.10166	1.11405	1.12361	1.12993	1.13345	1.13529	1.13593	1.13325	1.12214	1.09531	1.04327	0.951868	0.809444	0.591904	0.140958
0.140757	0.651188	0.846391	0.941519	0.995039	1.02993	1.0569	1.08	1.09973	1.11547	1.1268	1.13386	1.13701	1.13763	1.13775	1.13847	1.13704	1.12659	1.09808	1.04149	0.943037	0.793477	0.573827	0.138002
0.138155	0.863986	1.16578	1.30921	1.3848	1.43119	1.46595	1.49519	1.51899	1.5358	1.54549	1.54997	1.55155	1.55155	1.54974	1.54446	1.53203	1.50652	1.45977	1.3809	1.25464	1.05874	0.744723	0.139605
0.148479	0.903023	1.21065	1.353	1.42534	1.47099	1.5107	1.54981	1.58337	1.60426	1.61065	1.60699	1.59871	1.58951	1.58054	1.57113	1.55666	1.52836	1.47507	1.38346	1.23494	1.01573	0.700776	0.132845
0.15206	0.792435	1.04226	1.16221	1.22776	1.26966	1.30252	1.33104	1.35402	1.36885	1.37519	1.37549	1.37262	1.36803	1.36129	1.35081	1.33408	1.3074	1.26523	1.1977	1.08781	0.920472	0.665901	0.145241
0.128474	0.746345	1.02676	1.1759	1.26126	1.3131	1.3479	1.37325	1.39115	1.40152	1.40488	1.40289	1.39728	1.38895	1.37761	1.36172	1.33804	1.3018	1.24717	1.16711	1.05141	0.883274	0.622849	0.127273
0.0746013	0.569746	0.840014	0.998192	1.09092	1.14505	1.17785	1.19888	1.21257	1.22067	1.22396	1.22293	1.21802	1.20975	1.19838	1.18289	1.15936	1.12131	1.06147	0.973043	0.848947	0.679841	0.445087	0.0693456
0.0647849	0.495179	0.730094	0.867794	0.94872	0.996234	1.02538	1.04454	1.05759	1.06609	1.07073	1.07198	1.07018	1.06588	1.05934	1.04954	1.03255	1.00182	0.950237	0.871834	0.761007	0.60951	0.397451	0.0611881
0.127538	0.689783	0.939995	1.07584	1.15584	1.20497	1.23637	1.25751	1.2731	1.286	1.29674	1.30394	1.30604	1.30355	1.29866	1.29224	1.27999	1.25285	1.20105	1.11804	1.00204	0.843009	0.580561	0.115321
0.146226	0.762161	1.00904	1.13325	1.2043	1.24883	1.27918	1.30119	1.31785	1.33079	1.34062	1.34724	1.35054	1.35086	1.34875	1.34384	1.33341	1.31219	1.27286	1.20486	1.0915	0.919368	0.661264	0.14373
0.13789	0.866251	1.17479	1.32566	1.40737	1.45598	1.48748	1.50918	1.52497	1.53697	1.54599	1.55187	1.55448	1.5544	1.55262	1.54893	1.54004	1.51881	1.47388	1.38527	1.17195	0.837808	0.560277	0.0937656
0.139843	0.647492	0.841085	0.936725	0.990895	1.02542	1.05005	1.06923	1.08499	1.09825	1.10921	1.1177	1.12356	1.12735	1.13014	1.13216	1.13097	1.1218	1.09606	1.04641	0.955707	0.815948	0.596503	0.139555
0.127496	0.626635	0.826494	0.926119	0.981825	1.0165	1.04133	1.06149	1.07903	1.09465	1.10838	1.11985	1.12868	1.13502	1.13933	1.14132	1.13836	1.12522	1.0953	1.04147	0.954552	0.818587	0.593387	0.135577
0.105967	0.71174	0.999118	1.15272	1.23912	1.29135	1.32692	1.35414	1.37635	1.39464	1.40937	1.42074	1.42893	1.43417	1.43642	1.43449	1.4249	1.40165	1.35668	1.27984	1.15733	0.969133	0.674489	0.120194
0.127019	0.623844	0.825146	0.927736	0.987109	1.02561	1.05393	1.07682	1.09599	1.11196	1.12499	1.13537	1.14336	1.14926	1.15314	1.15431	1.15005	1.13561	1.10508	1.05165	0.966196	0.832254	0.608171	0.140673
0.141999	0.656697	0.847242	0.938412	0.989225	1.02256	1.04823	1.06994	1.08825	1.10275	1.11345	1.12112	1.12672	1.13098	1.13399	1.13494	1.13108	1.11761	1.08797	1.03337	0.940622	0.798589	0.583736	0.140039
0.143341	0.895907	1.20588	1.35166	1.42737	1.47276	1.50579	1.53308	1.55559	1.57237	1.58306	1.58838	1.58942	1.58702	1.58139	1.57156	1.55464	1.52508	1.47331	1.38053	1.16623	0.833831	0.558361	0.0937435
0.150865	0.786392	1.03815	1.16238	1.23187	1.27508	1.30527	1.32825	1.34615	1.35966	1.36903	1.37449	1.37625	1.37444	1.36887	1.35866	1.34167	1.31407	1.27001	1.19962	1.08571	0.914359	0.659015	0.143633
0.130487	0.70611	0.964393	1.10533	1.18874	1.23984	1.27213	1.29335	1.30832	1.31989	1.32864	1.33335	1.33253	1.32642	1.31681	1.30449	1.28588	1.25328	1.19826	1.11355	0.991974	0.821272	0.570072	0.119855
0.0652982	0.498882	0.736349	0.87621	0.958811	1.00729	1.03672	1.05566	1.06826	1.07632	1.08058	1.0814	1.07891	1.07343	1.06516	1.05324	1.03414	1.00172	0.949106	0.87005	0.758358	0.606192	0.395845	0.061184
0.0452757	0.207774	0.27914	0.319375	0.34442	0.360768	0.372185	0.380664	0.387108	0.391923	0.395358	0.397655	0.399022	0.399628	0.399503	0.39828	0.394757	0.386949	0.372753	0.350172	0.316692	0.268093	0.192597	0.0459511
0.0965926	0.70513	1.01425	1.18621	1.2839	1.34127	1.37825	1.40454	1.42337	1.43531	1.44106	1.44223	1.44041	1.43637	1.42954	1.4178	1.39667	1.35957	1.2988	1.20609	1.07104	0.877486	0.591201	0.0967868
0.13416	0.863685	1.19058	1.35488	1.44464	1.49808	1.53401	1.56076	1.58108	1.59549	1.60421	1.60781	1.60705	1.60281	1.59563	1.58477	1.56667	1.53487	1.48088	1.39427	1.26066	1.05548	0.733143	0.134423
0.143329	0.872228	1.17827	1.32786	1.4079	1.4554	1.48742	1.51179	1.5318	1.54869	1.56183	1.56941	1.56989	1.56477	1.55804	1.55241	1.54448	1.52425	1.47865	1.39304	1.24828	1.03022	0.713349	0.135451
0.136832	0.635045	0.827657	0.926208	0.984766	1.02247	1.04688	1.06253	1.0738	1.08415	1.09442	1.10309	1.1086	1.11149	1.1141	1.11787	1.12	1.11325	1.08798	1.03398	0.938441	0.791835	0.573307	0.136117
0.108134	0.726669	1.01758	1.17081	1.25496	1.30424	1.33685	1.36141	1.38127	1.39738	1.40991	1.41899	1.42488	1.42832	1.43004	1.42943	1.42265	1.40253	1.35967	1.28342	1.16005	0.970252	0.673715	0.119724
0.110612	0.541564	0.716425	0.806524	0.859185	0.893636	0.919546	0.941307	0.96037	0.976961	0.991092	1.00288	1.01245	1.01989	1.02512	1.02742	1.02453	1.01263	0.987031	0.942321	0.870364	0.754787	0.554993	0.127488
0.106114	0.521231	0.693668	0.785644	0.841945	0.880322	0.909483	0.93345	0.953876	0.971385	0.986623	1.0005	1.01376	1.02596	1.03524	1.03904	1.03459	1.01884	0.988154	0.937848	0.860017	0.739463	0.537997	0.122479
0.10629	0.714157	1.0026	1.15721	1.2449	1.29884	1.33649	1.36589	1.38997	1.40948	1.42463	1.43579	1.4434	1.44793	1.44953	1.44704	1.43674	1.41222	1.36511	1.2855	1.1599	0.969069	0.672563	0.119565
0.142365	0.656039	0.847511	0.939209	0.989737	1.02253	1.04837	1.07154	1.09272	1.11136	1.12656	1.13746	1.14349	1.14566	1.14641	1.1473	1.14553	1.13446	1.1038	1.04616	0.945985	0.79771	0.574132	0.132551
0.147478	0.897305	1.20776	1.35597	1.43281	1.47777	1.50919	1.53485	1.55695	1.57552	1.59003	1.59996	1.60485	1.60487	1.60058	1.59145	1.57407	1.54167	1.48478	1.3908	1.24068	1.02057	0.704835	0.133888
0.136582	0.878821	1.21375	1.38494	1.48018	1.53663	1.57234	1.59614	1.61251	1.62375	1.63096	1.63448	1.63424	1.62998	1.62107	1.60602	1.58169	1.54294	1.48267	1.39105	1.25364	1.04652	0.726611	0.133648
0.0966892	0.707098	1.02346	1.20505	1.31188	1.37494	1.41245	1.43498	1.44894	1.45802	1.4637	1.46582	1.4637	1.45696	1.44541	1.42783	1.40074	1.35834	1.29337	1.1976	1.06034	0.866167	0.583545	0.0958555
0.0449394	0.206671	0.279123	0.321105	0.347951	0.365481	0.377136	0.38512	0.390993	0.395789	0.399837	0.402859	0.404398	0.404361	0.403009	0.400396	0.395585	0.386659	0.371501	0.34802	0.313826	0.265024	0.190315	0.0456962
0.0745006	0.351407	0.465108	0.525585	0.561898	0.586263	0.605439	0.621822	0.634668	0.64252	0.645983	0.647991	0.651405	0.656447	0.660536	0.660397	0.653764	0.639471	0.616011	0.580907	0.52901	0.45212	0.328589	0.0759983
0.130866	0.616161	0.809373	0.905578	0.959536	0.994961	1.0246	1.05225	1.07536	1.08989	1.09553	1.09619	1.09606	1.09665	1.0966	1.0935	1.08362	1.06202	1.02288	0.960444	0.867552	0.731838	0.522374	0.122273
0.153805	0.748261	0.989655	1.10752	1.17163	1.21135	1.2409	1.26575	1.28634	1.30149	1.31099	1.31618	1.31856	1.31908	1.31781	1.31377	1.30382	1.28229	1.24186	1.17391	1.06775	0.906036	0.649678	0.153396
0.134255	0.840945	1.13931	1.28455	1.36255	1.40888	1.43965	1.4622	1.48007	1.4949	1.50692	1.51546	1.51995	1.52093	1.5196	1.51613	1.50757	1.48743	1.44647	1.3731	1.25153	1.05908	0.746177	0.139649
0.128837	0.63192	0.830308	0.926721	0.978957	1.01126	1.03579	1.05753	1.0772	1.09396	1.10695	1.11591	1.1209	1.12345	1.12617	1.13056	1.13334	1.12624	1.09946	1.0446	0.953724	0.812704	0.584198	0.132679
0.11309	0.550919	0.723124	0.807487	0.854027	0.884221	0.909397	0.933568	0.955677	0.97319	0.985468	0.994366	1.00207	1.00969	1.01692	1.02248	1.02312	1.01364	0.987942	0.940031	0.862589	0.740702	0.537161	0.121811
0.100372	0.413964	0.534445	0.597397	0.636037	0.662585	0.683096	0.700373	0.715477	0.728703	0.740107	0.749704	0.757528	0.763685	0.768207	0.770621	0.769403	0.761927	0.744905	0.714668	0.665204	0.585058	0.444088	0.122399
0.11267	0.548612	0.72397	0.813925	0.866137	0.8997	0.923986	0.943801	0.961864	0.97971	0.996884	1.01113	1.02015	1.02427	1.02626	1.02817	1.02768	1.01803	0.991642	0.942211	0.862894	0.739727	0.536138	0.122059
0.120661	0.596273	0.794072	0.898195	0.961695	1.00636	1.04282	1.07463	1.1009	1.11947	1.13053	1.13716	1.1427	1.14841	1.15316	1.15474	1.1498	1.13375	1.10077	1.04426	0.954916	0.817175	0.591002	0.134182
0.135031	0.846466	1.14611	1.29101	1.3687	1.41595	1.44948	1.47629	1.4988	1.51757	1.53246	1.54324	1.54979	1.55244	1.55158	1.5466	1.53439	1.50902	1.46209	1.38278	1.25576	1.05895	0.743756	0.139041
0.154969	0.756735	1.00186	1.12211	1.18792	1.22864	1.2584	1.28279	1.30264	1.31726	1.32677	1.33251	1.33573	1.3369	1.33556	1.33044	1.31826	1.29368	1.2498	1.17859	1.06962	0.905995	0.64879	0.153035
0.129551	0.609834	0.811383	0.920652	0.987328	1.0304	1.0591	1.07821	1.09051	1.09777	1.1018	1.10464	1.10777	1.11071	1.11093	1.10533	1.09069	1.06361	1.01982	0.954291	0.859919	0.724176	0.516495	0.121575
0.0723738	0.341769	0.458975	0.526865	0.570847	0.599932	0.618736	0.63085	0.639961	0.649044	0.658506	0.666204	0.669583	0.667976	0.66266	0.654744	0.643645	0.627074	0.602108	0.565729	0.513571	0.438105	0.318678	0.074665
0.0455212	0.20909	0.281121	0.32177	0.347127	0.363686	0.375245	0.383808	0.390277	0.395051	0.398413	0.400677	0.402085	0.402738	0.40251	0.400901	0.396734	0.388195	0.37332	0.350181	0.316236	0.267412	0.192142	0.0459597
0.0977899	0.714391	1.02805	1.20258	1.30171	1.35988	1.39742	1.42425	1.44364	1.45609	1.46219	1.46341	1.46118	1.45607	1.44738	1.43293	1.4085	1.36788	1.30365	1.20752	1.06885	0.872396	0.586924	0.0962461
0.135152	0.872401	1.20473	1.3725	1.46448	1.51904	1.55513	1.58132	1.60085	1.61472	1.62343	1.62762	1.62781	1.62426	1.61669	1.60367	1.58179	1.54536	1.48672	1.39573	1.25789	1.04927	0.727506	0.133474
0.142556	0.872763	1.18276	1.33635	1.41934	1.4679	1.49845	1.51917	1.53508	1.54922	1.56219	1.57263	1.57896	1.58095	1.57952	1.57455	1.56247	1.53572	1.48389	1.39371	1.24584	1.02621	0.709162	0.134445
0.138817	0.639325	0.83058	0.925891	0.980355	1.0152	1.03978	1.05893	1.0755	1.09106	1.1055	1.11732	1.12501	1.129	1.13157	1.13426	1.13462	1.12647	1.09978	1.04687	0.951455	0.80704	0.585065	0.13598
0.108979	0.731633	1.02233	1.17361	1.25526	1.30243	1.33394	1.35858	1.37946	1.39709	1.41122	1.42164	1.42838	1.43222	1.43418	1.43392	1.42762	1.40789	1.36508	1.28848	1.16445	0.973777	0.676133	0.120198
0.111982	0.549548	0.726224	0.816275	0.868155	0.901686	0.926889	0.948251	0.967111	0.983454	0.997054	1.00793	1.01629	1.02255	1.02711	1.02955	1.02753	1.01668	0.991707	0.946922	0.874236	0.757704	0.556993	0.128436
0.111236	0.546519	0.72335	0.814508	0.867909	0.902843	0.929019	0.950958	0.970346	0.987536	1.0021	1.01321	1.0202	1.02376	1.0256	1.02664	1.02466	1.01417	0.988729	0.942455	0.867346	0.748557	0.547216	0.1252
0.107576	0.722665	1.01294	1.167	1.25302	1.30501	1.34101	1.36948	1.39344	1.41348	1.42931	1.44054	1.44708	1.44978	1.44986	1.44727	1.43854	1.41656	1.37201	1.29429	1.16954	0.978292	0.679633	0.120858
0.139453	0.642712	0.831808	0.924641	0.977688	1.01214	1.03727	1.05771	1.0763	1.09469	1.11231	1.12661	1.13521	1.13885	1.14116	1.14491	1.1475	1.14065	1.11373	1.05627	0.955893	0.803808	0.579743	0.137219
0.146104	0.891251	1.20545	1.36031	1.44364	1.49222	1.52245	1.543	1.55972	1.57638	1.59307	1.60658	1.61349	1.61353	1.60928	1.60225	1.58875	1.55939	1.50219	1.4037	1.24617	1.01786	0.6965	0.131266
0.135111	0.87267	1.20916	1.38332	1.48184	1.54091	1.57794	1.60176	1.61758	1.62851	1.63594	1.6399	1.63994	1.63577	1.62713	1.61284	1.58956	1.55151	1.49107	1.39849	1.25994	1.05134	0.728219	0.133465
0.0957262	0.700467	1.0154	1.19764	1.30616	1.37115	1.41025	1.43384	1.44837	1.45776	1.4636	1.46576	1.46356	1.45672	1.44522	1.42797	1.40143	1.35949	1.29478	1.19931	1.06295	0.86968	0.585555	0.0959638
0.0447584	0.20604	0.278232	0.320012	0.346772	0.364402	0.376372	0.384799	0.391063	0.396049	0.400073	0.402975	0.404435	0.404417	0.403141	0.400586	0.395783	0.386851	0.371738	0.348412	0.314496	0.265847	0.190826	0.045613
0.0655018	0.500554	0.738158	0.877406	0.959217	1.00728	1.03692	1.05667	1.07038	1.0795	1.08457	1.08593	1.08386	1.07878	1.07091	1.0593	1.04022	1.00743	0.953985	0.873697	0.760565	0.607048	0.395775	0.0611126
0.129946	0.706622	0.965374	1.10606	1.18918	1.24044	1.27377	1.29701	1.31477	1.32959	1.34154	1.3488	1.34943	1.34371	1.33381	1.32085	1.30115	1.26649	1.20799	1.11846	0.991421	0.815632	0.561698	0.116889
0.147255	0.767589	1.0185	1.14659	1.22098	1.26767	1.29875	1.32048	1.33688	1.35045	1.36188	1.37042	1.37503	1.37533	1.37153	1.36325	1.34822	1.3219	1.27766	1.20523	1.0879	0.912957	0.655659	0.143041
0.137747	0.865413	1.17425	1.32568	1.40793	1.45686	1.48846	1.51041	1.52717	1.54135	1.55361	1.56317	1.56903	1.57093	1.56926	1.56363	1.55125	1.52604	1.47772	1.38695	1.17271	0.838426	0.561066	0.0939687
0.140299	0.648593	0.839414	0.932662	0.985395	1.01917	1.04343	1.06264	1.07901	1.09358	1.10638	1.11677	1.1241	1.12872	1.13176	1.13369	1.13219	1.12178	1.09496	1.04232	0.950431	0.808108	0.59158	0.142015
0.129065	0.634671	0.836072	0.935593	0.990362	1.02357	1.04651	1.06474	1.08114	1.09707	1.11231	1.12534	1.1347	1.14063	1.14485	1.14828	1.14813	1.13768	1.10894	1.0543	0.965082	0.825981	0.597211	0.135861
0.108496	0.728843	1.02076	1.17462	1.25927	1.30907	1.34231	1.36773	1.38884	1.40665	1.42118	1.43212	1.43932	1.4432	1.44438	1.44228	1.43346	1.41136	1.36724	1.29075	1.16786	0.978508	0.68103	0.121265
0.128413	0.632382	0.834949	0.936466	0.993962	1.03077	1.05832	1.08146	1.10147	1.11821	1.13149	1.1415	1.14861	1.15341	1.15641	1.15736	1.15376	1.14072	1.11187	1.06017	0.975616	0.84134	0.614259	0.140722
0.14385	0.661445	0.85185	0.940824	0.988085	1.01802	1.04211	1.06474	1.08587	1.10396	1.11796	1.12786	1.13402	1.13752	1.13971	1.14114	1.13944	1.12959	1.10266	1.05122	0.958476	0.816745	0.59556	0.139033
0.141276	0.886713	1.19858	1.34808	1.42702	1.47323	1.50377	1.52641	1.54488	1.56088	1.57437	1.58415	1.58908	1.58924	1.5857	1.57864	1.56523	1.53891	1.48877	1.39523	1.17729	0.839654	0.56047	0.093817
0.147986	0.771287	1.02333	1.15233	1.22763	1.2752	1.30686	1.32874	1.34481	1.35765	1.36815	1.37579	1.37966	1.37942	1.37528	1.36679	1.3517	1.32542	1.28128	1.20925	1.09277	0.918547	0.659527	0.143308
0.12731	0.68823	0.942169	1.08419	1.17101	1.22599	1.26118	1.28388	1.29928	1.31087	1.3196	1.32428	1.32322	1.31686	1.30751	1.29647	1.27995	1.2494	1.19555	1.11211	0.997158	0.840164	0.580165	0.115553
0.0646387	0.494343	0.730478	0.870521	0.954133	1.00386	1.03434	1.05398	1.067	1.07532	1.07977	1.0807	1.07821	1.07264	1.06436	1.05266	1.03389	1.00169	0.949072	0.870099	0.759167	0.607951	0.396462	0.0610499
0.0743547	0.568489	0.83892	0.997872	1.09155	1.14638	1.17955	1.20091	1.21535	1.22487	1.23003	1.23078	1.227	1.21908	1.20751	1.19162	1.16758	1.12872	1.06748	0.977026	0.850585	0.679468	0.443739	0.0690262
0.125825	0.731213	1.01039	1.16369	1.25477	1.31065	1.34649	1.37089	1.38881	1.40279	1.41307	1.41835	1.41725	1.40991	1.39763	1.38079	1.35669	1.31957	1.26234	1.17758	1.05562	0.881435	0.617412	0.124945
0.146956	0.76842	1.01857	1.14513	1.21811	1.26421	1.29589	1.31928	1.33777	1.35311	1.36546	1.37381	1.37714	1.37561	1.37032	1.36162	1.34747	1.32291	1.2808	1.21057	1.09569	0.922456	0.663342	0.143931
0.143654	0.875489	1.18483	1.33763	1.42016	1.4686	1.49922	1.52031	1.53698	1.55222	1.56613	1.57647	1.58111	1.58085	1.57897	1.57754	1.57226	1.55214	1.50336	1.41127	1.25768	1.03046	0.706926	0.133227
0.137239	0.858936	1.1598	1.30295	1.37738	1.42044	1.44923	1.47118	1.48927	1.50452	1.51703	1.52651	1.53272	1.53603	1.53705	1.53524	1.52719	1.5062	1.46312	1.38657	1.26109	1.06447	0.748012	0.139828
0.141051	0.651351	0.844594	0.939236	0.992312	1.02603	1.05049	1.0702	1.08702	1.10165	1.11412	1.12408	1.13119	1.13583	1.13885	1.14036	1.13802	1.12727	1.09985	1.0488	0.95714	0.816868	0.597095	0.13969
0.139933	0.64721	0.836229	0.927183	0.978027	1.01133	1.03728	1.05988	1.0797	1.09621	1.10927	1.11951	1.12763	1.13414	1.13918	1.14212	1.14008	1.12753	1.09704	1.03945	0.94182	0.793916	0.574072	0.135845
0.138592	0.866502	1.16869	1.31189	1.38627	1.43002	1.46067	1.48538	1.50615	1.52295	1.53552	1.54401	1.54884	1.55062	1.54974	1.54551	1.5348	1.51156	1.46715	1.39028	1.26499	1.06824	0.751049	0.140327
0.146884	0.895061	1.20649	1.35611	1.43408	1.47929	1.5096	1.53318	1.55339	1.57127	1.58568	1.59407	1.59443	1.58829	1.5802	1.57331	1.56382	1.54071	1.48993	1.3969	1.24345	1.01785	0.697612	0.131482
0.147567	0.768951	1.01963	1.14704	1.2207	1.26696	1.29795	1.31983	1.33637	1.34983	1.36084	1.36871	1.37253	1.37203	1.3675	1.35867	1.34357	1.31793	1.27526	1.20524	1.09061	0.917798	0.660783	0.143984
0.123718	0.718963	0.996363	1.15114	1.24477	1.30269	1.33892	1.36178	1.37682	1.38753	1.39524	1.39951	1.39937	1.39444	1.38485	1.37	1.34718	1.3114	1.25631	1.17457	1.05618	0.884808	0.621449	0.125684
0.07343	0.561823	0.830335	0.989495	1.08438	1.14046	1.17431	1.19557	1.20923	1.21766	1.22184	1.222	1.21807	1.21035	1.19925	1.18403	1.16085	1.12298	1.06294	0.97413	0.850046	0.681202	0.445195	0.069122
0.0741274	0.566548	0.835593	0.993448	1.08634	1.14078	1.174	1.19583	1.21107	1.22152	1.22741	1.22831	1.2239	1.21476	1.20192	1.18523	1.16111	1.12281	1.06266	0.973914	0.850029	0.681538	0.445857	0.0692915
0.129206	0.700664	0.954043	1.09045	1.17037	1.22001	1.25369	1.27917	1.30052	1.31941	1.33445	1.34194	1.33844	1.3254	1.30837	1.29167	1.27273	1.24253	1.19099	1.11119	1.00084	0.848789	0.591744	0.119072
0.136057	0.876499	1.2078	1.37367	1.46379	1.51724	1.55335	1.58075	1.60233	1.61847	1.62892	1.6336	1.63275	1.62727	1.61816	1.6051	1.58475	1.55053	1.49374	1.40386	1.26673	1.05819	0.733464	0.134317
0.15687	0.762113	1.00423	1.11919	1.1796	1.21679	1.24632	1.27352	1.29726	1.31466	1.32488	1.32979	1.33162	1.33219	1.33246	1.33207	1.32659	1.30751	1.26478	1.18914	1.07138	0.897183	0.632514	0.147171
0.146971	0.89513	1.20648	1.35603	1.43366	1.47804	1.50721	1.52908	1.5469	1.56195	1.57431	1.58329	1.58818	1.58957	1.58898	1.58662	1.57783	1.5527	1.49876	1.40226	1.24508	1.01576	0.692855	0.129872
0.139023	0.872072	1.18124	1.33135	1.41198	1.46006	1.49216	1.51551	1.53329	1.54698	1.55742	1.56515	1.57042	1.57314	1.57263	1.56733	1.55405	1.52714	1.47694	1.38442	1.16881	0.83366	0.556253	0.0929124
0.143389	0.874618	1.18464	1.33842	1.42218	1.4724	1.50561	1.52924	1.54678	1.55988	1.56947	1.57629	1.58097	1.58378	1.5843	1.581	1.56959	1.54252	1.48957	1.39746	1.24704	1.02431	0.704729	0.132967
0.161319	0.780194	1.02469	1.13931	1.19824	1.23339	1.26055	1.28546	1.30758	1.32443	1.33489	1.33995	1.34117	1.34007	1.33778	1.33423	1.32569	1.30457	1.26151	1.18726	1.07211	0.900693	0.637367	0.148748
0.137704	0.887706	1.22336	1.3915	1.48254	1.53543	1.5694	1.5938	1.61302	1.62867	1.64027	1.64604	1.6445	1.63615	1.62305	1.60629	1.58344	1.54813	1.49149	1.40253	1.26633	1.05849	0.735581	0.135191
0.127086	0.692002	0.949393	1.09269	1.17945	1.23295	1.26545	1.28518	1.29914	1.31229	1.32541	1.33554	1.33925	1.33555	1.32586	1.31106	1.289	1.25438	1.20058	1.12048	1.00542	0.840276	0.589803	0.124288
0.0732647	0.560646	0.829036	0.988249	1.08311	1.13893	1.17224	1.19286	1.20615	1.21476	1.21969	1.22094	1.21814	1.21126	1.20043	1.18484	1.16097	1.12271	1.06298	0.974926	0.85126	0.682307	0.447081	0.0696477
0.0652567	0.498472	0.734508	0.872495	0.9534	1.001	1.03067	1.05095	1.06566	1.07599	1.08199	1.08342	1.08028	1.07332	1.06356	1.05082	1.03169	0.999775	0.947827	0.869644	0.759435	0.608755	0.397415	0.0612287
0.097647	0.712928	1.02528	1.19874	1.29705	1.35469	1.392	1.4191	1.43956	1.45387	1.46172	1.46309	1.45837	1.44881	1.43586	1.41935	1.39547	1.35688	1.29478	1.20041	1.06371	0.869344	0.584239	0.0955505
0.130999	0.619489	0.813798	0.910092	0.963674	0.99838	1.0269	1.05324	1.07551	1.09028	1.09721	1.09978	1.1018	1.10423	1.10483	1.10024	1.08698	1.06144	1.01909	0.954658	0.8605	0.724612	0.516502	0.120809
0.137954	0.89011	1.22654	1.39426	1.48482	1.5382	1.57409	1.60075	1.62021	1.63239	1.63796	1.63891	1.63719	1.63341	1.6265	1.61402	1.5921	1.55528	1.49608	1.40412	1.26414	1.05144	0.725804	0.131931
0.149886	0.783676	1.03673	1.1628	1.23406	1.27845	1.30902	1.33136	1.34752	1.35831	1.36484	1.36871	1.37116	1.37228	1.37075	1.36438	1.35022	1.32426	1.28043	1.20854	1.09165	0.916034	0.656815	0.142147
0.145938	0.764506	1.01489	1.14206	1.21554	1.26213	1.2941	1.31699	1.33339	1.34464	1.35191	1.35636	1.3589	1.35953	1.35722	1.35017	1.33579	1.31037	1.26807	1.199	1.08646	0.915786	0.658982	0.142614
0.13762	0.888104	1.22479	1.39369	1.48539	1.53899	1.57382	1.59883	1.61757	1.63114	1.63961	1.64279	1.64063	1.63375	1.62305	1.60831	1.58651	1.55157	1.49517	1.40676	1.27143	1.06359	0.738261	0.134811
0.132024	0.616718	0.809978	0.90768	0.962714	0.997199	1.02271	1.04499	1.06608	1.08612	1.10274	1.11157	1.10881	1.09623	1.08072	1.06815	1.05723	1.03971	1.0059	0.948515	0.86137	0.73233	0.528416	0.125837
0.0965542	0.705527	1.01879	1.19646	1.29935	1.35928	1.39513	1.41794	1.43428	1.4475	1.45772	1.46276	1.46044	1.45076	1.43559	1.41587	1.38902	1.34871	1.28673	1.19409	1.05972	0.867674	0.585822	0.0963074
0.0645511	0.493681	0.729661	0.8694	0.952446	1.00134	1.03083	1.04964	1.06238	1.0712	1.07681	1.07913	1.07783	1.07294	1.06464	1.05229	1.03274	1.00029	0.948298	0.870394	0.760005	0.608688	0.398161	0.0615544
0.0456055	0.210083	0.282354	0.32299	0.348256	0.364741	0.376278	0.384948	0.391716	0.39694	0.400653	0.402789	0.403369	0.402725	0.401348	0.399316	0.39551	0.387643	0.373221	0.349916	0.315381	0.265703	0.189747	0.045037
0.0751843	0.353434	0.468072	0.529622	0.566761	0.59127	0.609576	0.624546	0.63668	0.64554	0.650688	0.652038	0.649856	0.645793	0.642541	0.641873	0.641284	0.634098	0.613062	0.573579	0.512796	0.426503	0.29925	0.0675014
0.0972618	0.709339	1.02002	1.19248	1.29012	1.34712	1.38347	1.4088	1.42622	1.4362	1.43932	1.43712	1.43133	1.42326	1.41323	1.39974	1.37817	1.34094	1.27926	1.18424	1.04587	0.850421	0.569377	0.0930817
0.131214	0.710704	0.967595	1.10487	1.18488	1.23505	1.27041	1.29709	1.3153	1.32362	1.32361	1.32019	1.31796	1.31751	1.31534	1.30673	1.28691	1.25121	1.19424	1.10965	0.989351	0.819563	0.568338	0.118093
0.127084	0.739369	1.01947	1.17105	1.25971	1.31392	1.34947	1.37402	1.39035	1.39932	1.40223	1.40128	1.3983	1.39361	1.38582	1.37234	1.34945	1.31241	1.25552	1.17201	1.05199	0.879723	0.617009	0.124887
0.130601	0.709815	0.967309	1.10634	1.18802	1.23857	1.27212	1.29586	1.31302	1.32495	1.33225	1.33525	1.33409	1.32932	1.3215	1.30999	1.29103	1.25803	1.20363	1.12216	1.01067	0.8572	0.596924	0.119058
0.0961754	0.701725	1.01128	1.18509	1.28458	1.34235	1.37761	1.40078	1.41701	1.42845	1.43543	1.43728	1.43347	1.42457	1.4118	1.39508	1.37092	1.33249	1.27157	1.17972	1.04692	0.857471	0.577853	0.0947854
0.0727889	0.344182	0.460222	0.525705	0.566848	0.593302	0.610093	0.620864	0.628973	0.636837	0.644644	0.650589	0.652821	0.651125	0.646814	0.640835	0.632016	0.617077	0.592079	0.55372	0.49824	0.419562	0.299909	0.0694808
0.0449788	0.206635	0.278815	0.32042	0.346837	0.364024	0.375497	0.383462	0.389394	0.394189	0.398103	0.400911	0.40229	0.402226	0.400964	0.398531	0.393992	0.385419	0.370635	0.34735	0.313193	0.26413	0.189083	0.0449884
0.0450976	0.206899	0.277564	0.317049	0.341333	0.35682	0.367232	0.374697	0.380425	0.385039	0.388312	0.389371	0.387554	0.384115	0.38192	0.383169	0.386198	0.385492	0.37512	0.351488	0.313305	0.258921	0.18028	0.0419812
0.0638769	0.486645	0.717579	0.853159	0.933069	0.980167	1.00907	1.02802	1.04113	1.05026	1.05572	1.05691	1.0533	1.04563	1.03544	1.02284	1.00412	0.972104	0.919067	0.83882	0.726337	0.575726	0.37222	0.05726
0.0739559	0.564618	0.832059	0.988407	1.08009	1.13386	1.16683	1.18825	1.20201	1.20953	1.2118	1.21002	1.20518	1.19781	1.18757	1.17275	1.1492	1.11065	1.05024	0.961531	0.837726	0.669879	0.437957	0.068139
0.0739072	0.564054	0.830363	0.98526	1.0754	1.12775	1.15961	1.1803	1.19367	1.20105	1.2033	1.20153	1.19668	1.18932	1.17933	1.1651	1.14242	1.10474	1.04507	0.957227	0.835005	0.669176	0.437556	0.0680213
0.0647214	0.493091	0.723423	0.855216	0.930312	0.973527	1.00096	1.02054	1.03421	1.04161	1.04335	1.04177	1.03911	1.03627	1.03246	1.02544	1.0103	0.979797	0.9265	0.844955	0.731038	0.57885	0.372046	0.0567782
0.0436668	0.200575	0.271712	0.313477	0.340487	0.35825	0.369861	0.377426	0.38269	0.386904	0.390568	0.393574	0.395715	0.39692	0.397173	0.396126	0.392564	0.384439	0.369533	0.345844	0.311097	0.261586	0.186444	0.0442941
