0.053316	0.234966	0.310245	0.349451	0.371261	0.383759	0.391589	0.396823	0.399856	0.400501	0.399311	0.397737	0.397158	0.397719	0.398264	0.397288	0.393509	0.385794	0.372733	0.352446	0.321721	0.275415	0.200574	0.0499837
0.0788954	0.567171	0.815285	0.947531	1.01489	1.04713	1.06266	1.07081	1.0748	1.07516	1.07226	1.06716	1.06094	1.05439	1.04766	1.03968	1.02664	1.00207	0.958544	0.889071	0.786227	0.63908	0.424259	0.0690822
0.0883814	0.632576	0.910768	1.06089	1.13827	1.17438	1.1885	1.19205	1.19174	1.19105	1.19033	1.18784	1.18191	1.17274	1.16187	1.14964	1.13236	1.1025	1.05142	0.971414	0.855041	0.691768	0.457789	0.0752038
0.089211	0.637398	0.914004	1.05976	1.13268	1.16677	1.18304	1.19205	1.19729	1.19899	1.19664	1.19003	1.1793	1.16632	1.15402	1.14375	1.13092	1.10529	1.05556	0.97304	0.851168	0.681992	0.446817	0.0730287
0.0803468	0.575933	0.825999	0.957676	1.02339	1.05386	1.0681	1.07561	1.07952	1.08012	1.07758	1.07286	1.06699	1.06077	1.05438	1.04681	1.03425	1.01014	0.966726	0.896542	0.791651	0.641821	0.426249	0.0697184
0.0546344	0.24066	0.317136	0.356515	0.378015	0.389826	0.396589	0.400763	0.403503	0.40527	0.406334	0.406965	0.407419	0.40779	0.407931	0.40739	0.404999	0.398824	0.386519	0.365757	0.333327	0.284413	0.20631	0.0510632
0.0543876	0.239684	0.316498	0.356648	0.378999	0.391606	0.399041	0.403696	0.406683	0.408508	0.409489	0.409882	0.409864	0.409533	0.40885	0.407474	0.404457	0.398199	0.386713	0.367746	0.337923	0.291754	0.215129	0.0541723
0.0861602	0.358726	0.470329	0.528389	0.560989	0.579936	0.59173	0.599724	0.605479	0.609692	0.612437	0.613386	0.612153	0.608994	0.604672	0.599548	0.592709	0.581922	0.564326	0.536517	0.493897	0.427938	0.318345	0.0866205
0.114871	0.78136	1.09691	1.25867	1.34	1.37967	1.39944	1.40987	1.41492	1.41556	1.41232	1.40608	1.39779	1.38827	1.37772	1.36511	1.34714	1.31808	1.27051	1.19536	1.07994	0.903652	0.625073	0.10969
0.152212	0.77116	1.02129	1.14295	1.2046	1.23568	1.2515	1.26023	1.26621	1.27146	1.27529	1.275	1.26813	1.25597	1.24308	1.23287	1.22257	1.20334	1.1651	1.10034	1.00501	0.866381	0.616514	0.131696
0.150502	0.810613	1.08511	1.21742	1.28194	1.31217	1.32535	1.33062	1.33256	1.33315	1.33243	1.32935	1.32299	1.31381	1.30329	1.29192	1.27712	1.25314	1.21267	1.14755	1.04668	0.892556	0.642613	0.140547
0.159712	0.808996	1.06584	1.18554	1.24189	1.26697	1.27768	1.28266	1.28602	1.2894	1.29236	1.29298	1.28949	1.28217	1.27305	1.26333	1.25041	1.22793	1.18799	1.12258	1.02165	0.868674	0.623681	0.139411
0.11902	0.808201	1.13223	1.29655	1.37724	1.414	1.42909	1.43431	1.43558	1.43545	1.43421	1.43091	1.42456	1.41534	1.40423	1.39116	1.37304	1.3436	1.29458	1.21621	1.09542	0.912652	0.62946	0.110441
0.0895322	0.401768	0.522199	0.582032	0.614205	0.63195	0.642269	0.648893	0.653725	0.657592	0.660419	0.661539	0.660347	0.657317	0.653863	0.650939	0.647178	0.638841	0.621494	0.590859	0.541915	0.466135	0.34161	0.0827157
0.0553331	0.243688	0.321156	0.361208	0.383247	0.3955	0.402601	0.406993	0.40984	0.411627	0.412557	0.412738	0.412289	0.411411	0.410293	0.408798	0.405983	0.400057	0.388802	0.369873	0.339855	0.293187	0.215539	0.054067
0.0799843	0.57497	0.826865	0.961272	1.02981	1.0626	1.0783	1.08626	1.08962	1.08902	1.08535	1.08039	1.07567	1.07165	1.06759	1.06153	1.04939	1.02502	0.981242	0.910815	0.805468	0.654194	0.435215	0.0712465
0.116382	0.791785	1.11157	1.27527	1.3572	1.39656	1.41535	1.42431	1.42759	1.42657	1.42243	1.41685	1.41122	1.40581	1.39951	1.38996	1.3734	1.34451	1.29627	1.21949	1.10071	0.91946	0.636142	0.111892
0.152379	0.674729	0.863103	0.94681	0.986312	1.00709	1.02206	1.03535	1.0454	1.04934	1.04755	1.04399	1.04264	1.04433	1.04656	1.04605	1.03985	1.02519	0.99809	0.953146	0.88038	0.76377	0.564193	0.140382
0.161215	0.956472	1.26771	1.40592	1.46811	1.49643	1.51035	1.51837	1.52337	1.52585	1.52556	1.52228	1.51613	1.50808	1.49951	1.49078	1.47954	1.46018	1.42469	1.36242	1.25746	1.08319	0.779058	0.153267
0.172688	0.839295	1.07769	1.18302	1.23325	1.25825	1.27125	1.27852	1.28325	1.28693	1.28953	1.29003	1.28756	1.28273	1.2772	1.272	1.26554	1.25322	1.22801	1.17913	1.08904	0.940122	0.697538	0.16117
0.176363	0.85535	1.09596	1.20065	1.24942	1.27271	1.28419	1.29014	1.29357	1.2958	1.29715	1.29734	1.29606	1.29344	1.28986	1.28515	1.27758	1.26331	1.2363	1.18596	1.09416	0.943215	0.699709	0.161761
0.164864	0.976944	1.29429	1.43501	1.49786	1.52529	1.53672	1.54135	1.54333	1.54429	1.54429	1.54259	1.53852	1.53225	1.52455	1.51535	1.50219	1.4799	1.44081	1.37426	1.26417	1.08484	0.778819	0.153574
0.155041	0.685904	0.882572	0.975196	1.02177	1.0449	1.05548	1.06	1.06345	1.06913	1.0766	1.08213	1.08206	1.07642	1.06863	1.06151	1.05347	1.03844	1.0089	0.958326	0.878041	0.754394	0.551537	0.137111
0.119142	0.809048	1.13229	1.29537	1.37515	1.41203	1.42857	1.43604	1.43914	1.43936	1.43683	1.43132	1.42277	1.41197	1.40004	1.3869	1.36943	1.34138	1.2946	1.21953	1.10315	0.924251	0.640056	0.112473
0.0810847	0.581331	0.832987	0.965004	1.03068	1.06134	1.07623	1.08462	1.08904	1.08931	1.08566	1.07957	1.07266	1.06594	1.05944	1.0519	1.0395	1.01591	0.973731	0.905758	0.80395	0.656246	0.437627	0.0716021
0.0900767	0.646058	0.930809	1.08472	1.16458	1.20291	1.21974	1.2261	1.22731	1.22576	1.22241	1.2175	1.21101	1.20328	1.19483	1.18483	1.16928	1.14098	1.09157	1.01285	0.89574	0.728129	0.485434	0.0802476
0.154041	0.783863	1.04011	1.1649	1.22805	1.25932	1.27422	1.28053	1.28193	1.28023	1.27718	1.27487	1.27492	1.27702	1.27876	1.27675	1.26685	1.24402	1.20215	1.13392	1.02923	0.871475	0.621667	0.138144
0.162868	0.966172	1.27897	1.41625	1.47647	1.50253	1.51409	1.51967	1.52194	1.52139	1.51856	1.51462	1.51075	1.50755	1.50479	1.5011	1.49312	1.47529	1.43978	1.37575	1.26704	1.08786	0.780911	0.153885
0.184998	0.837071	1.06449	1.15498	1.19047	1.20505	1.215	1.22582	1.23655	1.24449	1.2482	1.24813	1.24527	1.2415	1.23922	1.23978	1.24014	1.23263	1.20762	1.15558	1.06501	0.917796	0.670843	0.166374
0.17013	0.951126	1.24179	1.36663	1.42119	1.44506	1.45544	1.4605	1.46459	1.4698	1.47512	1.47715	1.47301	1.46434	1.45682	1.45504	1.4563	1.45024	1.42331	1.3604	1.2414	1.049	0.749871	0.151884
0.164225	0.948242	1.2391	1.36336	1.41871	1.44369	1.45524	1.46075	1.46369	1.46565	1.46691	1.46694	1.4653	1.46247	1.45952	1.45679	1.4521	1.44001	1.41075	1.34557	1.163	0.856767	0.59313	0.105255
0.17118	0.954473	1.24562	1.37055	1.42564	1.45077	1.46352	1.47106	1.47552	1.47719	1.47661	1.47505	1.47389	1.47392	1.47511	1.47639	1.47368	1.45935	1.42329	1.35216	1.22615	1.029	0.730084	0.147374
0.183719	0.829741	1.05777	1.15153	1.19111	1.20961	1.22254	1.23512	1.24663	1.25473	1.25854	1.2592	1.25823	1.25688	1.25584	1.25483	1.25091	1.23814	1.20889	1.15455	1.06386	0.918087	0.673186	0.167792
0.164922	0.975362	1.28821	1.42386	1.4827	1.50866	1.52191	1.53075	1.53698	1.54001	1.53928	1.535	1.52789	1.51909	1.50972	1.49983	1.48698	1.46615	1.42979	1.36755	1.26348	1.09045	0.786691	0.155513
0.158358	0.797779	1.04767	1.16257	1.21621	1.24168	1.25644	1.26747	1.27505	1.27734	1.27411	1.26737	1.2593	1.25151	1.24465	1.23822	1.2289	1.21063	1.1761	1.11854	1.03264	0.902591	0.653481	0.142233
0.0913197	0.653232	0.937764	1.08892	1.1654	1.20119	1.2171	1.22398	1.22638	1.22568	1.22216	1.21587	1.20704	1.19655	1.18558	1.17388	1.15772	1.12987	1.0819	1.00572	0.89241	0.728865	0.487431	0.0806342
0.0895177	0.642078	0.9256	1.0794	1.1596	1.1982	1.21495	1.22102	1.22221	1.22124	1.21884	1.21454	1.20775	1.19897	1.18954	1.17941	1.16465	1.13741	1.08869	1.01026	0.893673	0.726866	0.483717	0.0797333
0.149528	0.804116	1.07976	1.21643	1.28637	1.32085	1.33622	1.34147	1.34189	1.34048	1.3385	1.33605	1.33288	1.32898	1.32437	1.31813	1.30708	1.28565	1.24676	1.18222	1.08029	0.92241	0.664247	0.1442
0.17362	0.844227	1.08256	1.18656	1.23506	1.25815	1.2692	1.27434	1.27657	1.2774	1.27765	1.27771	1.27784	1.27832	1.27923	1.27986	1.27766	1.26794	1.24386	1.1945	1.10195	0.948951	0.702812	0.162377
0.172456	0.962385	1.25162	1.37182	1.42084	1.43951	1.44586	1.44801	1.44964	1.45223	1.45524	1.45668	1.45495	1.45189	1.45225	1.45946	1.46917	1.46874	1.44252	1.37473	1.24621	1.04261	0.735271	0.147209
0.163281	0.940771	1.22474	1.34228	1.39126	1.41097	1.41904	1.42305	1.42609	1.42922	1.43227	1.43447	1.43527	1.4351	1.43503	1.43533	1.43378	1.42508	1.40118	1.35123	1.25754	1.09312	0.79748	0.159609
0.165924	0.719944	0.906078	0.985658	1.02268	1.04109	1.05135	1.05808	1.06354	1.0688	1.07388	1.0781	1.08084	1.08253	1.08437	1.08707	1.08902	1.0858	1.07078	1.03488	0.962527	0.838805	0.632402	0.160047
0.165022	0.716684	0.906827	0.989543	1.02865	1.04813	1.0586	1.06498	1.06997	1.07514	1.08046	1.08458	1.0862	1.08592	1.08603	1.08822	1.09061	1.08744	1.07065	1.0307	0.952044	0.821916	0.613502	0.156611
0.163048	0.936478	1.21885	1.33646	1.38682	1.40957	1.42222	1.43124	1.43783	1.44154	1.44245	1.44162	1.44035	1.43949	1.43912	1.4383	1.43431	1.42226	1.39487	1.34183	1.24669	1.08318	0.792434	0.160153
0.174856	0.972945	1.25823	1.37113	1.41483	1.43428	1.4501	1.46789	1.48398	1.49278	1.4925	1.48594	1.47671	1.46784	1.46136	1.45786	1.45388	1.44155	1.41029	1.34651	1.23002	1.04243	0.748645	0.152418
0.177552	0.860102	1.09642	1.1946	1.23729	1.25723	1.26928	1.27885	1.28626	1.29026	1.29051	1.28804	1.28418	1.27999	1.27582	1.2712	1.26422	1.25119	1.22635	1.17947	1.09275	0.947479	0.706745	0.164193
0.153429	0.823704	1.10117	1.2341	1.29852	1.32863	1.34214	1.3479	1.34976	1.34914	1.34644	1.34174	1.33516	1.32718	1.31836	1.30831	1.29432	1.27131	1.2327	1.17052	1.07269	0.91978	0.666134	0.146168
0.0906784	0.649301	0.93459	1.0881	1.16708	1.2044	1.22028	1.226	1.22719	1.22627	1.22374	1.21905	1.21162	1.20195	1.19127	1.17957	1.16322	1.13493	1.08612	1.00835	0.892445	0.726106	0.484591	0.080191
0.0796006	0.572008	0.822659	0.956641	1.02512	1.05783	1.07319	1.08071	1.08405	1.08416	1.08163	1.07741	1.07238	1.06725	1.06223	1.05627	1.04534	1.0225	0.979753	0.909773	0.804966	0.654272	0.434161	0.0708027
0.151669	0.768197	1.01958	1.14384	1.20789	1.23977	1.25377	1.25835	1.25946	1.26088	1.26322	1.26449	1.26251	1.25781	1.25329	1.25071	1.24626	1.23061	1.19319	1.12614	1.02583	0.879695	0.620999	0.131838
0.172413	0.836376	1.07344	1.17801	1.22772	1.25168	1.26296	1.26799	1.27051	1.27267	1.27495	1.27661	1.27679	1.27567	1.27422	1.27277	1.26933	1.25915	1.23533	1.18717	1.09706	0.947379	0.703191	0.162955
0.163845	0.944793	1.23386	1.35715	1.41145	1.43484	1.44396	1.44654	1.44691	1.44747	1.44863	1.4494	1.44883	1.44732	1.44636	1.44661	1.44567	1.43736	1.41109	1.34771	1.16621	0.860272	0.596703	0.106262
0.165802	0.71962	0.907536	0.988194	1.02528	1.04304	1.05237	1.05813	1.06259	1.06671	1.07063	1.07393	1.07628	1.07822	1.08091	1.0849	1.08829	1.08691	1.07285	1.039	0.967125	0.845659	0.637446	0.158584
0.154605	0.712329	0.913603	1.00144	1.04162	1.06028	1.07009	1.0768	1.08273	1.08875	1.09491	1.10083	1.10611	1.11087	1.11553	1.11996	1.12176	1.116	1.09628	1.05549	0.982567	0.859046	0.638249	0.154803
0.130645	0.817487	1.11935	1.26574	1.33647	1.37054	1.38792	1.39795	1.40458	1.40937	1.41303	1.41602	1.41863	1.42093	1.42252	1.42209	1.41662	1.40103	1.36799	1.30711	1.20205	1.02764	0.734041	0.140768
0.153676	0.708111	0.911487	1.00327	1.04796	1.07091	1.08418	1.0931	1.09979	1.10511	1.10961	1.11374	1.11779	1.12185	1.12572	1.12856	1.12809	1.12046	1.10055	1.06177	0.993008	0.874646	0.657758	0.162201
0.166481	0.72241	0.907438	0.985418	1.02127	1.03977	1.05137	1.05962	1.06496	1.06697	1.06647	1.06581	1.06741	1.07198	1.07843	1.08484	1.08826	1.08446	1.06737	1.02839	0.952874	0.827052	0.620612	0.157334
0.168578	0.965618	1.25219	1.36855	1.41608	1.43614	1.44693	1.45499	1.46123	1.46484	1.46557	1.46434	1.4623	1.46027	1.45838	1.45582	1.4501	1.43641	1.40588	1.34035	1.15928	0.855726	0.594583	0.10616
0.176105	0.853135	1.09088	1.19246	1.23839	1.25962	1.27012	1.27602	1.27979	1.28227	1.28372	1.2842	1.28374	1.28241	1.28017	1.2764	1.26929	1.25536	1.22901	1.18012	1.09055	0.942245	0.701053	0.162799
0.155161	0.784857	1.04142	1.16721	1.23101	1.26173	1.27435	1.27775	1.27807	1.27915	1.28151	1.28295	1.28107	1.27567	1.26864	1.26106	1.25005	1.2287	1.18883	1.1223	1.01959	0.86445	0.618311	0.138407
0.0803428	0.576848	0.829535	0.964503	1.03327	1.06572	1.08051	1.08738	1.09016	1.08991	1.08723	1.08301	1.07795	1.0725	1.06664	1.05925	1.04666	1.0225	0.979219	0.909278	0.804354	0.653464	0.434866	0.0712384
0.0552757	0.243019	0.319859	0.359364	0.380923	0.392819	0.399681	0.403917	0.406631	0.408286	0.409153	0.40949	0.409527	0.409427	0.409219	0.408579	0.406458	0.401038	0.390118	0.371372	0.341428	0.294688	0.216756	0.054289
0.117969	0.801575	1.12185	1.28338	1.36239	1.39903	1.41576	1.42365	1.42703	1.42722	1.42476	1.42036	1.41467	1.40833	1.40155	1.39319	1.37938	1.35344	1.30695	1.23033	1.1108	0.927895	0.640101	0.112134
0.161257	0.95554	1.266	1.40355	1.46492	1.49194	1.50387	1.50963	1.51288	1.51481	1.51537	1.51401	1.51031	1.50487	1.49896	1.49288	1.48403	1.46665	1.43249	1.37075	1.26561	1.09051	0.784862	0.154853
0.171117	0.953572	1.24188	1.36367	1.41517	1.43609	1.44401	1.44743	1.45091	1.45669	1.46364	1.46795	1.46611	1.4592	1.45242	1.45004	1.44983	1.44256	1.4159	1.35523	1.24014	1.05225	0.756596	0.15429
0.161293	0.702256	0.889928	0.974849	1.01742	1.03956	1.04967	1.05275	1.05339	1.05494	1.0581	1.06126	1.0629	1.06362	1.0659	1.0714	1.07793	1.07891	1.06543	1.02737	0.950623	0.822265	0.613858	0.154824
0.133423	0.834365	1.13953	1.28492	1.35282	1.38361	1.398	1.40573	1.41077	1.41444	1.417	1.41835	1.41855	1.41827	1.41845	1.41885	1.41625	1.40414	1.3735	1.31319	1.207	1.03045	0.734278	0.140416
0.137024	0.631792	0.816153	0.901643	0.944521	0.967463	0.981538	0.991791	1.00009	1.00702	1.01293	1.01824	1.02325	1.02798	1.03205	1.03457	1.03363	1.0262	1.00822	0.974424	0.91449	0.8092	0.610886	0.149653
0.131769	0.610212	0.792184	0.879256	0.925374	0.952553	0.971391	0.986122	0.997332	1.00455	1.00895	1.0136	1.02126	1.03159	1.04096	1.04515	1.04149	1.02882	1.00534	0.966559	0.90235	0.793775	0.59488	0.144708
0.131263	0.821546	1.12446	1.27122	1.34236	1.37733	1.39621	1.40802	1.41607	1.42136	1.42457	1.42664	1.42839	1.43012	1.43137	1.43058	1.4245	1.40788	1.37335	1.31072	1.20387	1.02797	0.733105	0.140307
0.168129	0.726121	0.910266	0.985596	1.01806	1.03363	1.04424	1.05432	1.06432	1.07352	1.08104	1.08621	1.08854	1.08904	1.08993	1.09271	1.09523	1.09203	1.07403	1.03411	0.955167	0.827264	0.616073	0.151503
0.174062	0.968426	1.25519	1.37134	1.41717	1.43532	1.44502	1.45338	1.46094	1.46629	1.46897	1.47009	1.4709	1.47201	1.47316	1.47313	1.46848	1.45313	1.41827	1.35116	1.23137	1.04089	0.745339	0.151574
0.162667	0.962003	1.27576	1.41641	1.48043	1.50883	1.52036	1.52401	1.52407	1.52256	1.52028	1.51744	1.514	1.50991	1.50493	1.49805	1.48653	1.4657	1.42844	1.36443	1.25758	1.08175	0.77882	0.154045
0.118213	0.803945	1.12912	1.29652	1.38065	1.42	1.43615	1.4408	1.44017	1.43742	1.43375	1.42921	1.42345	1.41633	1.40767	1.39637	1.37912	1.35025	1.30221	1.22542	1.10641	0.924587	0.639927	0.112606
0.0552414	0.243192	0.320822	0.361329	0.383821	0.396274	0.403214	0.407187	0.40961	0.411238	0.412402	0.413151	0.413401	0.413136	0.41238	0.410932	0.407906	0.401682	0.39021	0.371201	0.341208	0.294742	0.217482	0.0548926
0.090745	0.406763	0.526144	0.58345	0.612943	0.62903	0.639206	0.646723	0.65209	0.654945	0.6557	0.655802	0.656641	0.65846	0.66025	0.66046	0.657215	0.648367	0.631025	0.60153	0.554437	0.479922	0.354234	0.085798
0.157391	0.695734	0.885468	0.966716	1.00264	1.0202	1.03337	1.04671	1.05851	1.06548	1.06698	1.0655	1.06373	1.06298	1.06295	1.06251	1.05864	1.04633	1.01922	0.970968	0.892496	0.769146	0.563519	0.139495
0.181209	0.820645	1.04855	1.14354	1.18393	1.20161	1.21145	1.2194	1.22665	1.23259	1.23647	1.23797	1.23711	1.23485	1.23273	1.23158	1.22926	1.22026	1.19704	1.15071	1.06924	0.932114	0.69186	0.174095
0.160806	0.925057	1.20554	1.32298	1.37291	1.39377	1.40276	1.40749	1.41135	1.41559	1.41974	1.42233	1.42224	1.42016	1.41819	1.41764	1.41647	1.40876	1.38577	1.33636	1.24391	1.08218	0.791995	0.159816
0.157515	0.723675	0.923288	1.00649	1.04164	1.05699	1.06653	1.0758	1.08541	1.09427	1.10107	1.10489	1.10523	1.10382	1.10419	1.10895	1.1155	1.11575	1.09983	1.05909	0.983564	0.856148	0.632625	0.15291
0.139266	0.639167	0.821368	0.902549	0.941066	0.960861	0.974078	0.985508	0.995532	1.0031	1.00807	1.01168	1.01527	1.01955	1.02434	1.02874	1.03026	1.02475	1.00693	0.970896	0.906838	0.79667	0.59532	0.144364
0.124865	0.489269	0.618525	0.679566	0.711921	0.730646	0.742815	0.751753	0.758937	0.765023	0.770351	0.775132	0.779495	0.783475	0.786935	0.78934	0.789434	0.785114	0.773495	0.750489	0.70905	0.635194	0.493712	0.143826
0.139148	0.637982	0.822224	0.907031	0.948987	0.970316	0.981805	0.989175	0.996086	1.00486	1.01519	1.02436	1.02955	1.03076	1.03069	1.03156	1.03175	1.02571	1.00687	0.969068	0.903045	0.791555	0.590599	0.143621
0.148191	0.686454	0.887	0.979172	1.02595	1.05254	1.07106	1.08597	1.09752	1.10468	1.10799	1.10995	1.11313	1.11807	1.12312	1.12592	1.12388	1.11402	1.09198	1.05164	0.981399	0.861758	0.644047	0.156276
0.16107	0.927251	1.20687	1.32248	1.37117	1.3925	1.40414	1.41291	1.42047	1.42662	1.43104	1.43385	1.43537	1.43612	1.43642	1.43577	1.43177	1.41969	1.39234	1.33958	1.24481	1.08175	0.790948	0.159506
0.181598	0.825128	1.05485	1.15085	1.1921	1.21054	1.22093	1.22896	1.2356	1.24028	1.24271	1.24331	1.24259	1.2413	1.24021	1.23931	1.23609	1.22534	1.20003	1.15184	1.06873	0.930547	0.689908	0.173314
0.154454	0.683027	0.879861	0.973158	1.02074	1.04525	1.05757	1.06301	1.06426	1.06277	1.05995	1.05746	1.05663	1.0575	1.05877	1.05853	1.05367	1.03984	1.01147	0.962594	0.884147	0.761493	0.557492	0.138481
0.0895088	0.401085	0.522371	0.583548	0.616902	0.635419	0.645889	0.652195	0.656654	0.660633	0.664369	0.667164	0.668102	0.666906	0.663912	0.659206	0.65209	0.640989	0.623622	0.596413	0.553535	0.484467	0.363474	0.0901175
0.0556585	0.244897	0.322416	0.362219	0.383899	0.395825	0.40269	0.406918	0.409598	0.411171	0.411927	0.412181	0.412204	0.412113	0.411809	0.410842	0.408171	0.402124	0.390617	0.371335	0.340915	0.293924	0.216226	0.0542802
0.119934	0.81489	1.13933	1.30173	1.38011	1.41579	1.43195	1.43988	1.44373	1.4445	1.44242	1.43791	1.43144	1.42366	1.41494	1.40436	1.38818	1.3598	1.31077	1.23127	1.10833	0.922458	0.635333	0.111415
0.162502	0.964689	1.27819	1.41648	1.47757	1.50411	1.51587	1.52182	1.52549	1.52789	1.5288	1.52757	1.5237	1.5177	1.51071	1.50298	1.49194	1.47201	1.435	1.3701	1.26136	1.08313	0.777991	0.153475
0.169352	0.948887	1.23794	1.3608	1.41304	1.43475	1.44333	1.44721	1.4509	1.45664	1.46357	1.46843	1.46824	1.46374	1.459	1.45722	1.45588	1.44635	1.41688	1.35335	1.23559	1.04595	0.750078	0.152587
0.166108	0.716517	0.900714	0.977962	1.01221	1.02831	1.03767	1.0452	1.05264	1.06025	1.06744	1.07309	1.07636	1.07797	1.08001	1.08393	1.08768	1.08585	1.06924	1.03044	0.952213	0.824718	0.614121	0.151171
0.135127	0.843794	1.14878	1.29103	1.35497	1.38247	1.39513	1.4028	1.4089	1.41406	1.41805	1.42059	1.42165	1.42186	1.42213	1.42226	1.4191	1.40625	1.37484	1.31384	1.20713	1.03032	0.734123	0.140444
0.138786	0.641183	0.827518	0.912897	0.954665	0.976234	0.988984	0.99816	1.00573	1.01222	1.01775	1.02242	1.02643	1.03004	1.03335	1.03591	1.03576	1.02935	1.01203	0.978024	0.917241	0.810847	0.611684	0.150376
0.138211	0.639147	0.825725	0.912095	0.954861	0.977158	0.989969	0.998689	1.00588	1.01265	1.01891	1.0238	1.02652	1.02769	1.02907	1.03181	1.03373	1.02916	1.0115	0.973882	0.907248	0.794268	0.591378	0.143179
0.133287	0.833254	1.13787	1.2831	1.35127	1.38293	1.39885	1.40865	1.41606	1.42214	1.42683	1.42977	1.43078	1.43039	1.42948	1.42794	1.42288	1.40835	1.37593	1.31472	1.20843	1.0322	0.736117	0.140875
0.165165	0.713471	0.894977	0.970453	1.00432	1.02171	1.03337	1.04362	1.05344	1.06256	1.07037	1.07623	1.0798	1.08194	1.0844	1.08825	1.09149	1.08858	1.07181	1.03173	0.954144	0.825707	0.617129	0.155816
0.172555	0.963	1.25373	1.37622	1.42814	1.44996	1.45938	1.46447	1.46916	1.47528	1.48211	1.48688	1.48701	1.48314	1.47878	1.47648	1.47334	1.4605	1.4263	1.35693	1.23289	1.03754	0.738592	0.149311
0.161092	0.957006	1.27218	1.41538	1.48219	1.51331	1.52699	1.53205	1.53287	1.53166	1.5293	1.52591	1.52137	1.51585	1.50958	1.50192	1.49015	1.4692	1.43165	1.36728	1.26049	1.08478	0.779832	0.153758
0.117158	0.797499	1.12135	1.28929	1.375	1.41652	1.43501	1.44172	1.44238	1.43985	1.43547	1.42981	1.42305	1.41527	1.40626	1.39473	1.37728	1.34823	1.30014	1.22382	1.10624	0.926125	0.640822	0.112544
0.055042	0.242548	0.319888	0.360157	0.382551	0.395158	0.402532	0.407086	0.409989	0.411803	0.412854	0.413358	0.413425	0.413108	0.412371	0.410907	0.407796	0.401482	0.390008	0.371194	0.341564	0.295352	0.217838	0.0547385
0.0809174	0.580945	0.834547	0.969198	1.03729	1.06937	1.08438	1.09203	1.09585	1.09657	1.09446	1.09026	1.0847	1.07852	1.07209	1.06452	1.05195	1.02758	0.983383	0.911717	0.804587	0.651732	0.432299	0.0706659
0.156112	0.793192	1.05149	1.17674	1.23953	1.26995	1.28373	1.2897	1.29332	1.29758	1.30208	1.30371	1.29953	1.29028	1.27994	1.27146	1.26155	1.24079	1.1985	1.12595	1.01464	0.850983	0.600254	0.13231
0.173455	0.840715	1.07947	1.18515	1.23563	1.26023	1.27217	1.27806	1.28181	1.28556	1.28947	1.29217	1.2923	1.2899	1.28622	1.28198	1.27545	1.26204	1.2349	1.18334	1.08981	0.937647	0.694649	0.161428
0.163899	0.944437	1.23119	1.3516	1.40342	1.42566	1.43556	1.44061	1.44414	1.4475	1.45072	1.45305	1.45384	1.45328	1.45223	1.45082	1.44685	1.43499	1.40563	1.34036	1.15873	0.854434	0.592604	0.105537
0.166693	0.721909	0.906439	0.983759	1.01842	1.03507	1.04433	1.05078	1.05634	1.0617	1.06682	1.0713	1.07482	1.07771	1.08084	1.08454	1.08692	1.08353	1.06778	1.03073	0.957648	0.834384	0.629581	0.160604
0.156306	0.720491	0.923457	1.01138	1.05075	1.06802	1.07593	1.0806	1.08513	1.09103	1.09825	1.10563	1.11196	1.11706	1.1216	1.12572	1.12721	1.12126	1.10161	1.06124	0.989177	0.866599	0.645826	0.156817
0.134679	0.841862	1.14879	1.29415	1.3611	1.39057	1.40362	1.41024	1.41473	1.41862	1.42208	1.42469	1.42604	1.42634	1.42615	1.4251	1.42038	1.40629	1.37471	1.31482	1.21015	1.03536	0.73976	0.141811
0.156202	0.720969	0.925477	1.01514	1.05654	1.07642	1.08768	1.09592	1.103	1.1092	1.11441	1.11855	1.12165	1.12407	1.12639	1.1286	1.1288	1.12282	1.10487	1.06804	1.00045	0.882117	0.662607	0.161842
0.169753	0.731484	0.915228	0.989048	1.01942	1.03259	1.0407	1.04844	1.05644	1.06399	1.07029	1.07498	1.07796	1.08001	1.08258	1.08653	1.08999	1.08852	1.07382	1.03868	0.965205	0.841991	0.632285	0.156498
0.166055	0.955779	1.24348	1.36281	1.41327	1.43472	1.44469	1.45054	1.45514	1.45938	1.46304	1.46535	1.46569	1.46432	1.46215	1.45941	1.45405	1.44096	1.41073	1.34487	1.16255	0.857199	0.594535	0.105895
0.172465	0.836039	1.07389	1.17986	1.23154	1.25782	1.27161	1.27899	1.28326	1.28622	1.28846	1.28971	1.28951	1.28787	1.28508	1.28101	1.27387	1.25986	1.23301	1.18318	1.09266	0.943552	0.70043	0.162261
0.151525	0.766305	1.01838	1.14455	1.21128	1.24646	1.26422	1.27227	1.27521	1.27574	1.27493	1.27271	1.26859	1.26292	1.25671	1.25007	1.23961	1.21853	1.17884	1.11368	1.01854	0.87914	0.626148	0.133926
0.0796029	0.572232	0.823527	0.958513	1.02821	1.06214	1.0786	1.08696	1.09066	1.09056	1.08739	1.08243	1.07674	1.07096	1.06499	1.05759	1.04493	1.02057	0.977053	0.907255	0.803381	0.653869	0.434587	0.0709293
0.0907618	0.650392	0.936481	1.09082	1.1707	1.2089	1.22566	1.23232	1.2346	1.23491	1.23348	1.22936	1.22169	1.21115	1.19947	1.1871	1.17036	1.14151	1.09141	1.01148	0.892887	0.7242	0.481683	0.0795228
0.150789	0.810405	1.08788	1.22544	1.29604	1.33154	1.34868	1.35667	1.36075	1.36347	1.36495	1.3637	1.35833	1.34927	1.33836	1.32652	1.31132	1.28681	1.24536	1.17856	1.07491	0.916501	0.659603	0.143318
0.172318	0.838064	1.07575	1.18045	1.23038	1.25558	1.26943	1.27805	1.28427	1.28918	1.2928	1.29448	1.29373	1.29097	1.28729	1.28315	1.27676	1.26376	1.23741	1.18719	1.09571	0.945378	0.701152	0.162077
0.170781	0.952514	1.24021	1.36113	1.41215	1.4337	1.44369	1.44971	1.45445	1.45848	1.46155	1.46311	1.46295	1.46221	1.46298	1.46629	1.4683	1.45981	1.42898	1.36158	1.23801	1.04175	0.740997	0.149611
0.16345	0.939027	1.22077	1.33648	1.38385	1.40244	1.40997	1.41388	1.417	1.42022	1.42347	1.42633	1.42845	1.4301	1.43184	1.43344	1.43228	1.4229	1.39732	1.34499	1.24944	1.08473	0.792017	0.159583
0.167234	0.723876	0.911278	0.990731	1.02651	1.04325	1.0521	1.05797	1.06296	1.06789	1.07277	1.07719	1.08071	1.08356	1.08648	1.08974	1.09155	1.08828	1.0726	1.03786	0.96595	0.845043	0.637456	0.158603
0.167296	0.724264	0.906951	0.981438	1.01332	1.02801	1.03679	1.04413	1.05121	1.05796	1.06402	1.06905	1.07283	1.07571	1.07859	1.08192	1.08389	1.08	1.06355	1.02561	0.951353	0.826674	0.620774	0.157014
0.1646	0.944297	1.22624	1.34137	1.38817	1.40666	1.41479	1.41997	1.42466	1.42925	1.43327	1.43603	1.4371	1.43688	1.43625	1.43544	1.43237	1.42211	1.39692	1.34623	1.25288	1.09006	0.797464	0.160712
0.171946	0.959561	1.24877	1.37	1.4209	1.44214	1.45167	1.45739	1.46264	1.46847	1.47392	1.47669	1.47491	1.46959	1.46416	1.46117	1.45795	1.44612	1.41425	1.34833	1.2282	1.03656	0.740056	0.149798
0.170153	0.82523	1.06118	1.16693	1.21895	1.24581	1.26029	1.26852	1.27387	1.27815	1.28182	1.28429	1.2849	1.2835	1.28046	1.27577	1.26803	1.25387	1.22765	1.17912	1.08998	0.942057	0.701028	0.16282
0.146264	0.78672	1.0594	1.19714	1.27	1.30808	1.32707	1.33568	1.33914	1.34039	1.34048	1.33907	1.33547	1.32955	1.32165	1.31141	1.29656	1.27256	1.23317	1.17047	1.07229	0.918973	0.664632	0.144483
0.0891275	0.639708	0.922654	1.07673	1.15779	1.19761	1.21581	1.22331	1.2256	1.22518	1.22277	1.2181	1.21076	1.20123	1.19063	1.17888	1.16232	1.13368	1.08445	1.00655	0.891265	0.725939	0.483817	0.0797797
0.0899876	0.644903	0.929	1.0827	1.16279	1.20181	1.2198	1.22789	1.23152	1.23284	1.23191	1.22774	1.21958	1.20828	1.1958	1.18276	1.16566	1.13685	1.08734	1.0088	0.892638	0.726637	0.484248	0.079909
0.152879	0.776113	1.02891	1.15245	1.21579	1.24872	1.26675	1.27796	1.28636	1.29358	1.29859	1.2985	1.29081	1.27714	1.26252	1.25079	1.2394	1.21966	1.18147	1.11712	1.02237	0.883815	0.631741	0.135983
0.162392	0.96199	1.27321	1.40989	1.47029	1.49731	1.5107	1.51906	1.52503	1.52879	1.52992	1.52819	1.52376	1.51753	1.51067	1.50323	1.4925	1.47279	1.43601	1.37151	1.26371	1.08656	0.780311	0.153672
0.184033	0.8318	1.05906	1.15077	1.18757	1.2029	1.21254	1.22216	1.23168	1.23932	1.24385	1.24513	1.24343	1.24043	1.23886	1.24041	1.24195	1.23529	1.2104	1.1577	1.06633	0.9184	0.67107	0.166443
0.173124	0.964855	1.25549	1.37722	1.42758	1.44731	1.45419	1.45642	1.458	1.4609	1.46512	1.46918	1.47161	1.47269	1.47418	1.47687	1.47685	1.46519	1.42996	1.35744	1.22829	1.02726	0.724528	0.144879
0.164796	0.948214	1.23583	1.35656	1.40834	1.43021	1.43938	1.44333	1.4455	1.4475	1.44978	1.45206	1.45392	1.45512	1.45556	1.45453	1.44974	1.43651	1.40595	1.34001	1.15785	0.853031	0.590505	0.104893
0.169084	0.944152	1.23234	1.35606	1.40997	1.43351	1.44372	1.44853	1.45194	1.45592	1.46055	1.46466	1.46712	1.46797	1.46818	1.46797	1.46432	1.45051	1.41667	1.34961	1.22904	1.03708	0.739985	0.149552
0.186753	0.840044	1.06658	1.15686	1.19213	1.20605	1.21456	1.22354	1.23308	1.24141	1.24694	1.24898	1.24733	1.24353	1.24051	1.24036	1.24053	1.23344	1.20937	1.15868	1.07008	0.92464	0.677733	0.168294
0.160857	0.954269	1.26623	1.40627	1.47049	1.50015	1.51411	1.52143	1.52635	1.53053	1.53352	1.53366	1.52949	1.52139	1.51121	1.50019	1.48672	1.46595	1.43013	1.36839	1.26415	1.09033	0.787062	0.155717
0.147887	0.754033	1.00682	1.13506	1.2041	1.24092	1.25939	1.26799	1.27296	1.27837	1.28458	1.2888	1.28802	1.28183	1.27231	1.261	1.2462	1.22269	1.18364	1.12122	1.02465	0.875699	0.632245	0.141768
0.0882393	0.633661	0.91494	1.06872	1.15008	1.19032	1.20885	1.2167	1.21966	1.22041	1.21956	1.21645	1.21022	1.20117	1.19046	1.17823	1.16117	1.13242	1.08364	1.00649	0.891532	0.726081	0.484958	0.0802074
0.0800574	0.574802	0.825887	0.959523	1.02763	1.06055	1.07701	1.08644	1.09203	1.09412	1.0927	1.08836	1.08198	1.0746	1.06695	1.05848	1.04552	1.02134	0.977977	0.908046	0.803789	0.653943	0.434564	0.0709276
0.119063	0.808419	1.12955	1.28993	1.36741	1.4034	1.42107	1.43139	1.43792	1.44095	1.44009	1.43535	1.42723	1.41692	1.40579	1.39371	1.37717	1.34923	1.3011	1.22304	1.10248	0.919506	0.633374	0.110838
0.156716	0.695082	0.884304	0.964688	0.999657	1.01628	1.02838	1.04061	1.05173	1.05894	1.06163	1.06197	1.06243	1.06375	1.0646	1.06276	1.05536	1.03879	1.00824	0.958067	0.878941	0.756222	0.553268	0.136701
0.165202	0.979231	1.29458	1.43174	1.49088	1.51567	1.52669	1.53238	1.5352	1.53532	1.53303	1.52922	1.5249	1.52053	1.51573	1.50912	1.4977	1.47654	1.43845	1.37285	1.26316	1.08304	0.774584	0.15125
0.176337	0.856575	1.09647	1.19958	1.24638	1.26815	1.2788	1.28429	1.2869	1.2875	1.28688	1.28602	1.28568	1.28592	1.28593	1.28423	1.27844	1.26493	1.2378	1.18678	1.09391	0.941468	0.696507	0.160532
0.17127	0.834223	1.07178	1.17648	1.22599	1.25046	1.26302	1.26968	1.2733	1.27529	1.27639	1.27698	1.27728	1.27722	1.27635	1.27369	1.26726	1.25382	1.22764	1.17884	1.08978	0.941887	0.699227	0.161194
0.162646	0.96531	1.27972	1.41956	1.48226	1.50984	1.52201	1.52772	1.5309	1.53296	1.53379	1.5325	1.52831	1.52159	1.51357	1.50467	1.49274	1.47271	1.43701	1.37508	1.27073	1.09638	0.789413	0.15512
0.153177	0.674381	0.864232	0.951629	0.994501	1.01648	1.02933	1.03883	1.04785	1.05745	1.06607	1.0701	1.06629	1.05566	1.04311	1.03297	1.02461	1.01241	0.989081	0.947801	0.880075	0.770212	0.57581	0.146195
0.115211	0.784262	1.10364	1.26999	1.35544	1.39716	1.41602	1.42371	1.42699	1.42927	1.43077	1.42953	1.42358	1.413	1.39967	1.38462	1.36563	1.33682	1.28998	1.21517	1.09869	0.919626	0.637438	0.112198
0.0784541	0.564476	0.81352	0.948053	1.01806	1.05244	1.06925	1.07802	1.08265	1.08423	1.08326	1.08033	1.07593	1.07044	1.06396	1.0557	1.04234	1.0179	0.975004	0.906095	0.802527	0.652846	0.434883	0.0711993
0.0559315	0.246573	0.323904	0.36311	0.384195	0.395793	0.402757	0.40749	0.410877	0.413085	0.414155	0.414243	0.41362	0.412635	0.411577	0.410337	0.407879	0.402224	0.390945	0.371623	0.340856	0.293247	0.214818	0.053565
0.0926293	0.413059	0.531509	0.586551	0.613591	0.627853	0.637493	0.645839	0.652927	0.657691	0.659452	0.658324	0.654778	0.650345	0.647308	0.647165	0.647753	0.643265	0.627301	0.594774	0.541425	0.460181	0.331691	0.078922
0.119404	0.809455	1.12886	1.28648	1.36092	1.39412	1.40946	1.41754	1.42123	1.42047	1.41551	1.40784	1.39918	1.39064	1.38228	1.37255	1.35737	1.33005	1.28226	1.20434	1.0835	0.900852	0.619423	0.108414
0.158283	0.800066	1.05447	1.17321	1.22991	1.25731	1.27272	1.28299	1.28829	1.28693	1.28	1.27173	1.26617	1.26412	1.26302	1.25918	1.24827	1.22524	1.18397	1.11714	1.01442	0.859132	0.612405	0.13525
0.153687	0.825512	1.103	1.23605	1.30092	1.33179	1.34653	1.35359	1.35596	1.35446	1.34994	1.34393	1.33775	1.33186	1.32554	1.31705	1.30311	1.27889	1.23819	1.1733	1.07238	0.916651	0.661306	0.143825
0.155708	0.791114	1.04717	1.17092	1.23298	1.26372	1.2789	1.28652	1.29041	1.29232	1.29258	1.29077	1.28637	1.28006	1.27322	1.26618	1.25558	1.23455	1.195	1.13028	1.03532	0.895974	0.640598	0.136835
0.116562	0.791721	1.10933	1.2705	1.34977	1.38618	1.40165	1.40765	1.40975	1.41025	1.40929	1.40583	1.39897	1.38922	1.37807	1.36587	1.34957	1.32257	1.27637	1.20151	1.08551	0.908089	0.627774	0.110225
0.0882028	0.396255	0.51701	0.578668	0.612407	0.630234	0.638079	0.640406	0.641424	0.644154	0.64862	0.65218	0.652195	0.64871	0.644322	0.641267	0.638375	0.631061	0.613838	0.582108	0.531449	0.45421	0.330052	0.0798043
0.0546645	0.240586	0.317738	0.358358	0.381197	0.393991	0.401091	0.405045	0.407413	0.409071	0.410313	0.41104	0.411083	0.410485	0.40946	0.408	0.405258	0.399425	0.388186	0.369159	0.338801	0.291691	0.214008	0.0534404
0.0552796	0.24303	0.318939	0.357164	0.377438	0.388289	0.394478	0.398343	0.400777	0.401989	0.401972	0.40072	0.398392	0.39578	0.394107	0.394068	0.394429	0.392021	0.383197	0.365015	0.334453	0.286953	0.209737	0.0524513
0.0793529	0.567783	0.813424	0.942076	1.00592	1.03576	1.05049	1.05916	1.06433	1.06594	1.06393	1.05908	1.05234	1.04489	1.03766	1.03011	1.01803	0.993773	0.948871	0.875992	0.768302	0.617404	0.405494	0.0658871
0.0906931	0.648571	0.931235	1.08154	1.15776	1.19364	1.20973	1.21669	1.21887	1.21769	1.21369	1.2073	1.19901	1.1896	1.17978	1.16879	1.15256	1.12386	1.0744	0.996118	0.880203	0.714908	0.476244	0.0786627
0.0905788	0.647826	0.929414	1.0784	1.15325	1.18791	1.20306	1.20941	1.21124	1.20986	1.20572	1.19926	1.19095	1.18167	1.17219	1.16184	1.14645	1.11856	1.0697	0.992083	0.877513	0.714067	0.475688	0.0785119
0.0800989	0.573435	0.817938	0.942588	1.00171	1.02786	1.0412	1.05037	1.05587	1.05559	1.0499	1.04242	1.03679	1.03431	1.03369	1.03213	1.02424	1.00217	0.957516	0.883429	0.77396	0.620919	0.405213	0.0652946
0.0535261	0.235089	0.310602	0.350264	0.372333	0.384384	0.390619	0.393824	0.39621	0.39925	0.402941	0.405975	0.407025	0.406073	0.404347	0.402765	0.40058	0.395346	0.384148	0.364457	0.33327	0.285724	0.208602	0.0520862
