0.0613361	0.26051	0.337628	0.374268	0.391631	0.399107	0.401885	0.402747	0.403173	0.403818	0.404661	0.405246	0.405103	0.404126	0.402511	0.400281	0.397011	0.391664	0.38263	0.367485	0.342468	0.300821	0.226451	0.0593474
0.0911926	0.624204	0.879352	1.00506	1.06081	1.08066	1.08492	1.08366	1.08043	1.07587	1.07006	1.06343	1.05647	1.0498	1.0438	1.03789	1.02877	1.01034	0.975059	0.915072	0.821071	0.678825	0.460093	0.0786093
0.103599	0.704024	0.987486	1.12431	1.18268	1.20146	1.20364	1.20031	1.19514	1.18855	1.18076	1.17269	1.16534	1.15914	1.15365	1.14723	1.13571	1.11237	1.06918	0.997953	0.889297	0.729522	0.490717	0.0842764
0.103099	0.699779	0.982663	1.12022	1.18002	1.20073	1.20516	1.20414	1.2008	1.19505	1.18676	1.17665	1.16569	1.15515	1.14618	1.1386	1.12833	1.10743	1.06647	0.996441	0.887714	0.727282	0.489551	0.0842742
0.0933346	0.636426	0.893679	1.01827	1.07172	1.08948	1.09243	1.09065	1.08732	1.08269	1.07668	1.06977	1.06261	1.05595	1.05025	1.04485	1.03635	1.01839	0.983106	0.922118	0.82565	0.680308	0.460643	0.0788977
0.0654534	0.276747	0.353994	0.387137	0.400277	0.404693	0.406634	0.408715	0.411145	0.413275	0.414634	0.415208	0.41508	0.414479	0.413675	0.412672	0.41065	0.405879	0.396037	0.378424	0.349394	0.30298	0.224314	0.0577349
0.0635938	0.27016	0.349678	0.387257	0.404954	0.412623	0.415548	0.416508	0.416807	0.416988	0.417166	0.417217	0.416987	0.416537	0.416042	0.415423	0.413915	0.409958	0.401421	0.385564	0.358631	0.313924	0.2354	0.0613907
0.100078	0.400642	0.514728	0.568377	0.593888	0.605428	0.610565	0.613096	0.614779	0.616248	0.617172	0.616577	0.61361	0.60899	0.60484	0.602855	0.60192	0.59803	0.586275	0.562015	0.520283	0.452508	0.337528	0.0937723
0.131955	0.847021	1.16345	1.31265	1.37701	1.39964	1.40427	1.40221	1.39802	1.39301	1.38711	1.37984	1.37096	1.36108	1.35132	1.34183	1.33013	1.31067	1.27567	1.21462	1.11354	0.94828	0.670847	0.124259
0.170759	0.820856	1.06625	1.17609	1.22461	1.2429	1.24689	1.24496	1.24175	1.23957	1.23808	1.23508	1.22852	1.21916	1.21017	1.20391	1.198	1.18529	1.15704	1.10613	1.02623	0.901394	0.657807	0.148581
0.171097	0.865626	1.1335	1.25076	1.29873	1.31382	1.31436	1.30936	1.30286	1.29637	1.29001	1.28335	1.27604	1.26849	1.2615	1.25502	1.24663	1.23126	1.20208	1.15055	1.06434	0.923215	0.679311	0.157177
0.179325	0.860704	1.11172	1.21868	1.26113	1.27304	1.27165	1.26566	1.25943	1.25486	1.2517	1.24824	1.24289	1.23615	1.23025	1.22659	1.2224	1.21055	1.18234	1.12902	1.03935	0.895081	0.652905	0.152224
0.138134	0.883898	1.20803	1.35612	1.41538	1.43266	1.43255	1.4268	1.42009	1.41373	1.40749	1.40057	1.3924	1.38337	1.37453	1.36587	1.3546	1.33475	1.29806	1.23358	1.12673	0.954706	0.672805	0.124506
0.103477	0.445572	0.567641	0.622178	0.646544	0.656318	0.659391	0.659908	0.660217	0.661472	0.663287	0.664099	0.662516	0.659054	0.655946	0.654981	0.654958	0.651565	0.639418	0.613772	0.568826	0.49502	0.367725	0.0921739
0.0643736	0.273266	0.353095	0.390367	0.407645	0.414954	0.417651	0.418468	0.418716	0.418923	0.419126	0.419108	0.418696	0.417981	0.41725	0.416518	0.415023	0.411145	0.402701	0.386985	0.360193	0.31544	0.236243	0.0614561
0.0928826	0.635199	0.895238	1.02386	1.08131	1.102	1.10636	1.10451	1.1002	1.09439	1.08774	1.08124	1.07565	1.07122	1.06745	1.06296	1.05423	1.03554	0.999713	0.938667	0.84218	0.695797	0.47255	0.0811528
0.135002	0.866522	1.18937	1.34078	1.40509	1.42692	1.43035	1.4268	1.42082	1.41387	1.40649	1.39911	1.39209	1.3856	1.37945	1.37247	1.36166	1.34184	1.30562	1.24239	1.13713	0.966027	0.682907	0.126717
0.17208	0.725497	0.908802	0.980776	1.00728	1.01617	1.02084	1.02593	1.0305	1.03213	1.03026	1.02671	1.0235	1.02166	1.02102	1.02081	1.01897	1.01202	0.995123	0.961488	0.901068	0.795712	0.601791	0.156907
0.182437	1.00883	1.3038	1.42119	1.46334	1.47421	1.47398	1.47098	1.46771	1.46421	1.45991	1.45445	1.44779	1.44071	1.43452	1.42977	1.42466	1.41449	1.39202	1.34676	1.26243	1.10956	0.822156	0.171785
0.19215	0.882193	1.10848	1.19768	1.23196	1.24319	1.24468	1.24255	1.23971	1.23739	1.23552	1.23321	1.22982	1.22589	1.22292	1.22178	1.22119	1.21711	1.20287	1.16801	1.09486	0.962562	0.731552	0.17783
0.196287	0.898854	1.12684	1.21518	1.2477	1.25685	1.2562	1.25197	1.2472	1.24322	1.24021	1.23762	1.23498	1.23247	1.23086	1.23039	1.22957	1.22465	1.2093	1.17302	1.09779	0.962958	0.730871	0.177594
0.186326	1.02823	1.32778	1.44657	1.48832	1.49767	1.49486	1.48848	1.48187	1.47595	1.4706	1.46534	1.45989	1.4546	1.45018	1.44657	1.44157	1.43036	1.40561	1.35672	1.26721	1.10898	0.819528	0.171453
0.176321	0.741819	0.930762	1.00694	1.03595	1.0452	1.04757	1.0486	1.0497	1.05065	1.05078	1.04943	1.04622	1.04175	1.03737	1.03384	1.02953	1.02033	1.00048	0.963226	0.899054	0.790674	0.596186	0.156111
0.137902	0.882576	1.20596	1.35354	1.41301	1.43156	1.43395	1.43124	1.42685	1.42102	1.41347	1.40445	1.39452	1.38454	1.37523	1.36621	1.35466	1.33515	1.30005	1.23894	1.13717	0.969877	0.687276	0.127567
0.0939868	0.640823	0.899232	1.024	1.07753	1.09585	1.10002	1.0997	1.09736	1.09266	1.08562	1.07739	1.06935	1.06246	1.05682	1.0514	1.04274	1.02488	0.990498	0.931696	0.838619	0.695923	0.473581	0.0812741
0.104869	0.713696	1.00513	1.14958	1.21448	1.23784	1.24208	1.23863	1.2322	1.22442	1.21612	1.20817	1.2011	1.195	1.18928	1.18238	1.17061	1.14801	1.10715	1.03933	0.933205	0.772476	0.526441	0.0914641
0.175214	0.844537	1.09668	1.20843	1.25634	1.27281	1.27409	1.26865	1.26116	1.25415	1.24905	1.2466	1.24717	1.24972	1.25174	1.25015	1.24198	1.22406	1.19183	1.13827	1.05088	0.909363	0.667377	0.15659
0.185118	1.02302	1.32016	1.43667	1.47664	1.48505	1.48243	1.47715	1.47158	1.46587	1.46	1.4544	1.44964	1.44619	1.44411	1.44269	1.43952	1.42997	1.40701	1.36004	1.27231	1.11518	0.825259	0.172787
0.208415	0.890024	1.10347	1.17479	1.19186	1.1915	1.1908	1.19456	1.20002	1.2028	1.20136	1.19764	1.19412	1.19239	1.19288	1.1952	1.19684	1.19277	1.17608	1.13799	1.06562	0.938059	0.705605	0.184461
0.192241	1.0009	1.27359	1.37611	1.40967	1.41617	1.41373	1.40977	1.40718	1.4067	1.40699	1.40534	1.39967	1.3919	1.38731	1.39031	1.39852	1.40223	1.38837	1.342	1.24263	1.06944	0.784102	0.168279
0.185104	0.995553	1.26858	1.37171	1.40695	1.41522	1.41362	1.40919	1.40464	1.4008	1.39754	1.39428	1.39074	1.38759	1.38625	1.38754	1.38955	1.38723	1.37138	1.32303	1.161	0.873804	0.621883	0.115964
0.192996	1.00186	1.27495	1.37837	1.4128	1.41994	1.41744	1.41252	1.40794	1.40453	1.40208	1.39991	1.39764	1.39614	1.39722	1.40184	1.40683	1.40433	1.38345	1.33046	1.2252	1.04809	0.763524	0.163358
0.20389	0.870295	1.08535	1.16316	1.1877	1.19306	1.19472	1.19763	1.20104	1.20275	1.20212	1.20056	1.19984	1.20097	1.20378	1.20731	1.20884	1.20354	1.18485	1.14455	1.06993	0.94051	0.706759	0.184813
0.187195	1.03075	1.32558	1.43808	1.47468	1.48222	1.48205	1.48147	1.48067	1.47762	1.47155	1.46359	1.4554	1.44833	1.44272	1.43799	1.43198	1.42052	1.3972	1.35204	1.26868	1.11731	0.830643	0.174431
0.179675	0.856841	1.0994	1.19783	1.23408	1.24455	1.2481	1.2513	1.25303	1.25016	1.2423	1.23233	1.22336	1.21691	1.21259	1.20902	1.20322	1.19057	1.16509	1.12055	1.04957	0.933751	0.692622	0.159131
0.106046	0.719583	1.00928	1.14965	1.21042	1.23128	1.23541	1.23369	1.2294	1.22268	1.2137	1.20355	1.19353	1.1845	1.17653	1.16839	1.15646	1.13458	1.09515	1.02965	0.927023	0.770302	0.526112	0.0914053
0.104512	0.711158	1.00096	1.14415	1.2081	1.2308	1.23469	1.23125	1.22531	1.2185	1.21135	1.20415	1.19704	1.19031	1.18414	1.1776	1.167	1.14569	1.10556	1.03791	0.932028	0.771723	0.524879	0.0909228
0.171756	0.866845	1.13645	1.25693	1.30816	1.32565	1.32714	1.3217	1.31428	1.30744	1.30208	1.29806	1.29492	1.29234	1.28998	1.28678	1.28022	1.26591	1.23771	1.18715	1.10112	0.957845	0.706549	0.162705
0.194435	0.892643	1.11952	1.20724	1.23936	1.24837	1.24778	1.24368	1.23893	1.23483	1.23186	1.22999	1.22921	1.22964	1.23151	1.23437	1.23632	1.2335	1.21961	1.18417	1.10909	0.973541	0.739398	0.179916
0.194056	1.00857	1.28056	1.38052	1.41085	1.41412	1.40873	1.40218	1.39736	1.39501	1.39409	1.39243	1.38842	1.38407	1.38456	1.39395	1.40872	1.41708	1.40388	1.35345	1.24592	1.06303	0.770254	0.163531
0.184792	0.992303	1.26096	1.35963	1.39041	1.39508	1.39133	1.38629	1.38222	1.37942	1.37742	1.37562	1.37379	1.37255	1.37309	1.37594	1.37926	1.37842	1.36617	1.33143	1.25624	1.11265	0.835278	0.177552
0.186298	0.768587	0.948368	1.01637	1.04141	1.04888	1.04979	1.04881	1.04798	1.04806	1.0489	1.04974	1.05003	1.05041	1.05239	1.05701	1.06292	1.06589	1.05964	1.03454	0.974609	0.862923	0.664362	0.176115
0.185399	0.765585	0.947916	1.01665	1.04129	1.04909	1.05173	1.05362	1.05532	1.05621	1.05584	1.05428	1.05182	1.0498	1.05032	1.05488	1.06164	1.06507	1.05753	1.02874	0.962774	0.84443	0.643674	0.171644
0.183925	0.984733	1.25107	1.34914	1.38102	1.38812	1.38812	1.38719	1.38598	1.38355	1.37971	1.37553	1.37238	1.3712	1.37219	1.37467	1.37637	1.37305	1.35814	1.32146	1.24567	1.10333	0.830901	0.178385
0.197619	1.0236	1.28995	1.37988	1.40226	1.40452	1.40788	1.41695	1.42641	1.42924	1.42348	1.41291	1.40212	1.39442	1.39126	1.39289	1.39604	1.39351	1.37531	1.32826	1.23172	1.06375	0.784153	0.169251
0.198948	0.909249	1.13208	1.21181	1.23643	1.24151	1.24222	1.2435	1.24467	1.2436	1.23966	1.23419	1.22898	1.22519	1.22305	1.22202	1.22039	1.21504	1.20056	1.16719	1.09717	0.968679	0.740042	0.180916
0.17508	0.881579	1.15084	1.2665	1.3123	1.32631	1.3276	1.32458	1.31988	1.31378	1.30631	1.29793	1.28932	1.28123	1.27418	1.26776	1.25954	1.24492	1.21768	1.1694	1.08694	0.948309	0.702292	0.163246
0.105335	0.71568	1.00645	1.14944	1.21286	1.23529	1.2394	1.23649	1.23095	1.22393	1.21569	1.20661	1.19716	1.18802	1.1797	1.17152	1.15996	1.13849	1.09895	1.0323	0.927172	0.7675	0.522959	0.0908249
0.0925584	0.632735	0.890822	1.01776	1.07389	1.09367	1.09752	1.09561	1.09181	1.0871	1.08178	1.07627	1.07091	1.06616	1.06232	1.05862	1.0515	1.03445	0.99964	0.938972	0.842896	0.696888	0.472194	0.0808088
0.17385	0.833319	1.0785	1.18556	1.23038	1.2449	1.24536	1.2405	1.23549	1.23322	1.23371	1.23483	1.23428	1.2321	1.2304	1.23047	1.22921	1.21908	1.191	1.1375	1.05249	0.920064	0.666629	0.149589
0.193389	0.885815	1.11104	1.19857	1.23106	1.24049	1.2403	1.23669	1.23269	1.22978	1.22817	1.22727	1.2265	1.22601	1.22657	1.22845	1.23002	1.22728	1.21382	1.17936	1.10614	0.973217	0.740338	0.180644
0.185356	0.995533	1.2681	1.37094	1.40583	1.4129	1.40906	1.40169	1.3944	1.38894	1.38543	1.38301	1.38093	1.3796	1.38035	1.38387	1.38809	1.38774	1.37326	1.32626	1.16508	0.878463	0.626924	0.117432
0.186746	0.770562	0.952718	1.02199	1.04691	1.05335	1.05264	1.04982	1.04726	1.04597	1.04594	1.04647	1.04698	1.04797	1.05083	1.05641	1.06318	1.06732	1.06152	1.03826	0.97893	0.87011	0.669974	0.174731
0.175324	0.768574	0.968917	1.04896	1.07905	1.08813	1.08935	1.08849	1.08775	1.08775	1.08834	1.08896	1.08914	1.08959	1.09195	1.09732	1.10355	1.10503	1.09437	1.0632	1.0002	0.885222	0.668732	0.169723
0.151067	0.892594	1.1995	1.33648	1.39278	1.41197	1.41681	1.41676	1.41506	1.41248	1.40942	1.40657	1.40458	1.40389	1.4045	1.40558	1.40453	1.39657	1.37441	1.32694	1.23489	1.0702	0.778154	0.157784
0.174567	0.764963	0.966748	1.04973	1.08324	1.09547	1.09912	1.0997	1.09931	1.09873	1.09836	1.09852	1.09945	1.10136	1.10443	1.10829	1.11109	1.10931	1.09798	1.06986	1.01314	0.906069	0.695469	0.180095
0.186113	0.767924	0.946034	1.01228	1.0363	1.04373	1.0457	1.04593	1.04466	1.04125	1.03652	1.03295	1.03304	1.03731	1.04408	1.05101	1.05576	1.05571	1.04643	1.02009	0.960615	0.851202	0.656834	0.17535
0.189929	1.01279	1.28109	1.37583	1.40358	1.40713	1.40489	1.40296	1.40149	1.39899	1.39495	1.39039	1.38672	1.38479	1.38466	1.3856	1.38543	1.38013	1.36178	1.31296	1.15286	0.869709	0.621631	0.11669
0.197292	0.90182	1.12607	1.20917	1.23685	1.24299	1.24198	1.23955	1.23722	1.23489	1.23232	1.2295	1.22667	1.22424	1.22264	1.22176	1.22013	1.21447	1.19915	1.16416	1.0915	0.960199	0.731496	0.17867
0.175887	0.842589	1.09233	1.20203	1.24852	1.26413	1.2654	1.26097	1.25553	1.25139	1.24837	1.24445	1.23775	1.22908	1.22163	1.21767	1.21454	1.20442	1.17792	1.12628	1.03808	0.895196	0.654225	0.153532
0.0929845	0.63525	0.894748	1.02275	1.07962	1.09985	1.1039	1.10199	1.09796	1.09272	1.08651	1.07964	1.0725	1.06569	1.0598	1.0544	1.04619	1.02883	0.994346	0.934207	0.838212	0.692246	0.469824	0.0806333
0.0637963	0.270562	0.349659	0.386706	0.403962	0.411324	0.41398	0.41469	0.414775	0.414823	0.41503	0.415393	0.415842	0.416343	0.416864	0.417106	0.416213	0.412683	0.404527	0.389131	0.362663	0.318118	0.238702	0.0620738
0.13571	0.869982	1.19149	1.3405	1.40247	1.42244	1.42452	1.42015	1.41393	1.40737	1.40103	1.39527	1.39035	1.38634	1.38293	1.37876	1.37052	1.3527	1.31771	1.25527	1.15047	0.978902	0.69151	0.128021
0.182706	1.00937	1.30445	1.42197	1.46393	1.47402	1.47219	1.46701	1.46156	1.45669	1.45234	1.44819	1.44407	1.44034	1.43776	1.43633	1.43386	1.42552	1.40408	1.35915	1.27436	1.12044	0.831003	0.174208
0.192015	0.997608	1.26955	1.37235	1.40645	1.41329	1.41081	1.40643	1.40301	1.40134	1.40048	1.39832	1.39314	1.38645	1.38269	1.38545	1.39247	1.39512	1.38155	1.33753	1.2422	1.07397	0.792626	0.171482
0.184429	0.761794	0.942676	1.01343	1.04077	1.04834	1.04604	1.03926	1.03247	1.02885	1.02895	1.03116	1.03384	1.03688	1.0415	1.04848	1.05608	1.05961	1.05208	1.02456	0.961165	0.846361	0.647335	0.171297
0.156072	0.920914	1.23353	1.3698	1.42176	1.43569	1.43442	1.42825	1.42161	1.41622	1.41225	1.40921	1.40666	1.40493	1.40486	1.40648	1.40721	1.40136	1.3806	1.3334	1.24051	1.07405	0.779553	0.15771
0.159944	0.702516	0.890189	0.968582	1.0007	1.01263	1.01692	1.01898	1.02051	1.02181	1.02307	1.02465	1.02681	1.02964	1.03293	1.03611	1.03758	1.03454	1.02293	0.996579	0.944841	0.846053	0.649329	0.166803
0.15226	0.672483	0.857582	0.938589	0.975513	0.993054	1.0032	1.0105	1.01542	1.0173	1.01728	1.01857	1.02406	1.03336	1.04265	1.04764	1.04594	1.03684	1.01863	0.986237	0.929131	0.82597	0.628044	0.159768
0.151944	0.898028	1.20652	1.34424	1.40074	1.41984	1.42413	1.42315	1.42049	1.41729	1.41413	1.41169	1.41053	1.41073	1.41181	1.41245	1.41008	1.40037	1.37658	1.32812	1.23572	1.07109	0.778806	0.157732
0.188042	0.772349	0.949804	1.01372	1.0343	1.03868	1.03904	1.03992	1.04191	1.04441	1.04678	1.04869	1.04996	1.05137	1.0544	1.05996	1.06605	1.06801	1.05783	1.02819	0.961353	0.84547	0.642058	0.165043
0.196738	1.01865	1.28598	1.37852	1.40229	1.40235	1.39872	1.39784	1.39907	1.39991	1.39914	1.3975	1.39608	1.39575	1.39695	1.39929	1.40003	1.39354	1.37133	1.32095	1.22173	1.05236	0.773663	0.166906
0.183926	1.01322	1.30871	1.42653	1.46851	1.47836	1.476	1.46985	1.46323	1.45713	1.45152	1.44602	1.44038	1.43495	1.43041	1.42678	1.42197	1.41134	1.38785	1.34107	1.25464	1.10026	0.815192	0.171028
0.13553	0.869107	1.19308	1.3456	1.41043	1.43197	1.43366	1.4274	1.41906	1.41121	1.40422	1.3972	1.38922	1.38043	1.37185	1.3636	1.35305	1.33445	1.29968	1.23784	1.1338	0.963901	0.681896	0.126584
0.0639023	0.271234	0.350903	0.388576	0.406333	0.413836	0.416325	0.416671	0.416487	0.416585	0.417092	0.417647	0.417814	0.417484	0.416878	0.416056	0.414372	0.41036	0.401947	0.38644	0.359989	0.315778	0.237432	0.0621445
0.102472	0.441705	0.562929	0.617213	0.641868	0.652437	0.656864	0.658715	0.659149	0.658472	0.657427	0.657409	0.659611	0.663776	0.668135	0.670525	0.669273	0.663097	0.649997	0.626578	0.58587	0.516139	0.389334	0.0983747
0.176452	0.743109	0.928761	1.00071	1.02633	1.03374	1.03663	1.03978	1.04243	1.04248	1.03981	1.03668	1.03535	1.0365	1.03913	1.04163	1.04139	1.03461	1.0164	0.980143	0.91574	0.805389	0.606193	0.157549
0.201929	0.864438	1.0804	1.16014	1.1861	1.19128	1.19065	1.1898	1.18947	1.18888	1.18754	1.18574	1.18398	1.18302	1.18361	1.18593	1.18804	1.18547	1.17184	1.1389	1.07335	0.953163	0.725371	0.191855
0.181267	0.972858	1.23966	1.34068	1.37503	1.38239	1.37967	1.37416	1.3691	1.36574	1.36388	1.36243	1.36057	1.35882	1.35878	1.36139	1.36496	1.36455	1.35261	1.31848	1.24461	1.10357	0.831299	0.178259
0.178263	0.779209	0.9793	1.05711	1.08433	1.09064	1.08952	1.08713	1.08601	1.08698	1.08927	1.09099	1.0905	1.0888	1.08925	1.09457	1.1028	1.10695	1.09834	1.06799	1.00466	0.888775	0.67121	0.170515
0.16431	0.717411	0.902847	0.975806	1.0019	1.00896	1.01051	1.0118	1.01349	1.01472	1.01531	1.0161	1.01804	1.02154	1.02634	1.03168	1.03539	1.03367	1.02141	0.991902	0.934765	0.829633	0.628715	0.159374
0.146698	0.551153	0.683756	0.739706	0.764174	0.774622	0.779374	0.782183	0.784399	0.786386	0.788282	0.790251	0.792438	0.794947	0.797772	0.800568	0.802285	0.800952	0.793594	0.77597	0.740151	0.670577	0.529387	0.160694
0.161909	0.706965	0.893961	0.971638	1.00268	1.01269	1.01367	1.01187	1.01134	1.01453	1.02097	1.02763	1.03142	1.03207	1.03208	1.03348	1.03517	1.03262	1.01993	0.990265	0.933718	0.83002	0.631193	0.161092
0.169336	0.746207	0.946073	1.02959	1.0647	1.07945	1.08658	1.09119	1.09445	1.09604	1.09613	1.09582	1.09632	1.09815	1.10111	1.10443	1.10623	1.10332	1.09072	1.06115	1.00275	0.893704	0.681598	0.173702
0.181806	0.976176	1.24045	1.3373	1.36772	1.37302	1.37085	1.3681	1.36666	1.36649	1.367	1.36759	1.36794	1.36843	1.36981	1.3722	1.37376	1.37012	1.35449	1.31668	1.2395	1.09604	0.823217	0.176036
0.202769	0.870519	1.08676	1.16538	1.18967	1.19355	1.19218	1.19109	1.19082	1.19037	1.18917	1.18757	1.1861	1.18539	1.18598	1.18783	1.18888	1.18475	1.16933	1.13437	1.06707	0.945727	0.718234	0.189413
0.172952	0.728048	0.917874	0.998002	1.03137	1.04318	1.04522	1.04323	1.04003	1.03692	1.03419	1.03158	1.02877	1.02613	1.02458	1.02456	1.02386	1.01745	0.99911	0.961671	0.895701	0.784486	0.587523	0.152602
0.102086	0.439115	0.561194	0.617191	0.643194	0.653922	0.657022	0.656956	0.656754	0.658281	0.661397	0.66424	0.664841	0.662891	0.659697	0.656414	0.652721	0.646651	0.635164	0.614379	0.577539	0.513004	0.391813	0.101066
0.0641048	0.272069	0.351743	0.389097	0.40655	0.414036	0.416845	0.41766	0.417731	0.417605	0.417526	0.417622	0.417932	0.418427	0.418881	0.418824	0.417388	0.413236	0.404522	0.388657	0.361824	0.317081	0.237968	0.0620072
0.137223	0.879557	1.20424	1.35431	1.41636	1.43666	1.43958	1.43631	1.43078	1.42389	1.41616	1.40855	1.40191	1.39649	1.39162	1.38564	1.3752	1.35504	1.31787	1.25324	1.14589	0.972184	0.686023	0.127114
0.183109	1.01366	1.31151	1.43094	1.47435	1.48561	1.48469	1.48005	1.47465	1.46926	1.46407	1.45919	1.45477	1.45101	1.44794	1.44493	1.43977	1.42821	1.40369	1.35598	1.26843	1.11223	0.823705	0.17262
0.188895	0.98754	1.26173	1.36874	1.407	1.41641	1.41394	1.40757	1.40197	1.39981	1.40079	1.40226	1.40175	1.39948	1.39806	1.39947	1.40169	1.39814	1.37915	1.33158	1.23448	1.06611	0.786114	0.169928
0.185584	0.762083	0.940806	1.00821	1.03241	1.03937	1.04088	1.04162	1.04269	1.04382	1.04451	1.04432	1.04314	1.04227	1.04426	1.05108	1.0607	1.06726	1.06131	1.03449	0.969042	0.853228	0.648678	0.167119
0.156996	0.925207	1.23703	1.37113	1.4209	1.43365	1.43269	1.42807	1.42336	1.41937	1.41586	1.41246	1.40902	1.40629	1.40548	1.4069	1.40799	1.40282	1.3828	1.33625	1.24388	1.07758	0.782629	0.158458
0.162529	0.71482	0.904287	0.981846	1.01219	1.02237	1.02534	1.02657	1.02766	1.02865	1.02934	1.02981	1.03034	1.03136	1.03337	1.0363	1.0386	1.03693	1.02653	1.0008	0.949138	0.84997	0.652512	0.168249
0.162562	0.71531	0.903565	0.979426	1.00842	1.01814	1.02212	1.02568	1.0295	1.03257	1.03389	1.03296	1.02964	1.02547	1.02345	1.02593	1.03115	1.03299	1.02375	0.9957	0.939174	0.834043	0.633013	0.16094
0.155061	0.91487	1.22571	1.36151	1.41392	1.42874	1.42903	1.42514	1.42151	1.4196	1.41894	1.41802	1.41563	1.41232	1.41004	1.40997	1.40999	1.40419	1.38373	1.33684	1.24426	1.0778	0.782699	0.158374
0.184129	0.756722	0.932173	0.997696	1.02094	1.02712	1.0274	1.0269	1.02834	1.03298	1.0398	1.04584	1.04845	1.04851	1.05024	1.05732	1.06814	1.07516	1.06834	1.03747	0.967528	0.844688	0.638754	0.167114
0.194487	1.01074	1.2834	1.38427	1.41549	1.41911	1.41322	1.40588	1.40133	1.40158	1.40567	1.41016	1.41185	1.41062	1.40927	1.40995	1.41056	1.40407	1.38048	1.3267	1.2227	1.04818	0.765921	0.164177
0.182282	1.00903	1.30667	1.42733	1.4721	1.48391	1.48225	1.47578	1.46853	1.46224	1.4571	1.45235	1.44726	1.44189	1.43701	1.43274	1.42713	1.4156	1.39123	1.34389	1.25765	1.10368	0.816894	0.170904
0.134574	0.863904	1.18708	1.34018	1.40632	1.42927	1.43229	1.4271	1.41941	1.41174	1.40462	1.39742	1.38938	1.38065	1.37201	1.36343	1.35226	1.33298	1.29785	1.23641	1.13401	0.966164	0.683779	0.126765
0.0637233	0.270757	0.350196	0.387622	0.40523	0.412832	0.415647	0.416467	0.416691	0.416962	0.41741	0.417817	0.417897	0.417596	0.417049	0.416212	0.414412	0.410264	0.401812	0.386488	0.360401	0.316524	0.237952	0.0620234
0.0936482	0.639739	0.900115	1.02773	1.08394	1.10395	1.1085	1.10758	1.10448	1.09967	1.09342	1.08654	1.07987	1.07402	1.06908	1.06405	1.05536	1.03678	1.00066	0.938689	0.84084	0.693208	0.469629	0.0805305
0.176955	0.85158	1.10279	1.2117	1.25699	1.27269	1.27614	1.27537	1.27321	1.27032	1.2667	1.26234	1.25722	1.25191	1.2473	1.2434	1.237	1.22151	1.18906	1.1315	1.03762	0.889571	0.645268	0.149876
0.192832	0.883294	1.11045	1.20105	1.23675	1.24897	1.25084	1.24853	1.24527	1.2427	1.24119	1.24017	1.23905	1.2378	1.23687	1.23631	1.23461	1.22829	1.21147	1.17401	1.09808	0.963284	0.731821	0.179019
0.183052	0.983911	1.25514	1.35914	1.39624	1.4061	1.40536	1.40108	1.39644	1.39282	1.39037	1.38858	1.387	1.38589	1.38608	1.38786	1.38934	1.38604	1.36932	1.32126	1.1605	0.875377	0.625147	0.117125
0.186638	0.768807	0.947715	1.01503	1.03949	1.04635	1.04666	1.0451	1.04371	1.04333	1.04393	1.04491	1.04582	1.04711	1.05001	1.05526	1.06135	1.0641	1.05716	1.03186	0.972039	0.861237	0.664473	0.177486
0.177293	0.777338	0.97924	1.05924	1.08852	1.0964	1.09604	1.09352	1.09158	1.09134	1.09257	1.09423	1.09535	1.09631	1.09867	1.10348	1.10895	1.11021	1.10068	1.07234	1.01342	0.902579	0.687488	0.175459
0.156548	0.923466	1.2369	1.37336	1.42529	1.43942	1.4388	1.43369	1.42829	1.42394	1.42046	1.41697	1.41282	1.40856	1.40568	1.4049	1.40416	1.39807	1.37844	1.33372	1.24442	1.08141	0.788298	0.160072
0.177934	0.780885	0.984756	1.06635	1.09703	1.10604	1.10679	1.10527	1.10399	1.10373	1.10422	1.10464	1.10432	1.10374	1.10434	1.10714	1.1108	1.11125	1.10245	1.07651	1.02125	0.914151	0.700821	0.179807
0.189527	0.776757	0.955616	1.02081	1.04167	1.04425	1.04021	1.03527	1.03267	1.03407	1.03867	1.04369	1.04655	1.04752	1.04944	1.05483	1.06251	1.06774	1.06192	1.03726	0.975351	0.863454	0.661009	0.171205
0.186332	0.999166	1.27021	1.37081	1.40363	1.40914	1.40458	1.39759	1.392	1.3895	1.38962	1.39038	1.39002	1.38855	1.38769	1.3887	1.39	1.38655	1.36898	1.31908	1.15598	0.869349	0.618704	0.115645
0.193506	0.885746	1.11161	1.20036	1.23423	1.24478	1.24527	1.24196	1.23809	1.23533	1.23388	1.23294	1.23166	1.22989	1.22828	1.2271	1.22516	1.21905	1.20293	1.16686	1.0932	0.961142	0.730681	0.178057
0.172559	0.826606	1.07279	1.18307	1.23196	1.25074	1.25529	1.2536	1.24968	1.24544	1.24116	1.23607	1.22921	1.22133	1.21454	1.21019	1.20561	1.19396	1.16685	1.11704	1.03806	0.91309	0.6671	0.150775
0.0922873	0.631248	0.889705	1.01779	1.07538	1.09662	1.10174	1.10076	1.09733	1.09229	1.08598	1.07896	1.07177	1.06501	1.05912	1.05356	1.04497	1.02709	0.992203	0.932231	0.837504	0.693217	0.470286	0.0804785
0.105407	0.716872	1.00848	1.15228	1.21653	1.23983	1.24487	1.24294	1.23826	1.23189	1.22415	1.21559	1.20679	1.19835	1.19046	1.18218	1.16987	1.14708	1.10578	1.03701	0.92961	0.767898	0.522084	0.090548
0.171603	0.866138	1.13686	1.25918	1.31278	1.33314	1.33809	1.33639	1.33232	1.32773	1.32294	1.31754	1.31116	1.30409	1.29712	1.29015	1.28088	1.26453	1.23452	1.18224	1.09482	0.951017	0.700896	0.161438
0.19129	0.879378	1.10629	1.19702	1.23323	1.24649	1.24985	1.24917	1.24728	1.24545	1.2439	1.24224	1.24017	1.23803	1.23659	1.23606	1.235	1.2298	1.21444	1.17881	1.10519	0.972324	0.73972	0.180075
0.19044	0.990894	1.26381	1.36935	1.40652	1.41587	1.41455	1.40982	1.40505	1.4017	1.39972	1.39815	1.39623	1.39479	1.39598	1.40115	1.4074	1.40713	1.38975	1.34167	1.24212	1.06977	0.785478	0.168912
0.184224	0.987229	1.25523	1.35465	1.38682	1.39238	1.38866	1.38276	1.37731	1.37314	1.37028	1.36852	1.36772	1.36814	1.37028	1.37399	1.37716	1.37533	1.36155	1.32558	1.24992	1.10704	0.832844	0.178382
0.187611	0.772434	0.954491	1.02374	1.0487	1.05514	1.05439	1.05157	1.04915	1.04826	1.04884	1.05003	1.05101	1.05207	1.05441	1.05885	1.06407	1.06664	1.05975	1.03608	0.977229	0.869384	0.670101	0.174789
0.186372	0.768056	0.947009	1.01435	1.03854	1.04429	1.0424	1.03813	1.03483	1.03451	1.0369	1.0398	1.04108	1.04089	1.04154	1.04504	1.05037	1.05293	1.04583	1.02013	0.959922	0.848869	0.65254	0.17313
0.185425	0.991909	1.2603	1.35954	1.39118	1.39578	1.39075	1.38366	1.37784	1.37452	1.37315	1.37219	1.37037	1.36805	1.36704	1.36862	1.3713	1.37021	1.35775	1.32302	1.24842	1.10637	0.832562	0.178125
0.192892	1.00317	1.27645	1.37957	1.41333	1.41913	1.4147	1.40806	1.40338	1.40247	1.40394	1.404	1.39939	1.3914	1.38541	1.38597	1.39101	1.39113	1.37357	1.32387	1.222	1.04824	0.765782	0.163918
0.191198	0.876113	1.10171	1.19179	1.2272	1.23886	1.23974	1.23622	1.23215	1.22962	1.22878	1.22828	1.22678	1.22418	1.2216	1.21993	1.21821	1.21294	1.19805	1.16323	1.09045	0.958929	0.730142	0.178328
0.168441	0.85099	1.11888	1.24118	1.29546	1.31604	1.32004	1.31643	1.31036	1.30453	1.29955	1.29462	1.28873	1.28184	1.27474	1.26769	1.25885	1.24396	1.21668	1.16844	1.08598	0.947204	0.700859	0.161469
0.103863	0.707447	0.996875	1.14092	1.20633	1.23065	1.23611	1.23398	1.22883	1.22207	1.21419	1.20559	1.19661	1.18775	1.17941	1.17094	1.15893	1.13698	1.09705	1.03041	0.92615	0.767761	0.522783	0.0905291
0.104347	0.71003	1.00032	1.14474	1.2104	1.23507	1.24104	1.23959	1.23529	1.22947	1.22237	1.21417	1.20512	1.19589	1.18712	1.17832	1.16602	1.14367	1.10311	1.03554	0.930123	0.770593	0.524606	0.0909381
0.172531	0.830394	1.07886	1.19036	1.24018	1.25988	1.26551	1.26525	1.26344	1.26214	1.26091	1.25757	1.25017	1.23981	1.23013	1.22379	1.2184	1.20644	1.17884	1.12815	1.04789	0.921726	0.674259	0.152973
0.183183	1.01184	1.30781	1.42598	1.46879	1.48043	1.48098	1.47835	1.47477	1.47029	1.46484	1.45886	1.45307	1.4482	1.4447	1.44204	1.43789	1.42765	1.40442	1.35795	1.27195	1.11722	0.827678	0.173224
0.205287	0.877199	1.09288	1.16965	1.19244	1.19576	1.19531	1.19602	1.19682	1.19527	1.19109	1.18659	1.18426	1.18525	1.18912	1.19463	1.19873	1.19622	1.18027	1.1425	1.07011	0.942239	0.708903	0.185239
0.195936	1.01687	1.29097	1.39226	1.42345	1.42679	1.42039	1.41208	1.40548	1.40224	1.402	1.40283	1.40291	1.40257	1.40403	1.40879	1.41364	1.41013	1.38696	1.33056	1.22126	1.04001	0.752182	0.159271
0.185283	0.993835	1.26614	1.36929	1.40467	1.4124	1.40932	1.40274	1.39615	1.3912	1.38818	1.38642	1.38523	1.3845	1.38465	1.38572	1.38589	1.38101	1.3629	1.31365	1.15255	0.867966	0.618184	0.115474
0.189553	0.987297	1.25986	1.36531	1.40261	1.41223	1.41165	1.40811	1.40434	1.40113	1.39844	1.39595	1.3935	1.39167	1.39167	1.39404	1.3963	1.39225	1.37263	1.32439	1.22671	1.0575	0.777151	0.166995
0.210212	0.892687	1.10763	1.18166	1.20104	1.2004	1.19573	1.19298	1.19271	1.19365	1.19422	1.19311	1.18949	1.18495	1.18304	1.18667	1.19355	1.19576	1.18312	1.14583	1.07155	0.940475	0.703979	0.182873
0.184136	1.01785	1.31589	1.43534	1.47836	1.48826	1.48495	1.47758	1.47072	1.46623	1.46346	1.46009	1.45411	1.44579	1.4374	1.43073	1.42459	1.41418	1.39185	1.34675	1.26217	1.10914	0.823495	0.172865
0.170055	0.821403	1.07155	1.18636	1.23853	1.25813	1.2601	1.25392	1.24709	1.24455	1.24619	1.24756	1.24418	1.23571	1.22588	1.21796	1.21071	1.19808	1.17213	1.12431	1.04247	0.906362	0.66904	0.15754
0.103165	0.703249	0.992269	1.13696	1.20314	1.22776	1.23281	1.22987	1.22419	1.21776	1.211	1.20376	1.19576	1.18723	1.17869	1.1698	1.15747	1.13556	1.09613	1.03011	0.925974	0.767295	0.523326	0.0908725
0.0925177	0.632345	0.890947	1.01888	1.07636	1.09776	1.1034	1.10325	1.10088	1.09693	1.09144	1.08477	1.07743	1.07026	1.06397	1.05817	1.04952	1.0316	0.996502	0.93604	0.840528	0.69534	0.471536	0.0807213
0.136435	0.873927	1.19569	1.34392	1.40522	1.42581	1.43016	1.42918	1.42612	1.42113	1.41406	1.40544	1.39613	1.38714	1.37922	1.37185	1.36181	1.343	1.30721	1.24379	1.13821	0.966756	0.681567	0.125959
0.176944	0.746778	0.92956	0.996726	1.01788	1.02301	1.02661	1.03287	1.03909	1.04123	1.03861	1.03437	1.03194	1.03248	1.03455	1.0359	1.03377	1.02485	1.00477	0.966946	0.901638	0.791339	0.594093	0.153917
0.188163	1.0385	1.33751	1.45284	1.49097	1.49797	1.49476	1.48939	1.48343	1.4764	1.4684	1.46066	1.45451	1.45039	1.44767	1.44484	1.43931	1.42702	1.40168	1.35302	1.26433	1.10611	0.814973	0.168954
0.198622	0.910461	1.13877	1.22468	1.25423	1.26111	1.25951	1.25523	1.25024	1.24506	1.24017	1.23626	1.23395	1.23335	1.23388	1.23444	1.23311	1.22667	1.20962	1.17198	1.09574	0.960099	0.727338	0.176342
0.191456	0.880992	1.10755	1.1966	1.23069	1.2418	1.24361	1.24179	1.23861	1.23494	1.23129	1.2282	1.22609	1.22506	1.22484	1.22468	1.22304	1.217	1.20136	1.1665	1.09448	0.963771	0.73334	0.177969
0.185626	1.02613	1.32547	1.44421	1.48613	1.49538	1.49224	1.48558	1.47884	1.47299	1.46782	1.46258	1.45665	1.45029	1.44445	1.43953	1.43383	1.42299	1.40017	1.35511	1.27146	1.11879	0.829636	0.173135
0.175668	0.735098	0.919277	0.992532	1.01983	1.02704	1.02732	1.02682	1.02798	1.03135	1.03543	1.03719	1.03383	1.02572	1.01621	1.00833	1.00185	0.992985	0.976304	0.945704	0.891334	0.794898	0.609879	0.162522
0.133674	0.85859	1.18139	1.33572	1.40332	1.42655	1.42834	1.42124	1.4127	1.40652	1.40274	1.39865	1.39157	1.38121	1.36951	1.35792	1.34476	1.32468	1.2897	1.22886	1.12705	0.960011	0.680644	0.12651
0.0914216	0.626082	0.884134	1.01319	1.07188	1.09352	1.09806	1.09601	1.09193	1.08736	1.08254	1.07726	1.07122	1.06466	1.05823	1.05185	1.04268	1.02479	0.990435	0.931095	0.836362	0.691678	0.470039	0.0806737
0.0644855	0.274201	0.353746	0.390497	0.407342	0.414486	0.417403	0.418712	0.419411	0.419738	0.419702	0.419341	0.418753	0.418144	0.417709	0.417321	0.416104	0.412375	0.403892	0.387932	0.360613	0.31525	0.235487	0.0609345
0.104768	0.449112	0.568944	0.620154	0.641694	0.650337	0.654775	0.658291	0.660794	0.66118	0.659176	0.655674	0.651826	0.648937	0.648243	0.650293	0.652953	0.651335	0.639645	0.612982	0.565752	0.48907	0.35985	0.0892218
0.137252	0.877116	1.19596	1.33934	1.39563	1.41214	1.41387	1.41127	1.40656	1.39906	1.38889	1.37775	1.36761	1.35957	1.35348	1.34774	1.33862	1.32004	1.284	1.21972	1.11309	0.941622	0.66186	0.122159
0.181177	0.866239	1.11426	1.2163	1.25466	1.26556	1.26761	1.26767	1.26542	1.25869	1.24808	1.23736	1.23023	1.22744	1.22673	1.22484	1.21806	1.20192	1.1708	1.11724	1.0293	0.887437	0.647404	0.150214
0.176811	0.890579	1.16165	1.27815	1.32429	1.33825	1.33921	1.33544	1.32948	1.32161	1.31243	1.30334	1.29565	1.28976	1.28491	1.27945	1.27056	1.25404	1.22418	1.17283	1.0871	0.945428	0.697535	0.160726
0.177237	0.852652	1.10363	1.21287	1.25875	1.27433	1.27659	1.2737	1.26929	1.26477	1.26034	1.2556	1.25006	1.24424	1.2393	1.23554	1.23007	1.2167	1.18795	1.13679	1.05666	0.930453	0.681034	0.153808
0.134795	0.863513	1.18335	1.33227	1.39429	1.41312	1.41239	1.40425	1.39489	1.38709	1.38105	1.37537	1.36859	1.36054	1.35212	1.34344	1.33203	1.31239	1.27686	1.2151	1.11341	0.947832	0.67029	0.124274
0.0998993	0.431814	0.555369	0.614831	0.644199	0.656283	0.65749	0.653012	0.648328	0.647506	0.650625	0.654177	0.654547	0.651307	0.647187	0.644781	0.643406	0.638935	0.626121	0.600425	0.556166	0.484045	0.359874	0.0908638
0.0631028	0.268023	0.347812	0.386349	0.405111	0.413335	0.416002	0.416102	0.415553	0.41544	0.415943	0.416567	0.416737	0.4163	0.415543	0.414653	0.413033	0.409119	0.400681	0.384994	0.358059	0.313279	0.234443	0.0607603
0.0630849	0.267508	0.344894	0.380379	0.396365	0.402881	0.405274	0.406005	0.40593	0.4052	0.403885	0.402205	0.400511	0.399472	0.399912	0.402165	0.404857	0.404838	0.398378	0.382136	0.352816	0.304976	0.224644	0.0575996
0.091831	0.625201	0.877308	0.998894	1.05106	1.06924	1.07419	1.07523	1.07445	1.07123	1.06523	1.05717	1.04806	1.03925	1.03198	1.0261	1.01777	0.999541	0.962757	0.899169	0.800107	0.653954	0.438376	0.0746267
0.10567	0.716793	1.00544	1.14545	1.20616	1.22697	1.23084	1.22857	1.22355	1.21614	1.20671	1.19652	1.18685	1.17843	1.17107	1.16325	1.15113	1.12844	1.08755	1.01987	0.914441	0.755676	0.514024	0.089106
0.105158	0.713502	1.0008	1.13999	1.20002	1.22002	1.22287	1.21956	1.21374	1.20598	1.1967	1.18693	1.17773	1.16976	1.16297	1.15599	1.14492	1.12324	1.08309	1.0161	0.911959	0.754944	0.513541	0.0889884
0.092453	0.629551	0.881036	1.00014	1.04891	1.06327	1.06448	1.06219	1.0585	1.05276	1.04522	1.03777	1.03223	1.02941	1.02886	1.02892	1.02492	1.00907	0.972551	0.907491	0.80617	0.657305	0.43753	0.0738531
0.0624834	0.264536	0.343077	0.380888	0.398919	0.40603	0.406824	0.404643	0.402408	0.402155	0.404158	0.407147	0.409713	0.411156	0.411578	0.410969	0.408754	0.403657	0.393845	0.376861	0.34914	0.304295	0.226774	0.0588101
