3.57998
1.31619
1.00835
0.865365
0.727369
0.670584
0.618613
0.510488
1.30862
0
3.99554
2.02813
0.558432
0.255646
0.203299
0.112474
0.0601134
0.0327995
-0.00893058
-0.017837
-0.0618223
-0.0826849
-0.12263
-0.138319
-0.170466
-0.178388
-0.21989
-0.252663
-0.282822
-0.245739
-0.206708
-0.249351
-0.290025
-0.315018
-0.35899
-0.373416
-0.427878
-0.46849
-0.497475
-0.535441
-0.565749
-0.59755
-0.625334
-0.664651
-0.677629
-0.701572
-0.731683
-0.754089
-0.781968
-0.796696
-0.812849
-0.827901
-0.853642
-0.949606
-0.951778
-1.11591
-1.24402
-1.40021
-1.40932
-1.42143
-1.4291
-1.43676
-1.37449
-1.39134
-1.39397
-1.40602
-1.45253
-1.42849
-1.411
-1.40818
-1.39191
-1.33428
-1.2894
-1.24763
-1.18007
-1.19632
-1.21873
-1.22148
-1.22081
-1.23058
-1.2356
-1.25091
-1.25779
-1.26748
-1.27007
-1.27226
-1.26364
-1.25357
-1.13726
-1.15493
-1.09393
-1.0595
-1.02465
-0.949003
-0.928274
-0.92102
-0.923238
-0.955782
-0.973628
-0.979066
-0.979884
-0.989901
-1.12024
-1.12723
-1.17551
-1.19792
-1.20584
-1.2072
-1.20092
-1.0694
-1.03548
-1.00573
-0.945367
-0.938592
-0.941474
-0.942391
-0.94859
-0.954814
-0.956669
-0.964588
-0.982629
-0.991966
-1.014
-1.21675
-1.35485
-1.34437
-1.33067
-1.3256
-1.3101
-1.30452
-1.2998
-1.30286
-1.30541
-1.30528
-1.26477
-1.28481
-1.29033
-1.30968
-1.33033
-1.35168
-1.37246
-1.38429
-1.39657
-1.67668
-1.47752
-1.37111
-1.29429
-1.18563
-1.02987
-0.957613
-0.925662
-0.76262
-0.756766
-0.690272
-0.658819
-0.595761
-0.577375
-0.55605
-0.52842
-0.503744
-0.489583
-0.464578
-0.447746
-0.427733
-0.41447
-0.397626
-0.390789
-0.376632
-0.36581
-0.243651
-0.21186
-0.192973
-0.21809
-0.175208
-0.152645
-0.178324
-0.152409
-0.135689
-0.123692
-0.118072
-0.0929784
0.0323125
0.0719097
0.107683
0.132089
0.222327
0.258558
0.302849
0.336823
0.355918
0.369523
0.397943
-0.0631146
-0.0121351
0.0562011
0.0235823
0.0577605
0.0783001
0.0993853
0.106971
0.116549
0.109433
0.112244
0.105839
-0.0567795
-0.0591292
-0.0676602
-0.0831132
-0.0839722
-0.0895496
-0.0961961
-0.102571
-0.110446
-0.127819
-0.137549
-0.144383
-0.152122
-0.170356
-0.176029
-0.190739
-0.207214
-0.231508
-0.443875
-0.450156
-0.458075
-0.465106
-0.573343
-0.591243
-0.582458
-0.582445
-0.571928
-0.569765
-0.750957
-0.951747
-1.71365
-1.91059
-1.98921
-2.08422
-2.07364
-1.99583
-1.91632
-1.76085
-1.71052
-1.69188
-1.59808
-1.53479
-1.43501
-1.21246
-1.2205
-1.22096
-1.22893
-1.22704
-1.14195
-1.10831
-1.10583
-1.05059
-0.730161
-0.807495
-0.842313
-0.808076
-0.800742
-0.803576
-0.790461
-0.761029
-0.742598
-0.740728
-0.735431
-0.712756
-0.690737
-0.64736
-0.610222
-0.559192
-0.45036
-0.415
-0.382416
-0.332406
-0.446889
-0.446576
-0.442146
-0.364653
-0.302292
-0.248217
-0.173388
-0.142755
-0.113673
-0.0965167
-0.0793984
-0.0640838
-0.0547924
-0.0501128
-0.00866786
0.00286732
-0.0119408
-0.0275893
-0.076175
-0.0593244
-0.417692
-0.473244
-0.42871
-0.446005
-0.477564
-0.597429
-0.595329
-0.159827
-0.324452
-0.221174
0.0043337
0.207455
0.31773
0.745237
1.09283
1.10614
1.37242
1.72082
1.56644
1.56055
1.58749
2.09955
2.18435
2.14203
2.33042
2.79406
17.0607
3.00852
2.09438
1.64864
1.57815
1.58996
2.01436
2.29526
1.94316
1.93997
1.98626
2.31352
2.81638
2.72415
