7.63856
5.65603
5.52903
5.53413
5.53335
5.51581
5.49286
5.46718
7.0175
7.0175
7.87041
7.54367
5.771
5.36415
5.33293
5.31507
5.29601
5.27211
5.24579
5.21995
5.18035
5.15333
5.11854
5.0931
5.05926
5.0357
5.00316
4.97052
4.94354
4.92084
4.89766
4.85863
4.83227
4.80851
4.77829
4.75501
4.72641
4.69617
4.67899
4.65013
4.62686
4.59224
4.57498
4.54842
4.52546
4.49426
4.4707
4.44886
4.41857
4.39831
4.37541
4.34833
4.39805
4.37647
4.38713
4.39499
4.3765
4.35662
4.34714
4.32076
4.3004
4.27718
4.26548
4.23556
4.21541
4.19019
4.19099
4.44913
4.45853
4.43647
4.42596
4.40482
4.39362
4.3802
4.36714
4.34108
4.31776
4.31377
4.29869
4.27925
4.25951
4.23629
4.21669
4.20477
4.1876
4.17064
4.16044
4.1453
4.29192
4.296
4.29118
4.27738
4.26632
4.05617
4.02353
4.00707
3.97771
3.86989
3.84389
3.82832
3.81516
3.79212
3.61902
3.53418
3.52002
3.495
3.49094
3.47016
3.45242
3.24106
3.19929
3.18229
3.16617
3.12723
3.09693
3.07695
3.04659
3.02197
3.00433
2.97507
2.94383
2.92689
2.89328
2.86442
2.83256
2.82516
2.80446
2.77852
2.76062
2.73686
2.71468
2.68548
2.66248
2.6452
2.62133
2.58895
2.57119
2.54181
2.51449
2.50055
2.47587
2.46009
2.43865
2.86969
3.11075
3.11549
3.10496
3.10118
3.09082
3.07064
3.05042
2.99342
2.97456
3.00454
3.00061
2.99749
2.97587
2.96449
2.95997
2.95031
2.93191
2.92469
2.91834
2.91162
2.8933
2.88308
2.86704
2.85456
2.8431
2.83578
2.81146
2.7996
2.77727
2.78177
2.76973
2.74477
2.73201
2.72069
2.70359
2.68565
2.69829
2.70702
2.70082
2.68508
2.6683
2.64142
2.6148
2.60688
2.60166
2.58069
2.56883
2.56781
2.00117
1.96221
1.95359
1.92329
1.90387
1.88465
1.86415
1.84237
1.82203
1.79425
1.77669
1.75227
1.73073
1.70989
1.68655
1.66169
1.64463
1.62651
1.60929
1.58718
1.5673
1.5468
1.52916
1.51272
1.49536
1.4691
1.45546
1.43702
1.41894
1.39406
1.36828
1.35478
1.33418
1.31594
1.29254
1.27678
1.26616
1.24574
1.23246
1.21495
1.41203
1.34617
1.35909
1.32775
1.31941
1.09769
1.07825
1.07421
1.05687
1.04431
1.02395
0.990732
0.956852
0.946012
0.950492
0.924551
0.879951
0.865351
0.840011
0.830091
0.832531
0.789491
0.788792
0.782472
1.25145
1.28131
1.27063
1.27171
1.24461
1.22219
1.22719
1.19903
1.18931
1.18825
1.18422
1.16462
1.14934
1.124
1.10854
1.10496
1.11858
1.07968
1.08954
1.08048
0.950659
1.03914
1.03326
1.03768
1.02416
1.01858
1.01378
0.997221
0.978901
0.96496
0.95516
0.93442
0.92344
0.901301
0.91052
0.890981
0.883661
0.869523
0.838503
0.831263
0.438042
0.0720024
0.0487824
0.0310634
0.0415034
0.0670234
0.0451434
0.0533234
0.0601034
0.0598244
0.0561244
0.0704644
0.0745244
0.0764644
0.111744
0.0803045
0.0829845
0.0855645
0.108904
0.0951245
0.0818045
0.0971845
0.121765
0.106185
0.105745
0.107805
0.887044
-0.0474358
0.0764042
0.0676842
0.0708043
0.0664852
0.0662453
0.123485
0.0915053
0.0864653
0.0787853
0.0754053
0.135325
0.107066
