0.336715	0.393813	0.406025	0.420752	0.414187	0.388054	0.307379
0.863026	1.02716	1.05721	1.05449	1.0203	0.946506	0.714528
0.946025	1.1284	1.15504	1.15436	1.1101	1.02382	0.767473
0.957696	1.12705	1.14772	1.14974	1.11158	1.02877	0.762088
0.873646	1.03521	1.05812	1.04936	1.01581	0.94693	0.714673
0.341988	0.390437	0.401843	0.405626	0.401788	0.383504	0.30593
0.34121	0.39369	0.408215	0.41462	0.408254	0.388395	0.313481
0.571454	0.655997	0.673108	0.679929	0.671192	0.645387	0.528683
1.18357	1.38826	1.42522	1.42696	1.39109	1.29968	1.0201
0.92118	1.06548	1.11144	1.12629	1.10709	1.03731	0.840853
1.01341	1.17434	1.20988	1.21916	1.19595	1.12336	0.907383
0.945714	1.10208	1.12371	1.12681	1.10882	1.05354	0.852384
1.18896	1.39458	1.41913	1.40877	1.37186	1.29135	1.02024
0.564961	0.646491	0.668377	0.670722	0.657305	0.631367	0.52922
0.339606	0.390654	0.40623	0.412738	0.406132	0.386932	0.313906
0.875967	1.04291	1.07041	1.06374	1.03021	0.959758	0.72836
1.19956	1.40402	1.43461	1.42719	1.3902	1.30471	1.02989
1.0391	1.15742	1.20492	1.21019	1.19184	1.13814	0.937705
1.24848	1.39522	1.43801	1.45528	1.43533	1.36813	1.13702
1.09857	1.22075	1.2622	1.28516	1.27573	1.22348	1.02256
1.10306	1.23879	1.27	1.2857	1.27741	1.22982	1.04601
1.23879	1.39614	1.42642	1.43494	1.41731	1.35795	1.13466
1.01196	1.13571	1.1726	1.18245	1.16419	1.12489	0.935845
1.18241	1.37655	1.41008	1.40569	1.37006	1.29416	1.02696
0.873237	1.03158	1.06043	1.05483	1.02229	0.95636	0.726499
0.971004	1.16246	1.18899	1.18685	1.14956	1.06441	0.806794
0.940001	1.08595	1.11531	1.12461	1.10744	1.04821	0.857083
1.24383	1.3907	1.42681	1.43506	1.4169	1.35443	1.13471
1.03704	1.11263	1.14621	1.17171	1.17246	1.14321	0.98356
1.2019	1.31468	1.35281	1.38765	1.37255	1.33577	1.11534
1.34457	1.47452	1.50482	1.52899	1.51767	1.46493	1.09492
1.17594	1.2918	1.31511	1.34774	1.34934	1.31269	1.09905
1.02738	1.10801	1.1469	1.16237	1.16251	1.13542	0.979891
1.23392	1.3731	1.41255	1.42286	1.40696	1.35437	1.13321
0.939633	1.06408	1.10222	1.11323	1.09821	1.05393	0.858076
0.96987	1.15233	1.17955	1.17822	1.14149	1.0613	0.804305
0.968257	1.15695	1.18541	1.18411	1.14854	1.06259	0.80545
1.02485	1.19007	1.22765	1.23579	1.21769	1.14633	0.936114
1.09237	1.2201	1.25553	1.26879	1.26195	1.21578	1.04378
1.17908	1.29267	1.32873	1.34733	1.34511	1.30667	1.10503
1.30299	1.4227	1.45446	1.47549	1.4676	1.42414	1.21636
0.993322	1.07769	1.10741	1.13183	1.13169	1.11039	0.9589
0.996325	1.06909	1.10135	1.13686	1.13239	1.11319	0.96826
1.30067	1.41564	1.44674	1.46682	1.46155	1.42278	1.21661
1.20185	1.3133	1.35288	1.37165	1.36648	1.34072	1.11907
1.09602	1.20704	1.24452	1.26052	1.25519	1.21642	1.02329
1.02519	1.18051	1.21756	1.22631	1.2058	1.14371	0.932782
0.964833	1.15104	1.17817	1.17664	1.13888	1.05805	0.80248
0.869024	1.03267	1.06273	1.05794	1.02657	0.955258	0.725549
0.922932	1.06015	1.09836	1.10968	1.10057	1.03453	0.847563
1.07708	1.19835	1.23399	1.25113	1.2486	1.19968	1.01427
1.32164	1.4584	1.48817	1.50077	1.49474	1.44379	1.08795
0.987716	1.07538	1.10434	1.12287	1.12387	1.10183	0.960853
0.996187	1.10106	1.13217	1.15479	1.14745	1.11929	0.96139
1.37357	1.54523	1.57591	1.59105	1.57192	1.5135	1.26613
0.99269	1.09496	1.12701	1.14605	1.14115	1.1116	0.963463
1.0029	1.08164	1.11047	1.13075	1.13122	1.1139	0.959496
1.33433	1.46292	1.49456	1.50787	1.49883	1.45268	1.09083
1.07956	1.20317	1.23743	1.25215	1.24504	1.20584	1.03508
0.911167	1.04544	1.07939	1.09035	1.07162	1.02661	0.8433
0.864787	1.02734	1.05558	1.04933	1.0161	0.949472	0.721272
0.335182	0.387194	0.402672	0.409839	0.403698	0.383928	0.310703
1.1696	1.37199	1.40586	1.40796	1.37418	1.28699	1.0206
1.22323	1.37387	1.4092	1.42554	1.41212	1.34639	1.13438
1.174	1.29734	1.32314	1.34301	1.34957	1.30401	1.10996
0.981596	1.06779	1.09506	1.11365	1.11786	1.10063	0.949067
1.38074	1.54596	1.58038	1.58254	1.56555	1.50405	1.2578
1.0453	1.15466	1.19024	1.20412	1.20183	1.16694	1.0204
1.02748	1.14333	1.17743	1.19915	1.19455	1.15949	1.01142
1.35878	1.53299	1.56129	1.57168	1.55604	1.49962	1.25659
0.972965	1.05555	1.08712	1.10743	1.10998	1.08986	0.95687
1.14801	1.26141	1.28994	1.30852	1.31449	1.28362	1.08933
1.20886	1.35509	1.3902	1.39944	1.38514	1.33107	1.12055
1.15896	1.35738	1.3874	1.37991	1.3482	1.27143	1.0059
0.335701	0.387587	0.401723	0.407675	0.401703	0.38259	0.308265
0.551216	0.635821	0.656257	0.661932	0.651945	0.626696	0.516472
1.00887	1.12863	1.1661	1.19486	1.17078	1.11361	0.931361
1.02212	1.10829	1.14198	1.15857	1.15677	1.12541	0.993689
1.30269	1.42406	1.45658	1.46676	1.45956	1.41345	1.21525
0.993664	1.08824	1.13379	1.14298	1.13686	1.0967	0.950408
1.05579	1.141	1.18958	1.1839	1.19232	1.14918	1.00229
0.844432	0.928934	0.957826	0.972229	0.972046	0.946617	0.838512
1.02921	1.14116	1.16714	1.19156	1.192	1.15726	1.00706
0.972603	1.07878	1.11041	1.12654	1.12719	1.10479	0.956956
1.27997	1.40728	1.4389	1.45367	1.45122	1.41461	1.21342
1.01198	1.09561	1.12957	1.14437	1.14761	1.12132	0.976166
0.998	1.11467	1.15535	1.15859	1.15321	1.10492	0.917498
0.552975	0.63614	0.650397	0.65413	0.646914	0.623681	0.507386
0.336543	0.388465	0.4042	0.411142	0.404575	0.384731	0.310866
1.17288	1.37134	1.40784	1.40833	1.37013	1.28433	1.01753
1.23059	1.3696	1.40958	1.42284	1.40219	1.34037	1.13091
1.1944	1.29099	1.33201	1.34346	1.33957	1.30587	1.11168
1.01428	1.09554	1.12697	1.13514	1.12997	1.10235	0.957241
1.39946	1.54909	1.58295	1.58187	1.5602	1.49708	1.25012
1.04923	1.1512	1.18572	1.19841	1.19452	1.16197	1.01559
1.03098	1.14204	1.17241	1.18976	1.18196	1.16165	1.0121
1.35017	1.52671	1.55359	1.56148	1.54697	1.49798	1.25386
0.973454	1.06678	1.09464	1.11332	1.11715	1.10415	0.95753
1.16588	1.2756	1.31186	1.32808	1.33802	1.31162	1.10324
1.2223	1.36542	1.40246	1.41209	1.40316	1.3494	1.13258
1.16823	1.36659	1.3971	1.39106	1.36293	1.28507	1.01693
0.336449	0.388281	0.402553	0.408663	0.403158	0.384066	0.309647
0.870431	1.03218	1.06407	1.05848	1.0243	0.953748	0.723323
0.932027	1.06383	1.10865	1.11543	1.09506	1.03549	0.84446
1.10461	1.21896	1.2587	1.26866	1.25685	1.21046	1.0373
1.36031	1.48355	1.51457	1.51663	1.5029	1.44781	1.08783
1.00358	1.08283	1.11133	1.12629	1.12552	1.10261	0.952023
1.00663	1.07859	1.11459	1.1375	1.12443	1.10263	0.944555
1.37041	1.53408	1.5592	1.56806	1.54834	1.49799	1.2521
0.984788	1.08869	1.1186	1.13452	1.13056	1.10585	0.95893
0.969024	1.04819	1.07935	1.09634	1.10195	1.09419	0.944495
1.31682	1.44566	1.47847	1.49257	1.48867	1.44899	1.09007
1.08104	1.1963	1.23356	1.25109	1.25094	1.21242	1.02429
0.919718	1.05375	1.08896	1.10312	1.09307	1.04358	0.859629
0.870132	1.03333	1.06197	1.05683	1.02602	0.958575	0.729116
0.970863	1.15701	1.18779	1.18539	1.14616	1.06081	0.802787
1.03708	1.19557	1.23772	1.24277	1.21612	1.14478	0.93173
1.1027	1.21606	1.25251	1.26152	1.24925	1.1995	1.01081
1.2033	1.31644	1.34656	1.35053	1.35171	1.30472	1.1006
1.3102	1.42427	1.44961	1.4591	1.44983	1.40803	1.20386
0.98873	1.07078	1.09743	1.11578	1.11698	1.09742	0.946717
0.98402	1.07853	1.09921	1.12245	1.12481	1.11308	0.958082
1.29227	1.41308	1.44276	1.45549	1.45076	1.4192	1.21315
1.17902	1.29053	1.32776	1.34417	1.34287	1.31442	1.11102
1.08002	1.20409	1.24345	1.2592	1.25608	1.21856	1.04731
1.01384	1.17599	1.2162	1.22726	1.21193	1.1492	0.940666
0.967004	1.15505	1.18317	1.18298	1.148	1.06633	0.810182
0.974004	1.16174	1.19139	1.18786	1.14682	1.06152	0.803798
0.938137	1.07376	1.11325	1.11609	1.08837	1.03156	0.842891
1.23158	1.37898	1.4131	1.41368	1.38696	1.31756	1.10064
1.02013	1.10902	1.13644	1.14482	1.13864	1.11796	0.968951
1.18587	1.30303	1.32841	1.33765	1.33638	1.29649	1.09616
1.336	1.47666	1.50385	1.51378	1.50308	1.45582	1.0914
1.20085	1.32622	1.35794	1.37473	1.36774	1.34412	1.12408
1.02833	1.09357	1.13616	1.14086	1.15169	1.13423	0.980551
1.21162	1.35139	1.39502	1.40512	1.39531	1.34185	1.13291
0.911828	1.0504	1.09029	1.10103	1.09108	1.04286	0.85904
0.959519	1.14781	1.17734	1.17682	1.14211	1.06127	0.806489
0.877061	1.0408	1.07124	1.0636	1.02627	0.954196	0.723143
1.19354	1.39446	1.42829	1.41983	1.37209	1.27501	1.00164
1.01444	1.13894	1.17158	1.17079	1.13399	1.05849	0.86948
1.23451	1.38306	1.41411	1.41198	1.38433	1.31685	1.10165
1.10726	1.2342	1.26783	1.27365	1.26127	1.21405	1.03795
1.09422	1.21251	1.24843	1.26737	1.25723	1.21472	1.02167
1.24167	1.3816	1.42062	1.43536	1.41778	1.3612	1.13771
1.00596	1.12089	1.17124	1.18618	1.17507	1.12045	0.940597
1.16545	1.3634	1.40379	1.40169	1.37315	1.29514	1.03115
0.862412	1.02582	1.05711	1.05215	1.02163	0.955092	0.72734
0.344658	0.396319	0.412443	0.41989	0.412455	0.390217	0.313983
0.58036	0.656019	0.682734	0.694553	0.679874	0.641208	0.522303
1.18231	1.3611	1.39558	1.38496	1.33853	1.2451	0.97786
0.944449	1.0784	1.11472	1.10866	1.08647	1.02805	0.838195
1.0387	1.19779	1.23493	1.24277	1.21662	1.14739	0.932039
0.943461	1.07385	1.10831	1.13609	1.10609	1.05453	0.853896
1.17756	1.3641	1.3963	1.40012	1.36526	1.28723	1.01563
0.562238	0.640928	0.664383	0.667152	0.6627	0.641339	0.529456
0.338887	0.39042	0.406574	0.413082	0.40783	0.389036	0.315099
0.341068	0.36643	0.394691	0.403194	0.394354	0.375125	0.298754
0.856341	1.00808	1.04267	1.02951	0.988188	0.91457	0.688
0.969153	1.15301	1.18058	1.17481	1.13359	1.0483	0.792232
0.972223	1.15257	1.17808	1.17763	1.13672	1.05362	0.794746
0.870885	1.01124	1.03633	1.03119	0.996092	0.935792	0.695349
0.334735	0.384911	0.395817	0.410033	0.402649	0.388988	0.310805
