5.58E+00
-9.50E-01
-5.10E-01
-1.19E+00
-1.13E+00
-1.02E+00
-1.33E+00
-1.35E+00
-1.59E+00
-1.62E+00
-1.68E+00
-1.68E+00
-1.64E+00
-2.13E+00
-2.13E+00
-1.76E+00
-2.15E+00
-2.18E+00
-1.74E+00
-2.31E+00
-2.08E+00
-1.78E+00
-1.95E+00
-1.76E+00
-2.99E+00
-1.86E+00
-3.64E+00
-1.72E+00
-1.99E+00
-2.27E+00
-2.79E+00
-2.34E+00
-2.39E+00
-2.57E+00
-2.98E+00
-2.66E+00
-2.22E+00
-2.60E+00
-2.29E+00
-2.07E+00
-2.92E+00
-2.58E+00
-2.73E+00
-2.52E+00
-2.88E+00
-2.82E+00
-2.70E+00
-3.09E+00
-2.87E+00
-2.56E+00
-2.59E+00
-2.47E+00
-2.66E+00
-2.59E+00
-2.74E+00
-2.73E+00
-2.76E+00
-2.76E+00
-2.93E+00
-2.74E+00
-8.69E+00
-1.77E+00
-2.83E+00
-3.68E+00
-3.70E+00
-3.54E+00
-3.42E+00
-3.13E+00
-3.02E+00
-3.24E+00
-3.11E+00
-3.22E+00
-3.45E+00
-2.85E+00
-3.17E+00
-3.70E+00
-3.71E+00
-3.41E+00
-3.36E+00
-3.72E+00
-3.56E+00
-3.76E+00
-3.01E+00
-3.32E+00
-3.76E+00
-3.76E+00
-3.33E+00
-3.64E+00
-3.44E+00
-3.64E+00
-3.81E+00
-3.65E+00
-3.84E+00
2.84E+01
1.09E+01
2.71E+00
7.00E-01
-6.33E+00
-2.99E+00
-3.14E+00
-3.89E+00
-4.61E+00
-3.96E+00
-3.87E+00
-3.55E+00
-4.22E+00
-3.63E+00
-3.22E+00
-4.60E+00
-4.42E+00
-4.42E+00
-2.83E+00
-4.79E+00
-4.08E+00
-4.00E+00
-4.10E+00
-4.34E+00
-3.71E+00
-4.53E+00
-4.61E+00
-4.25E+00
-3.86E+00
-4.25E+00
-3.79E+00
-3.90E+00
-4.59E+00
-5.05E+00
-3.99E+00
-4.12E+00
-4.42E+00
-4.14E+00
-4.19E+00
-4.31E+00
-4.39E+00
-5.07E+00
-4.95E+00
