8.67E+00
7.14E+00
6.66E+00
7.36E+00
7.28E+00
7.22E+00
7.23E+00
7.22E+00
7.19E+00
7.22E+00
7.03E+00
7.06E+00
7.11E+00
7.11E+00
7.00E+00
6.85E+00
6.99E+00
6.82E+00
6.91E+00
6.85E+00
6.90E+00
6.82E+00
6.80E+00
6.76E+00
6.72E+00
6.73E+00
6.66E+00
6.71E+00
6.51E+00
6.63E+00
6.63E+00
6.54E+00
6.57E+00
6.51E+00
6.46E+00
6.56E+00
6.35E+00
6.42E+00
6.41E+00
6.28E+00
6.33E+00
6.36E+00
6.32E+00
6.34E+00
6.22E+00
6.21E+00
6.25E+00
6.17E+00
6.20E+00
6.18E+00
6.09E+00
6.04E+00
5.98E+00
6.09E+00
5.96E+00
6.02E+00
6.01E+00
5.91E+00
5.94E+00
5.75E+00
6.01E+00
5.96E+00
5.82E+00
5.80E+00
5.76E+00
5.67E+00
5.72E+00
5.69E+00
5.70E+00
5.62E+00
5.72E+00
5.55E+00
5.70E+00
5.61E+00
5.59E+00
5.57E+00
5.56E+00
5.45E+00
5.55E+00
5.41E+00
5.38E+00
5.35E+00
5.30E+00
5.30E+00
5.27E+00
5.28E+00
5.11E+00
5.15E+00
5.16E+00
5.12E+00
5.05E+00
5.07E+00
5.09E+00
5.14E+00
7.36E+00
7.79E+00
7.67E+00
5.58E+00
5.03E+00
5.03E+00
4.99E+00
5.11E+00
4.88E+00
4.88E+00
4.92E+00
4.85E+00
4.81E+00
4.77E+00
4.78E+00
4.77E+00
4.69E+00
4.79E+00
4.64E+00
4.70E+00
4.62E+00
4.63E+00
4.58E+00
4.61E+00
4.51E+00
4.47E+00
4.40E+00
4.35E+00
4.43E+00
4.28E+00
4.33E+00
4.36E+00
4.32E+00
4.26E+00
4.22E+00
4.24E+00
4.19E+00
4.17E+00
4.12E+00
4.16E+00
4.08E+00
4.10E+00
