0.31
0.8
0.92
0.93
0.82
0.32
0.32
0.48
1.12
1.05
1.11
1.08
1.16
0.54
0.33
0.83
1.14
0.88
1.29
1.15
1.16
1.33
0.9
1.16
0.83
0.95
1.08
1.31
1.06
1.3
1.29
1.32
1.08
1.32
1.08
0.95
0.95
1.12
1.15
1.3
1.24
0.92
0.93
1.25
1.31
1.16
1.13
0.96
0.83
1.06
1.14
1.28
0.92
0.94
1.1
0.93
0.93
1.29
1.16
1.08
0.84
0.33
1.15
1.3
1.29
0.92
1.12
0.83
0.83
1.13
0.93
1.31
1.32
1.16
0.32
0.54
0.89
1.06
1.23
0.94
0.83
0.63
0.84
0.95
1.26
1.08
0.89
0.54
0.33
1.16
1.32
1.3
0.92
1.12
0.84
0.84
1.13
0.93
1.31
1.32
1.16
0.33
0.84
1.09
1.15
1.29
0.92
0.94
1.13
0.95
0.93
1.3
1.15
1.07
0.83
0.96
1.13
1.16
1.31
1.25
0.93
0.93
1.25
1.3
1.15
1.12
0.95
0.96
1.08
1.31
1.07
1.31
1.29
1.3
1.07
1.32
1.08
0.95
0.84
1.16
0.89
1.32
1.16
1.15
1.3
0.88
1.15
0.83
0.33
0.53
1.15
1.07
1.12
1.06
1.13
0.53
0.32
0.32
0.81
0.93
0.93
0.81
0.32
