0.33
0.84
0.95
0.96
0.85
0.34
0.34
0.51
1.14
1.06
1.11
1.08
1.18
0.56
0.35
0.87
1.17
0.89
1.26
1.12
1.13
1.29
0.9
1.18
0.86
0.98
1.09
1.28
1.04
1.25
1.24
1.26
1.05
1.28
1.08
0.98
0.98
1.12
1.13
1.25
1.21
0.92
0.92
1.21
1.25
1.12
1.12
0.98
0.86
1.07
1.12
1.24
0.92
0.96
1.16
0.95
0.92
1.24
1.12
1.08
0.87
0.35
1.18
1.27
1.25
0.92
1.18
0.87
0.87
1.18
0.93
1.25
1.28
1.18
0.34
0.56
0.9
1.04
1.2
0.96
0.87
0.67
0.88
0.97
1.21
1.05
0.9
0.56
0.35
1.18
1.28
1.25
0.92
1.17
0.88
0.88
1.18
0.93
1.26
1.27
1.17
0.35
0.87
1.09
1.13
1.24
0.92
0.96
1.18
0.96
0.93
1.24
1.12
1.07
0.86
0.99
1.13
1.13
1.26
1.21
0.93
0.92
1.21
1.25
1.12
1.11
0.97
0.98
1.08
1.28
1.05
1.26
1.24
1.25
1.04
1.28
1.08
0.97
0.87
1.18
0.9
1.28
1.13
1.12
1.26
0.88
1.16
0.85
0.35
0.56
1.17
1.08
1.12
1.06
1.16
0.55
0.34
0.34
0.85
0.96
0.96
0.84
0.34
