0.35
0.86
0.97
0.98
0.87
0.35
0.35
0.53
1.16
1.06
1.11
1.08
1.19
0.58
0.36
0.89
1.18
0.89
1.24
1.1
1.11
1.26
0.9
1.18
0.88
1
1.09
1.26
1.03
1.22
1.21
1.23
1.03
1.25
1.08
0.99
1
1.12
1.11
1.23
1.19
0.92
0.92
1.19
1.22
1.1
1.11
0.99
0.89
1.08
1.11
1.21
0.93
0.97
1.19
0.96
0.92
1.21
1.1
1.08
0.88
0.36
1.19
1.25
1.22
0.93
1.21
0.9
0.9
1.21
0.92
1.22
1.25
1.18
0.36
0.58
0.91
1.03
1.19
0.97
0.9
0.7
0.91
0.98
1.19
1.03
0.89
0.58
0.36
1.19
1.26
1.22
0.92
1.21
0.9
0.91
1.22
0.93
1.23
1.25
1.17
0.36
0.89
1.09
1.11
1.21
0.92
0.98
1.21
0.97
0.93
1.21
1.1
1.07
0.87
1
1.12
1.11
1.23
1.19
0.93
0.92
1.18
1.22
1.1
1.11
0.98
1
1.09
1.26
1.03
1.23
1.21
1.22
1.02
1.25
1.07
0.98
0.88
1.19
0.9
1.26
1.11
1.1
1.24
0.88
1.17
0.87
0.36
0.58
1.18
1.08
1.11
1.07
1.16
0.57
0.35
0.35
0.87
0.97
0.97
0.86
0.35
