-1.22E+00
-1.20E+00
-1.07E+00
-9.20E-01
-8.00E-01
-1.06E+00
-1.31E+00
-1.04E+00
9.15E+00
-1.29E+00
6.99E+00
-5.86E+00
-1.15E+00
-1.10E+00
-1.42E+00
-1.14E+00
-1.02E+00
-1.46E+00
-1.42E+00
-1.42E+00
-1.32E+00
-1.20E+00
-1.69E+00
-1.54E+00
-1.79E+00
-1.03E+00
-1.19E+00
-7.90E-01
-1.39E+00
-1.70E+00
-1.65E+00
-1.55E+00
-1.68E+00
-1.21E+00
-2.08E+00
-1.86E+00
-2.05E+00
-1.67E+00
-1.73E+00
-1.80E+00
-2.03E+00
-1.72E+00
-1.36E+00
-1.68E+00
-2.22E+00
-2.12E+00
-2.05E+00
-1.56E+00
-2.05E+00
-2.11E+00
-2.15E+00
-1.93E+00
-1.81E+00
-2.44E+00
-3.00E+00
-2.75E+00
-2.01E+00
-2.74E+00
-2.44E+00
-2.43E+00
-2.60E+00
-2.53E+00
-1.94E+00
-2.84E+00
-2.37E+00
-2.08E+00
-2.35E+00
-2.77E+00
-1.81E+00
-1.74E+00
-1.64E+00
-1.37E+00
-1.61E+00
-1.63E+00
-1.61E+00
-2.08E+00
-1.95E+00
-1.76E+00
-2.04E+00
-2.37E+00
-2.05E+00
-2.13E+00
-2.41E+00
-2.27E+00
-2.45E+00
-2.48E+00
-2.13E+00
-2.01E+00
-1.82E+00
-1.73E+00
-1.64E+00
-1.44E+00
-1.99E+00
-1.54E+00
-1.66E+00
-1.68E+00
-1.78E+00
-1.98E+00
-2.22E+00
-2.19E+00
-1.59E+00
-1.94E+00
-2.12E+00
-2.61E+00
-2.66E+00
-2.51E+00
-2.58E+00
-2.45E+00
-2.53E+00
-2.48E+00
-2.14E+00
-2.17E+00
-1.98E+00
-2.52E+00
-2.80E+00
-2.48E+00
-3.25E+00
-3.14E+00
-2.71E+00
-2.28E+00
-2.53E+00
-2.88E+00
-2.99E+00
-3.43E+00
-3.22E+00
-2.45E+00
-2.54E+00
-2.99E+00
-2.89E+00
-2.84E+00
-2.58E+00
-2.64E+00
-2.99E+00
-3.17E+00
-2.76E+00
-2.86E+00
-2.71E+00
-2.73E+00
-3.02E+00
-3.33E+00
-3.41E+00
-3.21E+00
-3.36E+00
-3.66E+00
-1.56E+00
-1.58E+00
-1.52E+00
-1.10E+00
-1.09E+00
-1.05E+00
-1.43E+00
-9.30E-01
-1.18E+00
-5.50E-01
-1.45E+00
-1.08E+00
-1.17E+00
-1.09E+00
-8.30E-01
-7.70E-01
-8.60E-01
-8.50E-01
-7.30E-01
-1.04E+00
-1.01E+00
-9.00E-01
-4.40E-01
-5.00E-01
-5.00E-01
-6.00E-01
-8.60E-01
-9.50E-01
-7.00E-01
-8.90E-01
-6.80E-01
-6.70E-01
-4.40E-01
-6.00E-02
-3.90E-01
-5.90E-01
-3.10E-01
2.60E-01
3.00E-02
-2.40E-01
-1.70E-01
1.10E-01
3.20E-01
-3.10E-01
1.00E-01
-2.40E-01
-1.80E-01
3.00E-02
-2.89E+00
-1.34E+00
-1.10E+00
-1.01E+00
-1.20E+00
-1.99E+00
-2.02E+00
-1.69E+00
-1.42E+00
-1.36E+00
-1.35E+00
-1.72E+00
-1.83E+00
-1.82E+00
-2.17E+00
-1.88E+00
-1.97E+00
-1.91E+00
-1.80E+00
-1.71E+00
-1.78E+00
-2.15E+00
-2.25E+00
-2.01E+00
-1.72E+00
-1.51E+00
-1.64E+00
-1.85E+00
-2.05E+00
-2.28E+00
-1.74E+00
-1.69E+00
-2.14E+00
-2.58E+00
-2.11E+00
-1.71E+00
-1.86E+00
-2.34E+00
-2.47E+00
-2.30E+00
-6.30E-01
-3.36E+00
-3.21E+00
-2.18E+00
-3.11E+00
-2.82E+00
-2.22E+00
-2.12E+00
-2.33E+00
-2.07E+00
-2.78E+00
-2.54E+00
-2.43E+00
-1.38E+00
-2.10E+00
-2.04E+00
-2.40E+00
-2.30E+00
-2.10E+00
-2.55E+00
-1.35E+00
-4.50E-01
-9.10E-01
-1.27E+00
-9.60E-01
-1.07E+00
-9.10E-01
1.00E-02
-5.80E-01
-1.58E+00
-9.10E-01
-7.10E-01
-8.30E-01
-1.13E+00
-5.90E-01
-5.80E-01
-7.60E-01
-8.20E-01
-1.02E+00
-4.30E-01
9.00E-02
-2.80E-01
-3.60E-01
4.80E-01
-2.11E+00
-1.52E+00
7.00E-02
8.00E-02
1.00E-02
-6.00E-02
4.40E-01
1.17E+00
4.40E-01
1.10E-01
-7.00E-02
-4.70E-01
7.20E-01
-5.10E-01
-3.80E-01
4.20E-01
-7.50E-01
-1.33E+00
-1.19E+00
-5.20E-01
-1.90E+00
-1.28E+00
-7.28E+00
-2.23E+00
-1.40E+00
-4.41E+00
-1.35E+00
-3.10E-01
-1.82E+00
2.40E-01
2.08E+00
1.53E+00
1.30E-01
1.22E+00
-1.60E+00
6.70E-01
2.02E+00
2.85E+00
-3.10E-01
1.45E+00
1.96E+00
3.62E+00
8.10E-01
2.16E+00
3.36E+00
4.18E+00
2.14E+01
-1.13E+01
-3.98E+00
2.25E+00
7.80E-01
2.23E+00
4.09E+00
8.80E-01
1.73E+00
2.61E+00
3.43E+00
5.06E+00
1.94E+00
2.23E+00
4.03E+00
