5.37E+00
5.12E+00
5.09E+00
5.12E+00
4.98E+00
5.07E+00
5.05E+00
4.95E+00
5.63E+00
6.96E+00
6.68E+00
6.94E+00
5.73E+00
5.04E+00
4.94E+00
4.84E+00
4.88E+00
4.81E+00
4.89E+00
4.81E+00
4.79E+00
4.77E+00
4.70E+00
4.69E+00
4.70E+00
4.57E+00
4.64E+00
4.62E+00
4.54E+00
4.49E+00
4.55E+00
4.51E+00
4.45E+00
4.41E+00
4.43E+00
4.35E+00
4.30E+00
4.38E+00
4.35E+00
4.28E+00
4.24E+00
4.18E+00
4.26E+00
4.18E+00
4.22E+00
4.18E+00
4.18E+00
4.12E+00
4.09E+00
4.09E+00
3.97E+00
4.02E+00
4.08E+00
4.11E+00
4.00E+00
4.05E+00
4.05E+00
4.04E+00
4.08E+00
4.01E+00
4.05E+00
3.99E+00
3.97E+00
3.96E+00
3.93E+00
3.85E+00
3.87E+00
3.98E+00
4.14E+00
4.12E+00
4.11E+00
4.14E+00
4.02E+00
4.09E+00
4.03E+00
4.03E+00
4.07E+00
3.99E+00
3.99E+00
3.96E+00
4.01E+00
3.99E+00
3.86E+00
3.94E+00
3.85E+00
3.87E+00
3.90E+00
3.86E+00
3.85E+00
3.96E+00
4.03E+00
3.91E+00
3.91E+00
3.76E+00
3.75E+00
3.68E+00
3.74E+00
3.64E+00
3.61E+00
3.56E+00
3.50E+00
3.52E+00
3.38E+00
3.28E+00
3.31E+00
3.24E+00
3.26E+00
3.25E+00
3.15E+00
3.00E+00
3.00E+00
2.97E+00
3.03E+00
2.96E+00
2.90E+00
2.90E+00
2.85E+00
2.88E+00
2.82E+00
2.85E+00
2.76E+00
2.74E+00
2.78E+00
2.71E+00
2.67E+00
2.64E+00
2.70E+00
2.69E+00
2.65E+00
2.60E+00
2.57E+00
2.59E+00
2.57E+00
2.52E+00
2.51E+00
2.52E+00
2.47E+00
2.42E+00
2.50E+00
2.40E+00
2.36E+00
2.35E+00
2.36E+00
2.49E+00
2.74E+00
2.89E+00
2.85E+00
2.85E+00
2.86E+00
2.86E+00
2.82E+00
2.82E+00
2.78E+00
2.81E+00
2.83E+00
2.78E+00
2.78E+00
2.84E+00
2.77E+00
2.77E+00
2.80E+00
2.75E+00
2.74E+00
2.70E+00
2.72E+00
2.70E+00
2.69E+00
2.73E+00
2.65E+00
2.60E+00
2.66E+00
2.72E+00
2.61E+00
2.67E+00
2.67E+00
2.55E+00
2.57E+00
2.56E+00
2.57E+00
2.52E+00
2.56E+00
2.58E+00
2.56E+00
2.57E+00
2.57E+00
2.51E+00
2.49E+00
2.49E+00
2.48E+00
2.45E+00
2.43E+00
2.47E+00
2.15E+00
1.96E+00
1.91E+00
1.88E+00
1.84E+00
1.85E+00
1.86E+00
1.83E+00
1.81E+00
1.76E+00
1.77E+00
1.75E+00
1.73E+00
1.69E+00
1.62E+00
1.66E+00
1.59E+00
1.66E+00
1.60E+00
1.56E+00
1.54E+00
1.53E+00
1.56E+00
1.49E+00
1.50E+00
1.47E+00
1.48E+00
1.44E+00
1.44E+00
1.43E+00
1.45E+00
1.43E+00
1.39E+00
1.35E+00
1.33E+00
1.35E+00
1.28E+00
1.31E+00
1.32E+00
1.28E+00
1.41E+00
1.38E+00
1.42E+00
1.35E+00
1.41E+00
1.19E+00
1.19E+00
1.17E+00
1.15E+00
1.12E+00
1.12E+00
1.12E+00
1.07E+00
1.06E+00
1.04E+00
1.01E+00
1.01E+00
9.80E-01
1.00E+00
9.50E-01
9.60E-01
9.40E-01
9.40E-01
9.20E-01
1.10E+00
1.34E+00
1.28E+00
1.32E+00
1.28E+00
1.28E+00
1.25E+00
1.26E+00
1.17E+00
1.26E+00
1.23E+00
1.22E+00
1.18E+00
1.20E+00
1.21E+00
1.14E+00
1.15E+00
1.10E+00
1.08E+00
1.10E+00
1.10E+00
1.11E+00
1.05E+00
1.10E+00
1.09E+00
1.03E+00
1.07E+00
1.04E+00
1.11E+00
1.03E+00
1.01E+00
9.90E-01
1.00E+00
9.90E-01
9.80E-01
9.80E-01
9.60E-01
9.60E-01
9.70E-01
9.50E-01
8.10E-01
4.10E-01
3.50E-01
3.00E-01
2.90E-01
3.00E-01
2.90E-01
3.30E-01
3.30E-01
3.00E-01
3.30E-01
3.30E-01
3.20E-01
3.10E-01
2.90E-01
3.40E-01
3.00E-01
3.20E-01
3.20E-01
3.60E-01
3.10E-01
3.40E-01
2.90E-01
3.30E-01
3.10E-01
3.00E-01
3.20E-01
3.10E-01
3.30E-01
2.90E-01
3.10E-01
3.30E-01
3.30E-01
3.00E-01
3.30E-01
2.90E-01
3.20E-01
3.10E-01
2.80E-01
2.90E-01
2.60E-01
