0.34
0.83
0.92
0.92
0.82
0.34
0.35
0.59
1.14
0.96
1.05
0.97
1.12
0.58
0.34
0.85
1.14
1.04
1.25
1.13
1.14
1.25
1.03
1.13
0.83
0.95
0.97
1.25
1.03
1.21
1.31
1.18
1.02
1.25
0.96
0.94
0.94
1.05
1.13
1.19
1.31
0.98
0.97
1.27
1.19
1.12
1.05
0.93
0.83
0.96
1.12
1.29
0.97
1
1.27
0.99
0.97
1.29
1.12
0.94
0.82
0.33
1.13
1.27
1.21
0.97
1.28
1.07
1.07
1.28
0.97
1.16
1.22
1.1
0.33
0.57
1.03
1.03
1.3
1.01
1.07
0.9
1.07
1
1.29
1.01
1.01
0.55
0.34
1.12
1.24
1.19
0.99
1.28
1.07
1.06
1.26
0.97
1.19
1.25
1.12
0.34
0.83
0.96
1.13
1.31
0.98
0.99
1.26
0.98
0.95
1.27
1.11
0.95
0.84
0.94
1.06
1.12
1.2
1.29
0.96
0.97
1.28
1.18
1.12
1.05
0.94
0.95
0.96
1.24
1.01
1.18
1.3
1.21
1.01
1.22
0.95
0.94
0.84
1.13
1.02
1.23
1.13
1.12
1.26
1.03
1.11
0.83
0.34
0.58
1.1
0.96
1.05
0.97
1.13
0.58
0.34
0.34
0.82
0.93
0.93
0.83
0.34
