0.38
0.9
0.98
0.98
0.89
0.38
0.38
0.64
1.21
0.99
1.06
0.99
1.19
0.62
0.38
0.9
1.21
1.05
1.22
1.08
1.1
1.22
1.05
1.19
0.89
0.99
0.99
1.22
1
1.13
1.16
1.12
0.99
1.22
0.99
0.98
0.98
1.06
1.09
1.12
1.24
0.94
0.94
1.2
1.12
1.07
1.06
0.97
0.89
0.99
1.08
1.14
0.94
0.98
1.27
0.97
0.94
1.14
1.08
0.97
0.88
0.37
1.2
1.24
1.14
0.94
1.29
1.07
1.06
1.28
0.94
1.09
1.2
1.18
0.37
0.62
1.05
1.01
1.24
0.99
1.07
0.91
1.07
0.98
1.23
1
1.04
0.61
0.38
1.2
1.22
1.12
0.95
1.29
1.07
1.06
1.27
0.94
1.12
1.23
1.2
0.38
0.89
0.99
1.09
1.16
0.95
0.98
1.27
0.97
0.92
1.14
1.08
0.98
0.9
0.99
1.06
1.08
1.13
1.23
0.93
0.94
1.22
1.11
1.08
1.06
0.99
0.99
0.99
1.22
0.99
1.12
1.16
1.14
0.98
1.2
0.98
0.99
0.9
1.2
1.04
1.2
1.09
1.07
1.22
1.04
1.18
0.89
0.38
0.63
1.18
0.98
1.06
0.99
1.2
0.63
0.38
0.38
0.89
0.98
0.98
0.89
0.38
