0.39
0.9
0.97
0.97
0.89
0.39
0.4
0.65
1.2
0.98
1.05
0.99
1.19
0.64
0.39
0.9
1.2
1.04
1.19
1.08
1.09
1.19
1.03
1.19
0.88
0.99
0.99
1.2
0.99
1.12
1.2
1.1
0.98
1.19
0.98
0.97
0.98
1.06
1.09
1.12
1.22
0.95
0.94
1.18
1.11
1.07
1.05
0.97
0.89
0.99
1.08
1.19
0.95
0.99
1.28
0.98
0.95
1.19
1.08
0.97
0.88
0.39
1.2
1.22
1.14
0.95
1.3
1.07
1.06
1.28
0.95
1.09
1.18
1.18
0.39
0.64
1.05
1.01
1.22
1
1.07
0.93
1.07
0.98
1.21
0.99
1.03
0.63
0.4
1.2
1.2
1.12
0.96
1.3
1.07
1.06
1.27
0.94
1.12
1.21
1.2
0.4
0.9
0.99
1.09
1.21
0.96
0.99
1.27
0.97
0.93
1.18
1.08
0.98
0.9
0.98
1.06
1.08
1.13
1.21
0.94
0.95
1.19
1.1
1.08
1.06
0.98
0.99
0.99
1.2
0.99
1.11
1.19
1.13
0.97
1.17
0.98
0.98
0.9
1.2
1.03
1.18
1.09
1.07
1.19
1.03
1.18
0.89
0.4
0.65
1.18
0.98
1.05
0.99
1.19
0.64
0.4
0.39
0.89
0.97
0.97
0.89
0.39
