2.16E+01
1.91E+00
8.40E-01
-1.90E+00
-1.16E+00
-1.48E+00
-1.49E+00
-1.31E+00
-1.48E+00
-1.34E+00
-1.04E+00
-1.31E+00
-4.90E-01
-3.00E-01
-9.10E-01
-9.50E-01
-9.40E-01
-8.60E-01
-7.10E-01
-9.10E-01
-9.40E-01
-8.20E-01
-4.30E-01
-9.80E-01
-1.06E+00
-3.90E-01
-4.10E-01
-5.30E-01
-4.40E-01
-8.20E-01
-1.40E+00
-7.00E-01
-1.02E+00
-8.50E-01
-1.07E+00
-1.11E+00
-7.30E-01
-1.29E+00
-1.43E+00
-2.28E+00
-1.66E+00
-1.35E+00
-1.02E+00
-1.54E+00
-1.13E+00
-1.36E+00
-1.21E+00
-1.31E+00
-1.22E+00
-1.11E+00
-1.44E+00
-2.10E+00
-1.71E+00
-1.31E+00
-1.54E+00
-1.31E+00
-1.61E+00
-2.00E+00
-2.07E+00
-1.50E+00
-1.50E+00
-1.40E+00
-1.40E+00
-1.44E+00
-1.68E+00
-2.28E+00
-2.45E+00
-1.92E+00
-1.96E+00
-2.06E+00
-1.64E+00
-1.71E+00
-2.07E+00
-1.82E+00
-1.79E+00
-1.92E+00
-2.19E+00
-2.25E+00
-2.48E+00
-1.89E+00
-2.33E+00
-2.21E+00
-2.24E+00
-2.25E+00
-1.89E+00
-2.10E+00
-2.06E+00
-2.34E+00
-2.18E+00
-2.37E+00
-2.39E+00
-2.25E+00
-2.45E+00
-1.98E+00
-2.31E+00
-2.37E+00
-2.33E+00
-2.29E+00
-2.70E+00
-2.77E+00
-2.18E+00
-2.27E+00
-1.90E+00
-2.65E+00
-2.38E+00
-2.50E+00
-2.85E+00
-2.54E+00
-2.49E+00
-2.38E+00
-2.44E+00
-2.65E+00
-3.00E+00
-2.78E+00
-2.49E+00
-2.65E+00
-2.56E+00
-3.00E+00
-3.05E+00
4.61E+01
3.31E+01
4.13E+01
3.95E+01
3.97E+01
3.95E+01
3.96E+01
3.97E+01
3.98E+01
0
0
2.77E+01
-2.69E+00
-3.27E+00
-3.22E+00
-3.88E+00
-3.68E+00
-3.83E+00
-3.52E+00
-3.15E+00
-3.63E+00
-2.94E+00
-2.87E+00
-3.15E+00
-3.51E+00
-3.24E+00
-3.81E+00
-2.88E+00
-3.56E+00
-3.52E+00
-3.47E+00
-3.66E+00
-3.23E+00
-3.22E+00
-3.64E+00
-3.37E+00
-3.50E+00
-3.34E+00
-3.12E+00
-3.16E+00
-3.40E+00
-3.36E+00
-2.67E+00
-3.22E+00
-3.39E+00
-3.60E+00
-3.34E+00
-3.84E+00
-3.14E+00
-3.76E+00
-3.49E+00
-3.33E+00
-3.23E+00
-3.62E+00
-3.52E+00
-3.60E+00
-3.40E+00
-3.07E+00
-3.15E+00
-3.41E+00
-2.99E+00
-3.41E+00
-3.83E+00
-3.62E+00
-3.46E+00
-3.50E+00
-3.29E+00
-3.07E+00
-3.04E+00
-3.17E+00
-3.44E+00
-3.30E+00
-3.25E+00
7.67E+00
-3.76E+00
-2.89E+00
-4.25E+00
-3.95E+00
-3.82E+00
-3.76E+00
-3.76E+00
-3.76E+00
-4.01E+00
-3.84E+00
-3.57E+00
-3.33E+00
-3.14E+00
-4.01E+00
-3.39E+00
-3.81E+00
-4.69E+00
-3.90E+00
-4.04E+00
-3.94E+00
-3.71E+00
-3.74E+00
-3.85E+00
-3.65E+00
-3.81E+00
-3.55E+00
-3.57E+00
-3.86E+00
-3.80E+00
-3.23E+00
-4.21E+00
-3.70E+00
-3.35E+00
-3.38E+00
-3.85E+00
-3.75E+00
-3.36E+00
-3.57E+00
-3.76E+00
-3.87E+00
-3.35E+00
-3.48E+00
-3.87E+00
-3.85E+00
-3.82E+00
-4.08E+00
-4.23E+00
-4.09E+00
-3.26E+00
-3.95E+00
-3.76E+00
-3.58E+00
-3.61E+00
-3.81E+00
-4.14E+00
-3.53E+00
-3.30E+00
-3.49E+00
-3.74E+00
-3.78E+00
-3.47E+00
-3.19E+00
-2.95E+00
-3.42E+00
-3.75E+00
-3.97E+00
-3.62E+00
-3.19E+00
-3.31E+00
-3.43E+00
-3.95E+00
-3.93E+00
-3.64E+00
-3.46E+00
-3.85E+00
-3.72E+00
-3.72E+00
-4.41E+00
-3.73E+00
-3.89E+00
-3.73E+00
-3.83E+00
-3.22E+00
-3.20E+00
6.52E+01
