8.67E+00
7.36E+00
6.37E+00
5.93E+00
5.74E+00
5.69E+00
5.64E+00
5.59E+00
5.46E+00
5.49E+00
5.50E+00
5.37E+00
5.46E+00
5.42E+00
5.40E+00
5.36E+00
5.34E+00
5.27E+00
5.21E+00
5.20E+00
5.25E+00
5.27E+00
5.15E+00
5.13E+00
5.12E+00
5.19E+00
5.12E+00
4.96E+00
5.03E+00
4.94E+00
4.94E+00
4.89E+00
4.98E+00
4.99E+00
4.86E+00
4.91E+00
4.81E+00
4.84E+00
4.75E+00
4.83E+00
4.77E+00
4.78E+00
4.75E+00
4.63E+00
4.59E+00
4.67E+00
4.59E+00
4.52E+00
4.56E+00
4.49E+00
4.53E+00
4.49E+00
4.51E+00
4.47E+00
4.43E+00
4.42E+00
4.34E+00
4.38E+00
4.43E+00
4.33E+00
4.37E+00
4.25E+00
4.24E+00
4.14E+00
4.26E+00
4.25E+00
4.25E+00
4.13E+00
4.16E+00
4.13E+00
4.08E+00
4.11E+00
4.06E+00
4.04E+00
3.99E+00
4.09E+00
3.96E+00
3.91E+00
3.88E+00
3.88E+00
3.84E+00
3.86E+00
3.88E+00
3.82E+00
3.80E+00
3.72E+00
3.77E+00
3.72E+00
3.63E+00
3.67E+00
3.67E+00
3.62E+00
3.55E+00
3.60E+00
3.57E+00
3.52E+00
3.55E+00
3.51E+00
3.44E+00
3.44E+00
3.40E+00
3.43E+00
3.35E+00
3.36E+00
3.35E+00
3.28E+00
3.28E+00
3.28E+00
3.31E+00
3.24E+00
3.21E+00
3.15E+00
3.13E+00
3.19E+00
3.15E+00
3.07E+00
3.07E+00
3.11E+00
3.04E+00
3.23E+00
5.41E+00
9.10E+00
9.13E+00
9.03E+00
8.99E+00
9.09E+00
9.13E+00
9.14E+00
9.04E+00
9.12E+00
6.20E+00
3.74E+00
3.04E+00
2.98E+00
2.94E+00
2.91E+00
2.90E+00
2.92E+00
2.85E+00
2.86E+00
2.88E+00
2.82E+00
2.75E+00
2.73E+00
2.72E+00
2.78E+00
2.71E+00
2.71E+00
2.67E+00
2.66E+00
2.62E+00
2.55E+00
2.56E+00
2.57E+00
2.52E+00
2.48E+00
2.53E+00
2.44E+00
2.46E+00
2.41E+00
2.32E+00
2.39E+00
2.31E+00
2.30E+00
2.28E+00
2.34E+00
2.34E+00
2.36E+00
2.25E+00
2.25E+00
2.24E+00
2.22E+00
2.18E+00
2.22E+00
2.12E+00
2.13E+00
2.16E+00
2.11E+00
2.06E+00
2.05E+00
2.07E+00
2.05E+00
1.95E+00
2.00E+00
1.90E+00
2.00E+00
1.91E+00
1.92E+00
1.85E+00
1.85E+00
1.85E+00
1.80E+00
2.16E+00
2.25E+00
1.84E+00
1.72E+00
1.67E+00
1.67E+00
1.62E+00
1.58E+00
1.56E+00
1.60E+00
1.57E+00
1.63E+00
1.56E+00
1.57E+00
1.48E+00
1.46E+00
1.43E+00
1.43E+00
1.47E+00
1.39E+00
1.35E+00
1.31E+00
1.35E+00
1.31E+00
1.36E+00
1.24E+00
1.29E+00
1.24E+00
1.27E+00
1.20E+00
1.17E+00
1.14E+00
1.12E+00
1.14E+00
1.11E+00
1.10E+00
1.10E+00
1.05E+00
1.05E+00
9.70E-01
9.90E-01
9.80E-01
9.40E-01
9.70E-01
9.00E-01
8.90E-01
8.60E-01
8.50E-01
8.20E-01
7.90E-01
7.70E-01
7.60E-01
7.30E-01
7.10E-01
6.80E-01
6.90E-01
6.70E-01
6.50E-01
6.50E-01
6.10E-01
5.60E-01
5.20E-01
5.30E-01
5.10E-01
5.20E-01
5.30E-01
4.00E-01
4.50E-01
3.90E-01
4.10E-01
3.70E-01
3.90E-01
3.20E-01
3.30E-01
3.20E-01
2.60E-01
3.50E-01
3.90E-01
3.30E-01
3.50E-01
3.20E-01
2.90E-01
2.80E-01
2.50E-01
2.90E-01
7.14E+00
