0.32
0.85
0.95
0.95
0.84
0.31
0.31
0.53
1.2
1.01
1.14
1
1.18
0.5
0.31
0.85
1.19
1.03
1.28
1.16
1.16
1.29
1.04
1.19
0.86
0.97
1.01
1.28
0.87
1.24
1.29
1.26
0.94
1.3
1.01
0.98
0.97
1.15
1.16
1.25
1.27
0.92
0.93
1.29
1.26
1.16
1.15
0.98
0.85
1
1.16
1.29
0.92
0.98
1.25
0.99
0.93
1.29
1.15
1.01
0.86
0.31
1.17
1.28
1.25
0.92
1.23
0.99
0.85
1.25
0.92
1.23
1.26
1.19
0.31
0.5
1.02
0.91
1.25
0.97
1
0.73
0.98
0.99
1.27
0.85
1.02
0.51
0.31
1.18
1.25
1.2
0.85
1.22
0.99
0.99
1.26
0.93
1.24
1.27
1.19
0.31
0.85
1
1.13
1.25
0.9
0.96
1.22
0.99
0.94
1.3
1.16
1.01
0.85
0.96
1.13
1.14
1.24
1.25
0.9
0.87
1.28
1.27
1.16
1.14
0.97
0.95
0.98
1.27
0.91
1.22
1.26
1.25
0.93
1.29
0.99
0.96
0.83
1.16
1.02
1.27
1.13
1.13
1.28
1.03
1.17
0.84
0.31
0.48
1.18
1
1.12
0.98
1.16
0.5
0.3
0.3
0.83
0.94
0.93
0.82
0.31
