0.36
0.9
0.99
0.99
0.89
0.35
0.35
0.58
1.22
1.01
1.11
1
1.19
0.54
0.35
0.91
1.22
1.03
1.22
1.1
1.1
1.22
1.02
1.2
0.91
1.01
1.01
1.23
0.85
1.17
1.2
1.18
0.91
1.23
1.01
1.01
1.01
1.13
1.11
1.18
1.21
0.92
0.93
1.22
1.18
1.11
1.13
1.01
0.91
1.01
1.11
1.2
0.91
1
1.32
1.02
0.93
1.2
1.1
1.01
0.91
0.36
1.2
1.23
1.18
0.92
1.29
1.04
0.91
1.32
0.92
1.17
1.21
1.2
0.35
0.55
1.02
0.89
1.2
1
1.04
0.79
1.03
1.01
1.21
0.84
1.02
0.56
0.35
1.21
1.21
1.15
0.86
1.29
1.03
1.03
1.31
0.93
1.17
1.21
1.2
0.35
0.91
1.01
1.09
1.19
0.91
0.99
1.28
1.01
0.93
1.21
1.1
1.01
0.89
1
1.12
1.1
1.18
1.2
0.9
0.87
1.22
1.19
1.1
1.12
1
0.99
1
1.23
0.9
1.16
1.19
1.18
0.91
1.23
1
0.99
0.89
1.2
1.03
1.22
1.09
1.08
1.22
1.03
1.19
0.89
0.35
0.53
1.21
1.01
1.11
0.99
1.19
0.55
0.34
0.34
0.89
0.98
0.98
0.88
0.35
