0.38
0.9
0.98
0.98
0.9
0.37
0.37
0.6
1.2
1.01
1.1
1
1.18
0.57
0.37
0.91
1.21
1.03
1.21
1.09
1.09
1.21
1.02
1.19
0.91
1
1.02
1.21
0.87
1.16
1.19
1.17
0.91
1.21
1.01
0.99
1.01
1.13
1.11
1.17
1.21
0.93
0.94
1.21
1.17
1.1
1.12
0.99
0.92
1.01
1.1
1.19
0.93
1.01
1.3
1.03
0.95
1.19
1.09
1.01
0.91
0.38
1.2
1.22
1.18
0.93
1.28
1.06
0.93
1.3
0.94
1.16
1.2
1.19
0.37
0.58
1.03
0.9
1.2
1.01
1.05
0.82
1.04
1.01
1.2
0.86
1.02
0.58
0.37
1.2
1.2
1.15
0.88
1.28
1.04
1.04
1.29
0.94
1.16
1.2
1.19
0.37
0.91
1.01
1.09
1.18
0.93
1
1.27
1.01
0.94
1.2
1.09
1
0.89
0.99
1.11
1.09
1.17
1.2
0.92
0.88
1.21
1.18
1.1
1.11
0.98
0.98
1
1.21
0.91
1.15
1.18
1.17
0.92
1.22
1
0.98
0.9
1.18
1.03
1.21
1.08
1.08
1.21
1.03
1.18
0.9
0.37
0.56
1.2
1.01
1.1
1
1.18
0.58
0.36
0.37
0.9
0.98
0.98
0.89
0.37
