-5.94446
-5.98926
-6.03776
-6.3862
-6.07928
-5.86809
-5.81858
-6.1672
-6.4969
-6.8563
-6.63238
-6.17436
-6.46918
-6.26978
-6.01277
-6.29683
-5.82153
-6.47238
-6.12318
-5.74899
-5.68567
-5.62686
-5.87472
-6.47133
-5.34285
-5.37503
-6.03207
-5.04648
-5.24276
-4.97412
-5.52607
-5.93605
-5.62843
-5.9537
-5.88748
-5.76513
-5.74559
-5.90441
-5.95214
-5.63338
-5.5844
-5.89956
-5.81597
-5.77059
-5.6126
-6.11392
-5.6423
-5.90914
-5.84632
-5.63322
-5.71656
-5.5393
-5.88685
-6.07632
-5.69293
-5.28836
-4.92575
-4.92324
-5.24217
-5.15388
-5.04092
-5.36402
-5.26469
-5.19955
-5.22091
-5.19587
-5.14994
-4.60288
-5.10872
-5.17697
-5.07706
-4.86412
-5.04346
-4.82871
-4.7148
-5.05619
-5.35387
-5.07768
-4.504
-4.43909
-4.28317
-5.20595
-5.17938
-4.78061
-4.91344
-4.8303
-4.95781
-4.64373
-3.99234
-5.08821
-4.82827
-4.5401
-4.61852
-5.04158
-5.36352
-5.10302
-4.48695
-4.44746
-5.03037
-4.79311
-4.36067
-4.35414
-4.52666
-4.14555
-4.2786
-4.13462
-3.9858
-4.0035
-3.90012
-3.76749
-3.979
-3.98789
-3.94529
-3.91577
-4.64359
-4.46776
-4.77173
-4.59216
-4.36639
-4.2962
-3.98178
-3.83976
-3.74866
-4.13141
-3.89457
-3.82109
-4.17283
-3.64439
-3.55155
-3.72375
-3.93829
-3.68708
-3.7485
-4.10985
-4.29924
-4.78704
-4.49637
-4.01683
-3.76086
-3.56974
-3.65353
-3.3516
-3.36726
-3.33382
-3.26537
-3.31539
-3.65398
-3.45129
-3.44367
-3.33914
-3.33969
-3.57944
-3.564
-3.50817
-3.10527
-3.32392
-3.3041
-3.41496
-3.30572
-3.10517
-3.1034
-3.26529
-3.25127
-3.44498
-3.53983
-3.15903
-2.98379
-3.11529
-3.00341
-2.68134
-1.68145
-4.40182
-4.81028
-3.30352
-2.86357
-3.58218
-3.80776
-3.07102
-2.8252
-3.05046
-3.51299
-3.15586
-2.71423
-3.40015
-3.47647
-3.26219
-2.56297
-2.58203
-2.96416
-3.18367
-2.82795
-2.57934
-2.9582
-2.54981
-2.89325
-3.13178
-3.01231
-2.90175
-2.6988
-2.49515
-2.37191
-2.44678
-2.87305
-2.80134
-2.41496
-2.68222
-2.5979
-2.61056
-2.42567
-2.73896
-2.73048
-2.64131
-2.00631
-2.43103
-2.57683
-2.57942
-2.2118
-2.32185
-2.15593
-2.70149
-2.60701
-3.15776
18.0418
-1.81635
-2.31093
-2.57701
-2.69233
-3.08137
-2.75183
-2.75883
-3.04936
-2.82607
-2.47284
-2.17436
-2.71853
-1.72386
-2.69684
-1.92104
-2.67047
-2.64557
-2.32919
-2.587
-1.9926
-1.68349
-2.15337
-2.25565
-2.00401
-2.25083
-2.03131
-2.06821
-2.20387
-2.3634
-2.38236
-1.81338
-1.32812
-1.8308
-2.18287
-1.42382
-2.16242
-3.14567
-1.81905
-0.0803843
0.734106
-1.49725
-0.750795
0.715138
2.52359
-0.516064
0.2694
1.41203
3.09074
0.0667001
1.27593
2.1656
3.44563
4.74167
2.33591
2.82817
4.07266
0.59184
2.33744
3.05257
4.62787
1.58041
2.44952
3.49748
4.11541
5.46654
6.46113
2.77548
4.29
5.35234
2.90873
-0.0210576
