8.11234
6.15746
6.00489
5.98583
5.97635
5.95341
5.94399
5.90745
6.1799
6.16884
6.14546
6.12458
6.09586
5.7466
5.6599
5.63376
5.95138
5.94385
5.92841
5.90505
5.89335
5.87825
5.86157
5.82672
5.82498
5.8099
5.60452
5.58234
5.57274
5.49186
5.45763
5.43945
5.37335
5.34651
5.33095
5.31498
5.28894
5.26468
5.23794
5.21922
5.2005
5.10276
5.07549
5.06061
5.04295
5.00423
4.98887
4.96873
4.94661
4.92882
4.89732
4.87342
4.80984
4.7928
4.76688
4.75406
4.7393
4.72164
4.6946
4.67522
4.66358
4.63992
4.61176
4.5832
4.56943
4.58727
4.55573
4.53535
4.52471
4.49427
4.46563
4.44328
4.41608
4.40314
4.38944
4.35928
4.32896
4.3181
4.3164
4.29752
4.27357
4.23487
4.21637
4.20539
4.18021
4.16673
4.12849
4.1127
4.0879
4.05162
4.0452
4.02018
3.99652
3.9675
4.23596
4.24246
4.23688
4.2283
4.1981
4.19418
4.18716
4.17406
3.97374
3.75694
3.72244
3.71598
3.7011
3.6759
3.65732
3.63981
3.60135
3.48367
3.46345
3.43229
3.39811
3.37897
3.34655
3.32831
3.30329
3.80841
3.85779
3.80705
3.26079
3.21069
3.18766
3.16524
3.1336
3.13368
3.1126
3.0906
3.06032
3.03734
3.0112
2.98124
3.24026
3.26536
2.93918
2.90283
2.88281
2.85843
2.83061
2.81625
2.79217
2.76775
2.74691
2.71783
2.6967
2.67662
2.65492
2.63474
2.61608
2.57952
2.5569
2.53778
2.51936
2.48862
2.47006
2.44856
2.42122
2.39677
2.37035
2.35563
2.34089
2.30787
2.27955
2.25961
2.23827
2.21363
2.19617
2.17461
2.60249
2.12575
2.07656
2.07368
2.04546
2.02416
2.0047
1.99348
1.96298
1.94268
1.91526
1.8984
1.8795
1.85528
1.81766
1.8016
1.78007
1.75561
1.73859
1.70447
1.68597
1.66581
1.79237
1.76541
1.60007
1.56651
1.54531
1.52355
1.50659
1.48821
1.46925
1.43952
1.42192
1.38528
1.36868
1.34282
1.32392
1.3028
1.2824
1.24556
1.21946
1.19388
1.19764
1.16538
1.13444
1.10626
1.08844
1.0714
1.04834
1.01198
0.997381
0.975361
1.70472
0.980142
0.909702
0.889702
0.855762
0.838621
0.818581
0.800461
0.770722
0.753062
0.731302
0.701642
0.678503
0.659284
0.622324
0.610164
0.582023
0.571383
0.550384
0.513464
0.513764
0.487164
0.445964
0.436464
0.408004
0.381664
0.351444
0.336584
0.310965
0.290245
0.266405
0.253665
0.234625
0.212525
0.189025
0.170965
0.156486
0.179626
0.160466
0.158206
0.173686
0.172646
0.169106
0.171507
0.176847
0.173828
0.165848
0.175408
0.175408
0.169988
0.176348
0.181509
0.182169
0.191309
0.184189
0.184289
0.19155
0.22329
0.195631
0.191751
0.194512
0.207632
0.202712
0.201393
0.196454
0.199594
0.209154
0.210414
0.211674
0.217055
0.220915
0.869523
